{"C:\\Users\\khoiv\\OneDrive\\Documents\\Code\\Makedown\\packages\\cli\\src\\commands.ts": {"path":"C:\\Users\\khoiv\\OneDrive\\Documents\\Code\\Makedown\\packages\\cli\\src\\commands.ts","all":false,"statementMap":{"0":{"start":{"line":1,"column":0},"end":{"line":1,"column":51}},"10":{"start":{"line":11,"column":0},"end":{"line":11,"column":42}},"12":{"start":{"line":13,"column":0},"end":{"line":13,"column":65}},"13":{"start":{"line":14,"column":0},"end":{"line":14,"column":33}},"14":{"start":{"line":15,"column":0},"end":{"line":15,"column":15}},"15":{"start":{"line":16,"column":0},"end":{"line":16,"column":33}},"16":{"start":{"line":17,"column":0},"end":{"line":17,"column":54}},"17":{"start":{"line":18,"column":0},"end":{"line":18,"column":42}},"18":{"start":{"line":19,"column":0},"end":{"line":19,"column":1}},"20":{"start":{"line":21,"column":0},"end":{"line":21,"column":64}},"21":{"start":{"line":22,"column":0},"end":{"line":22,"column":33}},"22":{"start":{"line":23,"column":0},"end":{"line":23,"column":15}},"23":{"start":{"line":24,"column":0},"end":{"line":24,"column":33}},"26":{"start":{"line":27,"column":0},"end":{"line":27,"column":54}},"27":{"start":{"line":28,"column":0},"end":{"line":28,"column":71}},"28":{"start":{"line":29,"column":0},"end":{"line":29,"column":42}},"29":{"start":{"line":30,"column":0},"end":{"line":30,"column":73}},"30":{"start":{"line":31,"column":0},"end":{"line":31,"column":4}},"32":{"start":{"line":33,"column":0},"end":{"line":33,"column":43}},"33":{"start":{"line":34,"column":0},"end":{"line":34,"column":93}},"34":{"start":{"line":35,"column":0},"end":{"line":35,"column":94}},"35":{"start":{"line":36,"column":0},"end":{"line":36,"column":105}},"36":{"start":{"line":37,"column":0},"end":{"line":37,"column":25}},"37":{"start":{"line":38,"column":0},"end":{"line":38,"column":11}},"38":{"start":{"line":39,"column":0},"end":{"line":39,"column":3}},"40":{"start":{"line":41,"column":0},"end":{"line":41,"column":73}},"41":{"start":{"line":42,"column":0},"end":{"line":42,"column":49}},"42":{"start":{"line":43,"column":0},"end":{"line":43,"column":1}},"44":{"start":{"line":45,"column":0},"end":{"line":45,"column":64}},"45":{"start":{"line":46,"column":0},"end":{"line":46,"column":33}},"46":{"start":{"line":47,"column":0},"end":{"line":47,"column":15}},"47":{"start":{"line":48,"column":0},"end":{"line":48,"column":33}},"48":{"start":{"line":49,"column":0},"end":{"line":49,"column":54}},"49":{"start":{"line":50,"column":0},"end":{"line":50,"column":41}},"50":{"start":{"line":51,"column":0},"end":{"line":51,"column":1}},"52":{"start":{"line":53,"column":0},"end":{"line":53,"column":76}},"53":{"start":{"line":54,"column":0},"end":{"line":54,"column":33}},"54":{"start":{"line":55,"column":0},"end":{"line":55,"column":15}},"55":{"start":{"line":56,"column":0},"end":{"line":56,"column":33}},"56":{"start":{"line":57,"column":0},"end":{"line":57,"column":31}},"57":{"start":{"line":58,"column":0},"end":{"line":58,"column":41}},"58":{"start":{"line":59,"column":0},"end":{"line":59,"column":55}},"59":{"start":{"line":60,"column":0},"end":{"line":60,"column":12}},"60":{"start":{"line":61,"column":0},"end":{"line":61,"column":57}},"61":{"start":{"line":62,"column":0},"end":{"line":62,"column":25}},"62":{"start":{"line":63,"column":0},"end":{"line":63,"column":11}},"63":{"start":{"line":64,"column":0},"end":{"line":64,"column":3}},"64":{"start":{"line":65,"column":0},"end":{"line":65,"column":59}},"65":{"start":{"line":66,"column":0},"end":{"line":66,"column":56}},"66":{"start":{"line":67,"column":0},"end":{"line":67,"column":36}},"67":{"start":{"line":68,"column":0},"end":{"line":68,"column":17}},"68":{"start":{"line":69,"column":0},"end":{"line":69,"column":31}},"69":{"start":{"line":70,"column":0},"end":{"line":70,"column":66}},"70":{"start":{"line":71,"column":0},"end":{"line":71,"column":18}},"72":{"start":{"line":73,"column":0},"end":{"line":73,"column":14}},"73":{"start":{"line":74,"column":0},"end":{"line":74,"column":14}},"74":{"start":{"line":75,"column":0},"end":{"line":75,"column":7}},"75":{"start":{"line":76,"column":0},"end":{"line":76,"column":13}},"76":{"start":{"line":77,"column":0},"end":{"line":77,"column":18}},"77":{"start":{"line":78,"column":0},"end":{"line":78,"column":24}},"78":{"start":{"line":79,"column":0},"end":{"line":79,"column":33}},"79":{"start":{"line":80,"column":0},"end":{"line":80,"column":42}},"80":{"start":{"line":81,"column":0},"end":{"line":81,"column":26}},"81":{"start":{"line":82,"column":0},"end":{"line":82,"column":16}},"82":{"start":{"line":83,"column":0},"end":{"line":83,"column":19}},"83":{"start":{"line":84,"column":0},"end":{"line":84,"column":8}},"84":{"start":{"line":85,"column":0},"end":{"line":85,"column":13}},"85":{"start":{"line":86,"column":0},"end":{"line":86,"column":6}},"86":{"start":{"line":87,"column":0},"end":{"line":87,"column":4}},"87":{"start":{"line":88,"column":0},"end":{"line":88,"column":1}},"89":{"start":{"line":90,"column":0},"end":{"line":90,"column":79}},"90":{"start":{"line":91,"column":0},"end":{"line":91,"column":33}},"91":{"start":{"line":92,"column":0},"end":{"line":92,"column":15}},"92":{"start":{"line":93,"column":0},"end":{"line":93,"column":33}},"93":{"start":{"line":94,"column":0},"end":{"line":94,"column":77}},"95":{"start":{"line":96,"column":0},"end":{"line":96,"column":29}},"96":{"start":{"line":97,"column":0},"end":{"line":97,"column":46}},"97":{"start":{"line":98,"column":0},"end":{"line":98,"column":24}},"98":{"start":{"line":99,"column":0},"end":{"line":99,"column":20}},"99":{"start":{"line":100,"column":0},"end":{"line":100,"column":3}},"100":{"start":{"line":101,"column":0},"end":{"line":101,"column":51}},"101":{"start":{"line":102,"column":0},"end":{"line":102,"column":22}},"103":{"start":{"line":104,"column":0},"end":{"line":104,"column":54}},"104":{"start":{"line":105,"column":0},"end":{"line":105,"column":93}},"105":{"start":{"line":106,"column":0},"end":{"line":106,"column":1}},"107":{"start":{"line":108,"column":0},"end":{"line":108,"column":63}},"108":{"start":{"line":109,"column":0},"end":{"line":109,"column":33}},"109":{"start":{"line":110,"column":0},"end":{"line":110,"column":15}},"110":{"start":{"line":111,"column":0},"end":{"line":111,"column":33}},"111":{"start":{"line":112,"column":0},"end":{"line":112,"column":62}},"112":{"start":{"line":113,"column":0},"end":{"line":113,"column":40}},"113":{"start":{"line":114,"column":0},"end":{"line":114,"column":1}},"115":{"start":{"line":116,"column":0},"end":{"line":116,"column":63}},"116":{"start":{"line":117,"column":0},"end":{"line":117,"column":33}},"117":{"start":{"line":118,"column":0},"end":{"line":118,"column":15}},"118":{"start":{"line":119,"column":0},"end":{"line":119,"column":57}},"119":{"start":{"line":120,"column":0},"end":{"line":120,"column":18}},"120":{"start":{"line":121,"column":0},"end":{"line":121,"column":37}},"121":{"start":{"line":122,"column":0},"end":{"line":122,"column":67}},"122":{"start":{"line":123,"column":0},"end":{"line":123,"column":11}},"123":{"start":{"line":124,"column":0},"end":{"line":124,"column":4}},"124":{"start":{"line":125,"column":0},"end":{"line":125,"column":66}},"125":{"start":{"line":126,"column":0},"end":{"line":126,"column":72}},"126":{"start":{"line":127,"column":0},"end":{"line":127,"column":89}},"127":{"start":{"line":128,"column":0},"end":{"line":128,"column":1}},"129":{"start":{"line":130,"column":0},"end":{"line":130,"column":28}}},"s":{"0":1,"10":1,"12":1,"13":1,"14":1,"15":1,"16":1,"17":1,"18":1,"20":1,"21":1,"22":1,"23":1,"26":1,"27":1,"28":1,"29":1,"30":1,"32":1,"33":1,"34":1,"35":1,"36":1,"37":1,"38":1,"40":0,"41":0,"42":0,"44":1,"45":1,"46":1,"47":1,"48":1,"49":1,"50":1,"52":2,"53":2,"54":2,"55":2,"56":2,"57":2,"58":2,"59":2,"60":1,"61":1,"62":1,"63":1,"64":1,"65":1,"66":1,"67":1,"68":1,"69":0,"70":1,"72":2,"73":2,"74":2,"75":2,"76":2,"77":2,"78":2,"79":2,"80":2,"81":2,"82":2,"83":2,"84":2,"85":2,"86":2,"87":2,"89":1,"90":1,"91":1,"92":1,"93":1,"95":1,"96":0,"97":0,"98":0,"99":0,"100":1,"101":1,"103":1,"104":1,"105":1,"107":1,"108":1,"109":1,"110":1,"111":1,"112":1,"113":1,"115":7,"116":7,"117":7,"118":7,"119":7,"120":7,"121":7,"122":7,"123":7,"124":7,"125":7,"126":7,"127":7,"129":1},"branchMap":{"0":{"type":"branch","line":13,"loc":{"start":{"line":13,"column":0},"end":{"line":19,"column":1}},"locations":[{"start":{"line":13,"column":0},"end":{"line":19,"column":1}}]},"1":{"type":"branch","line":21,"loc":{"start":{"line":21,"column":0},"end":{"line":43,"column":1}},"locations":[{"start":{"line":21,"column":0},"end":{"line":43,"column":1}}]},"2":{"type":"branch","line":39,"loc":{"start":{"line":39,"column":2},"end":{"line":43,"column":1}},"locations":[{"start":{"line":39,"column":2},"end":{"line":43,"column":1}}]},"3":{"type":"branch","line":28,"loc":{"start":{"line":28,"column":41},"end":{"line":28,"column":68}},"locations":[{"start":{"line":28,"column":41},"end":{"line":28,"column":68}}]},"4":{"type":"branch","line":30,"loc":{"start":{"line":30,"column":4},"end":{"line":30,"column":73}},"locations":[{"start":{"line":30,"column":4},"end":{"line":30,"column":73}}]},"5":{"type":"branch","line":45,"loc":{"start":{"line":45,"column":0},"end":{"line":51,"column":1}},"locations":[{"start":{"line":45,"column":0},"end":{"line":51,"column":1}}]},"6":{"type":"branch","line":53,"loc":{"start":{"line":53,"column":0},"end":{"line":88,"column":1}},"locations":[{"start":{"line":53,"column":0},"end":{"line":88,"column":1}}]},"7":{"type":"branch","line":60,"loc":{"start":{"line":60,"column":11},"end":{"line":69,"column":31}},"locations":[{"start":{"line":60,"column":11},"end":{"line":69,"column":31}}]},"8":{"type":"branch","line":69,"loc":{"start":{"line":69,"column":19},"end":{"line":70,"column":66}},"locations":[{"start":{"line":69,"column":19},"end":{"line":70,"column":66}}]},"9":{"type":"branch","line":70,"loc":{"start":{"line":70,"column":65},"end":{"line":71,"column":18}},"locations":[{"start":{"line":70,"column":65},"end":{"line":71,"column":18}}]},"10":{"type":"branch","line":59,"loc":{"start":{"line":59,"column":31},"end":{"line":59,"column":53}},"locations":[{"start":{"line":59,"column":31},"end":{"line":59,"column":53}}]},"11":{"type":"branch","line":65,"loc":{"start":{"line":65,"column":34},"end":{"line":65,"column":56}},"locations":[{"start":{"line":65,"column":34},"end":{"line":65,"column":56}}]},"12":{"type":"branch","line":90,"loc":{"start":{"line":90,"column":0},"end":{"line":106,"column":1}},"locations":[{"start":{"line":90,"column":0},"end":{"line":106,"column":1}}]},"13":{"type":"branch","line":96,"loc":{"start":{"line":96,"column":28},"end":{"line":100,"column":3}},"locations":[{"start":{"line":96,"column":28},"end":{"line":100,"column":3}}]},"14":{"type":"branch","line":104,"loc":{"start":{"line":104,"column":17},"end":{"line":104,"column":35}},"locations":[{"start":{"line":104,"column":17},"end":{"line":104,"column":35}}]},"15":{"type":"branch","line":108,"loc":{"start":{"line":108,"column":0},"end":{"line":114,"column":1}},"locations":[{"start":{"line":108,"column":0},"end":{"line":114,"column":1}}]},"16":{"type":"branch","line":116,"loc":{"start":{"line":116,"column":0},"end":{"line":128,"column":1}},"locations":[{"start":{"line":116,"column":0},"end":{"line":128,"column":1}}]}},"b":{"0":[1],"1":[1],"2":[0],"3":[1],"4":[1],"5":[1],"6":[2],"7":[1],"8":[0],"9":[1],"10":[2],"11":[1],"12":[1],"13":[0],"14":[0],"15":[1],"16":[7]},"fnMap":{"0":{"name":"cmdStatus","decl":{"start":{"line":13,"column":0},"end":{"line":19,"column":1}},"loc":{"start":{"line":13,"column":0},"end":{"line":19,"column":1}},"line":13},"1":{"name":"cmdBuild","decl":{"start":{"line":21,"column":0},"end":{"line":43,"column":1}},"loc":{"start":{"line":21,"column":0},"end":{"line":43,"column":1}},"line":21},"2":{"name":"cmdGraph","decl":{"start":{"line":45,"column":0},"end":{"line":51,"column":1}},"loc":{"start":{"line":45,"column":0},"end":{"line":51,"column":1}},"line":45},"3":{"name":"cmdWhy","decl":{"start":{"line":53,"column":0},"end":{"line":88,"column":1}},"loc":{"start":{"line":53,"column":0},"end":{"line":88,"column":1}},"line":53},"4":{"name":"cmdRender","decl":{"start":{"line":90,"column":0},"end":{"line":106,"column":1}},"loc":{"start":{"line":90,"column":0},"end":{"line":106,"column":1}},"line":90},"5":{"name":"cmdCost","decl":{"start":{"line":108,"column":0},"end":{"line":114,"column":1}},"loc":{"start":{"line":108,"column":0},"end":{"line":114,"column":1}},"line":108},"6":{"name":"cmdInit","decl":{"start":{"line":116,"column":0},"end":{"line":128,"column":1}},"loc":{"start":{"line":116,"column":0},"end":{"line":128,"column":1}},"line":116}},"f":{"0":1,"1":1,"2":1,"3":2,"4":1,"5":1,"6":7}}
,"C:\\Users\\khoiv\\OneDrive\\Documents\\Code\\Makedown\\packages\\cli\\src\\env.ts": {"path":"C:\\Users\\khoiv\\OneDrive\\Documents\\Code\\Makedown\\packages\\cli\\src\\env.ts","all":false,"statementMap":{"0":{"start":{"line":1,"column":0},"end":{"line":1,"column":80}},"8":{"start":{"line":9,"column":0},"end":{"line":9,"column":44}},"9":{"start":{"line":10,"column":0},"end":{"line":10,"column":7}},"10":{"start":{"line":11,"column":0},"end":{"line":11,"column":43}},"11":{"start":{"line":12,"column":0},"end":{"line":12,"column":11}},"13":{"start":{"line":14,"column":0},"end":{"line":14,"column":3}},"14":{"start":{"line":15,"column":0},"end":{"line":15,"column":1}}},"s":{"0":1,"8":1,"9":14,"10":14,"11":14,"13":14,"14":14},"branchMap":{"0":{"type":"branch","line":9,"loc":{"start":{"line":9,"column":7},"end":{"line":15,"column":1}},"locations":[{"start":{"line":9,"column":7},"end":{"line":15,"column":1}}]}},"b":{"0":[14]},"fnMap":{"0":{"name":"loadEnv","decl":{"start":{"line":9,"column":7},"end":{"line":15,"column":1}},"loc":{"start":{"line":9,"column":7},"end":{"line":15,"column":1}},"line":9}},"f":{"0":14}}
,"C:\\Users\\khoiv\\OneDrive\\Documents\\Code\\Makedown\\packages\\cli\\src\\format.ts": {"path":"C:\\Users\\khoiv\\OneDrive\\Documents\\Code\\Makedown\\packages\\cli\\src\\format.ts","all":false,"statementMap":{"8":{"start":{"line":9,"column":0},"end":{"line":9,"column":14}},"9":{"start":{"line":10,"column":0},"end":{"line":10,"column":10}},"10":{"start":{"line":11,"column":0},"end":{"line":11,"column":9}},"11":{"start":{"line":12,"column":0},"end":{"line":12,"column":10}},"12":{"start":{"line":13,"column":0},"end":{"line":13,"column":12}},"13":{"start":{"line":14,"column":0},"end":{"line":14,"column":13}},"14":{"start":{"line":15,"column":0},"end":{"line":15,"column":11}},"15":{"start":{"line":16,"column":0},"end":{"line":16,"column":14}},"16":{"start":{"line":17,"column":0},"end":{"line":17,"column":11}},"17":{"start":{"line":18,"column":0},"end":{"line":18,"column":11}},"18":{"start":{"line":19,"column":0},"end":{"line":19,"column":11}},"27":{"start":{"line":28,"column":0},"end":{"line":28,"column":29}},"28":{"start":{"line":29,"column":0},"end":{"line":29,"column":30}},"29":{"start":{"line":30,"column":0},"end":{"line":30,"column":49}},"30":{"start":{"line":31,"column":0},"end":{"line":31,"column":12}},"31":{"start":{"line":32,"column":0},"end":{"line":32,"column":76}},"32":{"start":{"line":33,"column":0},"end":{"line":33,"column":47}},"33":{"start":{"line":34,"column":0},"end":{"line":34,"column":40}},"34":{"start":{"line":35,"column":0},"end":{"line":35,"column":15}},"35":{"start":{"line":36,"column":0},"end":{"line":36,"column":1}},"42":{"start":{"line":43,"column":0},"end":{"line":43,"column":54}},"43":{"start":{"line":44,"column":0},"end":{"line":44,"column":51}},"44":{"start":{"line":45,"column":0},"end":{"line":45,"column":52}},"45":{"start":{"line":46,"column":0},"end":{"line":46,"column":91}},"46":{"start":{"line":47,"column":0},"end":{"line":47,"column":3}},"47":{"start":{"line":48,"column":0},"end":{"line":48,"column":23}},"48":{"start":{"line":49,"column":0},"end":{"line":49,"column":1}},"50":{"start":{"line":51,"column":0},"end":{"line":51,"column":34}},"53":{"start":{"line":54,"column":0},"end":{"line":54,"column":53}},"54":{"start":{"line":55,"column":0},"end":{"line":55,"column":42}},"55":{"start":{"line":56,"column":0},"end":{"line":56,"column":1}},"58":{"start":{"line":59,"column":0},"end":{"line":59,"column":62}},"59":{"start":{"line":60,"column":0},"end":{"line":60,"column":42}},"60":{"start":{"line":61,"column":0},"end":{"line":61,"column":49}},"61":{"start":{"line":62,"column":0},"end":{"line":62,"column":1}},"64":{"start":{"line":65,"column":0},"end":{"line":65,"column":63}},"65":{"start":{"line":66,"column":0},"end":{"line":66,"column":39}},"66":{"start":{"line":67,"column":0},"end":{"line":67,"column":35}},"67":{"start":{"line":68,"column":0},"end":{"line":68,"column":37}},"68":{"start":{"line":69,"column":0},"end":{"line":69,"column":33}},"69":{"start":{"line":70,"column":0},"end":{"line":70,"column":1}},"72":{"start":{"line":73,"column":0},"end":{"line":73,"column":53}},"73":{"start":{"line":74,"column":0},"end":{"line":74,"column":41}},"74":{"start":{"line":75,"column":0},"end":{"line":75,"column":85}},"75":{"start":{"line":76,"column":0},"end":{"line":76,"column":46}},"76":{"start":{"line":77,"column":0},"end":{"line":77,"column":1}}},"s":{"8":1,"9":1,"10":1,"11":1,"12":1,"13":1,"14":1,"15":1,"16":1,"17":1,"18":1,"27":1,"28":6,"29":6,"30":6,"31":6,"32":6,"33":6,"34":3,"35":3,"42":1,"43":6,"44":6,"45":54,"46":54,"47":6,"48":6,"50":1,"53":1,"54":63,"55":63,"58":1,"59":61,"60":61,"61":61,"64":1,"65":11,"66":11,"67":11,"68":6,"69":6,"72":1,"73":10,"74":7,"75":1,"76":1},"branchMap":{"0":{"type":"branch","line":28,"loc":{"start":{"line":28,"column":7},"end":{"line":36,"column":1}},"locations":[{"start":{"line":28,"column":7},"end":{"line":36,"column":1}}]},"1":{"type":"branch","line":32,"loc":{"start":{"line":32,"column":26},"end":{"line":32,"column":64}},"locations":[{"start":{"line":32,"column":26},"end":{"line":32,"column":64}}]},"2":{"type":"branch","line":32,"loc":{"start":{"line":32,"column":64},"end":{"line":32,"column":76}},"locations":[{"start":{"line":32,"column":64},"end":{"line":32,"column":76}}]},"3":{"type":"branch","line":32,"loc":{"start":{"line":32,"column":71},"end":{"line":33,"column":41}},"locations":[{"start":{"line":32,"column":71},"end":{"line":33,"column":41}}]},"4":{"type":"branch","line":33,"loc":{"start":{"line":33,"column":34},"end":{"line":33,"column":47}},"locations":[{"start":{"line":33,"column":34},"end":{"line":33,"column":47}}]},"5":{"type":"branch","line":33,"loc":{"start":{"line":33,"column":41},"end":{"line":34,"column":34}},"locations":[{"start":{"line":33,"column":41},"end":{"line":34,"column":34}}]},"6":{"type":"branch","line":34,"loc":{"start":{"line":34,"column":27},"end":{"line":34,"column":40}},"locations":[{"start":{"line":34,"column":27},"end":{"line":34,"column":40}}]},"7":{"type":"branch","line":34,"loc":{"start":{"line":34,"column":34},"end":{"line":36,"column":1}},"locations":[{"start":{"line":34,"column":34},"end":{"line":36,"column":1}}]},"8":{"type":"branch","line":43,"loc":{"start":{"line":43,"column":7},"end":{"line":49,"column":1}},"locations":[{"start":{"line":43,"column":7},"end":{"line":49,"column":1}}]},"9":{"type":"branch","line":45,"loc":{"start":{"line":45,"column":51},"end":{"line":47,"column":3}},"locations":[{"start":{"line":45,"column":51},"end":{"line":47,"column":3}}]},"10":{"type":"branch","line":46,"loc":{"start":{"line":46,"column":16},"end":{"line":46,"column":91}},"locations":[{"start":{"line":46,"column":16},"end":{"line":46,"column":91}}]},"11":{"type":"branch","line":46,"loc":{"start":{"line":46,"column":43},"end":{"line":46,"column":85}},"locations":[{"start":{"line":46,"column":43},"end":{"line":46,"column":85}}]},"12":{"type":"branch","line":46,"loc":{"start":{"line":46,"column":73},"end":{"line":46,"column":91}},"locations":[{"start":{"line":46,"column":73},"end":{"line":46,"column":91}}]},"13":{"type":"branch","line":54,"loc":{"start":{"line":54,"column":7},"end":{"line":56,"column":1}},"locations":[{"start":{"line":54,"column":7},"end":{"line":56,"column":1}}]},"14":{"type":"branch","line":59,"loc":{"start":{"line":59,"column":7},"end":{"line":62,"column":1}},"locations":[{"start":{"line":59,"column":7},"end":{"line":62,"column":1}}]},"15":{"type":"branch","line":61,"loc":{"start":{"line":61,"column":15},"end":{"line":61,"column":44}},"locations":[{"start":{"line":61,"column":15},"end":{"line":61,"column":44}}]},"16":{"type":"branch","line":61,"loc":{"start":{"line":61,"column":40},"end":{"line":61,"column":49}},"locations":[{"start":{"line":61,"column":40},"end":{"line":61,"column":49}}]},"17":{"type":"branch","line":65,"loc":{"start":{"line":65,"column":7},"end":{"line":70,"column":1}},"locations":[{"start":{"line":65,"column":7},"end":{"line":70,"column":1}}]},"18":{"type":"branch","line":66,"loc":{"start":{"line":66,"column":28},"end":{"line":66,"column":39}},"locations":[{"start":{"line":66,"column":28},"end":{"line":66,"column":39}}]},"19":{"type":"branch","line":66,"loc":{"start":{"line":66,"column":35},"end":{"line":67,"column":27}},"locations":[{"start":{"line":66,"column":35},"end":{"line":67,"column":27}}]},"20":{"type":"branch","line":67,"loc":{"start":{"line":67,"column":20},"end":{"line":67,"column":35}},"locations":[{"start":{"line":67,"column":20},"end":{"line":67,"column":35}}]},"21":{"type":"branch","line":67,"loc":{"start":{"line":67,"column":27},"end":{"line":68,"column":28}},"locations":[{"start":{"line":67,"column":27},"end":{"line":68,"column":28}}]},"22":{"type":"branch","line":68,"loc":{"start":{"line":68,"column":21},"end":{"line":70,"column":1}},"locations":[{"start":{"line":68,"column":21},"end":{"line":70,"column":1}}]},"23":{"type":"branch","line":68,"loc":{"start":{"line":68,"column":21},"end":{"line":68,"column":37}},"locations":[{"start":{"line":68,"column":21},"end":{"line":68,"column":37}}]},"24":{"type":"branch","line":68,"loc":{"start":{"line":68,"column":28},"end":{"line":70,"column":1}},"locations":[{"start":{"line":68,"column":28},"end":{"line":70,"column":1}}]},"25":{"type":"branch","line":73,"loc":{"start":{"line":73,"column":7},"end":{"line":77,"column":1}},"locations":[{"start":{"line":73,"column":7},"end":{"line":77,"column":1}}]},"26":{"type":"branch","line":74,"loc":{"start":{"line":74,"column":20},"end":{"line":75,"column":85}},"locations":[{"start":{"line":74,"column":20},"end":{"line":75,"column":85}}]},"27":{"type":"branch","line":74,"loc":{"start":{"line":74,"column":20},"end":{"line":74,"column":41}},"locations":[{"start":{"line":74,"column":20},"end":{"line":74,"column":41}}]},"28":{"type":"branch","line":74,"loc":{"start":{"line":74,"column":39},"end":{"line":75,"column":32}},"locations":[{"start":{"line":74,"column":39},"end":{"line":75,"column":32}}]},"29":{"type":"branch","line":75,"loc":{"start":{"line":75,"column":25},"end":{"line":75,"column":85}},"locations":[{"start":{"line":75,"column":25},"end":{"line":75,"column":85}}]},"30":{"type":"branch","line":75,"loc":{"start":{"line":75,"column":66},"end":{"line":75,"column":79}},"locations":[{"start":{"line":75,"column":66},"end":{"line":75,"column":79}}]},"31":{"type":"branch","line":75,"loc":{"start":{"line":75,"column":75},"end":{"line":75,"column":80}},"locations":[{"start":{"line":75,"column":75},"end":{"line":75,"column":80}}]},"32":{"type":"branch","line":75,"loc":{"start":{"line":75,"column":81},"end":{"line":77,"column":1}},"locations":[{"start":{"line":75,"column":81},"end":{"line":77,"column":1}}]}},"b":{"0":[6],"1":[1],"2":[1],"3":[5],"4":[1],"5":[4],"6":[1],"7":[3],"8":[6],"9":[54],"10":[113],"11":[3],"12":[110],"13":[63],"14":[61],"15":[56],"16":[5],"17":[11],"18":[2],"19":[9],"20":[2],"21":[7],"22":[8],"23":[1],"24":[6],"25":[10],"26":[7],"27":[4],"28":[6],"29":[5],"30":[3],"31":[2],"32":[1]},"fnMap":{"0":{"name":"colorEnabled","decl":{"start":{"line":28,"column":7},"end":{"line":36,"column":1}},"loc":{"start":{"line":28,"column":7},"end":{"line":36,"column":1}},"line":28},"1":{"name":"makeStyler","decl":{"start":{"line":43,"column":7},"end":{"line":49,"column":1}},"loc":{"start":{"line":43,"column":7},"end":{"line":49,"column":1}},"line":43},"2":{"name":"out.<computed>","decl":{"start":{"line":46,"column":16},"end":{"line":46,"column":91}},"loc":{"start":{"line":46,"column":16},"end":{"line":46,"column":91}},"line":46},"3":{"name":"visibleLength","decl":{"start":{"line":54,"column":7},"end":{"line":56,"column":1}},"loc":{"start":{"line":54,"column":7},"end":{"line":56,"column":1}},"line":54},"4":{"name":"padCell","decl":{"start":{"line":59,"column":7},"end":{"line":62,"column":1}},"loc":{"start":{"line":59,"column":7},"end":{"line":62,"column":1}},"line":59},"5":{"name":"formatUsd","decl":{"start":{"line":65,"column":7},"end":{"line":70,"column":1}},"loc":{"start":{"line":65,"column":7},"end":{"line":70,"column":1}},"line":65},"6":{"name":"formatTokens","decl":{"start":{"line":73,"column":7},"end":{"line":77,"column":1}},"loc":{"start":{"line":73,"column":7},"end":{"line":77,"column":1}},"line":73}},"f":{"0":6,"1":6,"2":113,"3":63,"4":61,"5":11,"6":10}}
,"C:\\Users\\khoiv\\OneDrive\\Documents\\Code\\Makedown\\packages\\cli\\src\\index.ts": {"path":"C:\\Users\\khoiv\\OneDrive\\Documents\\Code\\Makedown\\packages\\cli\\src\\index.ts","all":true,"statementMap":{"0":{"start":{"line":1,"column":0},"end":{"line":1,"column":19}},"2":{"start":{"line":3,"column":0},"end":{"line":3,"column":36}},"11":{"start":{"line":12,"column":0},"end":{"line":12,"column":23}},"13":{"start":{"line":14,"column":0},"end":{"line":14,"column":30}},"15":{"start":{"line":16,"column":0},"end":{"line":16,"column":7}},"16":{"start":{"line":17,"column":0},"end":{"line":17,"column":13}},"17":{"start":{"line":18,"column":0},"end":{"line":18,"column":95}},"18":{"start":{"line":19,"column":0},"end":{"line":19,"column":20}},"20":{"start":{"line":21,"column":0},"end":{"line":21,"column":7}},"21":{"start":{"line":22,"column":0},"end":{"line":22,"column":18}},"22":{"start":{"line":23,"column":0},"end":{"line":23,"column":67}},"23":{"start":{"line":24,"column":0},"end":{"line":24,"column":43}},"24":{"start":{"line":25,"column":0},"end":{"line":25,"column":19}},"26":{"start":{"line":27,"column":0},"end":{"line":27,"column":7}},"27":{"start":{"line":28,"column":0},"end":{"line":28,"column":20}},"28":{"start":{"line":29,"column":0},"end":{"line":29,"column":54}},"29":{"start":{"line":30,"column":0},"end":{"line":30,"column":43}},"30":{"start":{"line":31,"column":0},"end":{"line":31,"column":21}},"32":{"start":{"line":33,"column":0},"end":{"line":33,"column":7}},"33":{"start":{"line":34,"column":0},"end":{"line":34,"column":19}},"34":{"start":{"line":35,"column":0},"end":{"line":35,"column":68}},"35":{"start":{"line":36,"column":0},"end":{"line":36,"column":43}},"36":{"start":{"line":37,"column":0},"end":{"line":37,"column":20}},"38":{"start":{"line":39,"column":0},"end":{"line":39,"column":7}},"39":{"start":{"line":40,"column":0},"end":{"line":40,"column":19}},"40":{"start":{"line":41,"column":0},"end":{"line":41,"column":58}},"41":{"start":{"line":42,"column":0},"end":{"line":42,"column":43}},"42":{"start":{"line":43,"column":0},"end":{"line":43,"column":20}},"44":{"start":{"line":45,"column":0},"end":{"line":45,"column":7}},"45":{"start":{"line":46,"column":0},"end":{"line":46,"column":20}},"46":{"start":{"line":47,"column":0},"end":{"line":47,"column":90}},"47":{"start":{"line":48,"column":0},"end":{"line":48,"column":38}},"48":{"start":{"line":49,"column":0},"end":{"line":49,"column":43}},"49":{"start":{"line":50,"column":0},"end":{"line":50,"column":21}},"51":{"start":{"line":52,"column":0},"end":{"line":52,"column":7}},"52":{"start":{"line":53,"column":0},"end":{"line":53,"column":17}},"53":{"start":{"line":54,"column":0},"end":{"line":54,"column":62}},"54":{"start":{"line":55,"column":0},"end":{"line":55,"column":38}},"55":{"start":{"line":56,"column":0},"end":{"line":56,"column":43}},"56":{"start":{"line":57,"column":0},"end":{"line":57,"column":18}},"58":{"start":{"line":59,"column":0},"end":{"line":59,"column":7}},"59":{"start":{"line":60,"column":0},"end":{"line":60,"column":18}},"60":{"start":{"line":61,"column":0},"end":{"line":61,"column":59}},"61":{"start":{"line":62,"column":0},"end":{"line":62,"column":43}},"62":{"start":{"line":63,"column":0},"end":{"line":63,"column":19}},"64":{"start":{"line":65,"column":0},"end":{"line":65,"column":46}},"65":{"start":{"line":66,"column":0},"end":{"line":66,"column":66}},"66":{"start":{"line":67,"column":0},"end":{"line":67,"column":23}},"67":{"start":{"line":68,"column":0},"end":{"line":68,"column":3}}},"s":{"0":0,"2":0,"11":0,"13":0,"15":0,"16":0,"17":0,"18":0,"20":0,"21":0,"22":0,"23":0,"24":0,"26":0,"27":0,"28":0,"29":0,"30":0,"32":0,"33":0,"34":0,"35":0,"36":0,"38":0,"39":0,"40":0,"41":0,"42":0,"44":0,"45":0,"46":0,"47":0,"48":0,"49":0,"51":0,"52":0,"53":0,"54":0,"55":0,"56":0,"58":0,"59":0,"60":0,"61":0,"62":0,"64":0,"65":0,"66":0,"67":0},"branchMap":{"0":{"type":"branch","line":1,"loc":{"start":{"line":1,"column":0},"end":{"line":68,"column":-142}},"locations":[{"start":{"line":1,"column":0},"end":{"line":68,"column":-142}}]}},"b":{"0":[0]},"fnMap":{"0":{"name":"(empty-report)","decl":{"start":{"line":1,"column":0},"end":{"line":68,"column":-142}},"loc":{"start":{"line":1,"column":0},"end":{"line":68,"column":-142}},"line":1}},"f":{"0":0}}
,"C:\\Users\\khoiv\\OneDrive\\Documents\\Code\\Makedown\\packages\\cli\\src\\render.ts": {"path":"C:\\Users\\khoiv\\OneDrive\\Documents\\Code\\Makedown\\packages\\cli\\src\\render.ts","all":false,"statementMap":{"0":{"start":{"line":1,"column":0},"end":{"line":1,"column":3}},"9":{"start":{"line":10,"column":0},"end":{"line":10,"column":17}},"11":{"start":{"line":12,"column":0},"end":{"line":12,"column":42}},"12":{"start":{"line":13,"column":0},"end":{"line":13,"column":79}},"13":{"start":{"line":14,"column":0},"end":{"line":14,"column":26}},"14":{"start":{"line":15,"column":0},"end":{"line":15,"column":1}},"17":{"start":{"line":18,"column":0},"end":{"line":18,"column":66}},"18":{"start":{"line":19,"column":0},"end":{"line":19,"column":62}},"20":{"start":{"line":21,"column":0},"end":{"line":21,"column":75}},"21":{"start":{"line":22,"column":0},"end":{"line":22,"column":29}},"22":{"start":{"line":23,"column":0},"end":{"line":23,"column":99}},"23":{"start":{"line":24,"column":0},"end":{"line":24,"column":52}},"25":{"start":{"line":26,"column":0},"end":{"line":26,"column":34}},"26":{"start":{"line":27,"column":0},"end":{"line":27,"column":47}},"27":{"start":{"line":28,"column":0},"end":{"line":28,"column":82}},"28":{"start":{"line":29,"column":0},"end":{"line":29,"column":66}},"29":{"start":{"line":30,"column":0},"end":{"line":30,"column":83}},"30":{"start":{"line":31,"column":0},"end":{"line":31,"column":3}},"32":{"start":{"line":33,"column":0},"end":{"line":33,"column":59}},"33":{"start":{"line":34,"column":0},"end":{"line":34,"column":17}},"34":{"start":{"line":35,"column":0},"end":{"line":35,"column":15}},"35":{"start":{"line":36,"column":0},"end":{"line":36,"column":37}},"36":{"start":{"line":37,"column":0},"end":{"line":37,"column":78}},"37":{"start":{"line":38,"column":0},"end":{"line":38,"column":17}},"38":{"start":{"line":39,"column":0},"end":{"line":39,"column":22}},"39":{"start":{"line":40,"column":0},"end":{"line":40,"column":26}},"40":{"start":{"line":41,"column":0},"end":{"line":41,"column":1}},"43":{"start":{"line":44,"column":0},"end":{"line":44,"column":65}},"44":{"start":{"line":45,"column":0},"end":{"line":45,"column":79}},"45":{"start":{"line":46,"column":0},"end":{"line":46,"column":40}},"46":{"start":{"line":47,"column":0},"end":{"line":47,"column":44}},"47":{"start":{"line":48,"column":0},"end":{"line":48,"column":90}},"48":{"start":{"line":49,"column":0},"end":{"line":49,"column":43}},"49":{"start":{"line":50,"column":0},"end":{"line":50,"column":3}},"50":{"start":{"line":51,"column":0},"end":{"line":51,"column":26}},"51":{"start":{"line":52,"column":0},"end":{"line":52,"column":1}},"54":{"start":{"line":55,"column":0},"end":{"line":55,"column":75}},"55":{"start":{"line":56,"column":0},"end":{"line":56,"column":38}},"56":{"start":{"line":57,"column":0},"end":{"line":57,"column":47}},"57":{"start":{"line":58,"column":0},"end":{"line":58,"column":22}},"58":{"start":{"line":59,"column":0},"end":{"line":59,"column":44}},"59":{"start":{"line":60,"column":0},"end":{"line":60,"column":50}},"60":{"start":{"line":61,"column":0},"end":{"line":61,"column":4}},"61":{"start":{"line":62,"column":0},"end":{"line":62,"column":17}},"62":{"start":{"line":63,"column":0},"end":{"line":63,"column":103}},"63":{"start":{"line":64,"column":0},"end":{"line":64,"column":26}},"64":{"start":{"line":65,"column":0},"end":{"line":65,"column":1}},"67":{"start":{"line":68,"column":0},"end":{"line":68,"column":64}},"68":{"start":{"line":69,"column":0},"end":{"line":69,"column":62}},"70":{"start":{"line":71,"column":0},"end":{"line":71,"column":77}},"71":{"start":{"line":72,"column":0},"end":{"line":72,"column":16}},"72":{"start":{"line":73,"column":0},"end":{"line":73,"column":41}},"73":{"start":{"line":74,"column":0},"end":{"line":74,"column":9}},"74":{"start":{"line":75,"column":0},"end":{"line":75,"column":113}},"75":{"start":{"line":76,"column":0},"end":{"line":76,"column":89}},"77":{"start":{"line":78,"column":0},"end":{"line":78,"column":33}},"78":{"start":{"line":79,"column":0},"end":{"line":79,"column":42}},"79":{"start":{"line":80,"column":0},"end":{"line":80,"column":91}},"80":{"start":{"line":81,"column":0},"end":{"line":81,"column":54}},"81":{"start":{"line":82,"column":0},"end":{"line":82,"column":15}},"82":{"start":{"line":83,"column":0},"end":{"line":83,"column":32}},"83":{"start":{"line":84,"column":0},"end":{"line":84,"column":13}},"84":{"start":{"line":85,"column":0},"end":{"line":85,"column":29}},"85":{"start":{"line":86,"column":0},"end":{"line":86,"column":37}},"86":{"start":{"line":87,"column":0},"end":{"line":87,"column":49}},"87":{"start":{"line":88,"column":0},"end":{"line":88,"column":53}},"88":{"start":{"line":89,"column":0},"end":{"line":89,"column":17}},"89":{"start":{"line":90,"column":0},"end":{"line":90,"column":6}},"90":{"start":{"line":91,"column":0},"end":{"line":91,"column":3}},"92":{"start":{"line":93,"column":0},"end":{"line":93,"column":79}},"93":{"start":{"line":94,"column":0},"end":{"line":94,"column":17}},"94":{"start":{"line":95,"column":0},"end":{"line":95,"column":13}},"95":{"start":{"line":96,"column":0},"end":{"line":96,"column":85}},"96":{"start":{"line":97,"column":0},"end":{"line":97,"column":68}},"97":{"start":{"line":98,"column":0},"end":{"line":98,"column":4}},"98":{"start":{"line":99,"column":0},"end":{"line":99,"column":95}},"99":{"start":{"line":100,"column":0},"end":{"line":100,"column":25}},"100":{"start":{"line":101,"column":0},"end":{"line":101,"column":92}},"101":{"start":{"line":102,"column":0},"end":{"line":102,"column":3}},"102":{"start":{"line":103,"column":0},"end":{"line":103,"column":26}},"103":{"start":{"line":104,"column":0},"end":{"line":104,"column":1}},"117":{"start":{"line":118,"column":0},"end":{"line":118,"column":58}},"118":{"start":{"line":119,"column":0},"end":{"line":119,"column":66}},"119":{"start":{"line":120,"column":0},"end":{"line":120,"column":29}},"120":{"start":{"line":121,"column":0},"end":{"line":121,"column":52}},"121":{"start":{"line":122,"column":0},"end":{"line":122,"column":45}},"122":{"start":{"line":123,"column":0},"end":{"line":123,"column":95}},"123":{"start":{"line":124,"column":0},"end":{"line":124,"column":42}},"124":{"start":{"line":125,"column":0},"end":{"line":125,"column":113}},"125":{"start":{"line":126,"column":0},"end":{"line":126,"column":46}},"127":{"start":{"line":128,"column":0},"end":{"line":128,"column":31}},"128":{"start":{"line":129,"column":0},"end":{"line":129,"column":30}},"129":{"start":{"line":130,"column":0},"end":{"line":130,"column":39}},"130":{"start":{"line":131,"column":0},"end":{"line":131,"column":3}},"131":{"start":{"line":132,"column":0},"end":{"line":132,"column":29}},"132":{"start":{"line":133,"column":0},"end":{"line":133,"column":84}},"133":{"start":{"line":134,"column":0},"end":{"line":134,"column":79}},"134":{"start":{"line":135,"column":0},"end":{"line":135,"column":3}},"136":{"start":{"line":137,"column":0},"end":{"line":137,"column":25}},"137":{"start":{"line":138,"column":0},"end":{"line":138,"column":11}},"138":{"start":{"line":139,"column":0},"end":{"line":139,"column":19}},"139":{"start":{"line":140,"column":0},"end":{"line":140,"column":62}},"140":{"start":{"line":141,"column":0},"end":{"line":141,"column":28}},"141":{"start":{"line":142,"column":0},"end":{"line":142,"column":3}},"143":{"start":{"line":144,"column":0},"end":{"line":144,"column":42}},"144":{"start":{"line":145,"column":0},"end":{"line":145,"column":58}},"145":{"start":{"line":146,"column":0},"end":{"line":146,"column":89}},"146":{"start":{"line":147,"column":0},"end":{"line":147,"column":44}},"147":{"start":{"line":148,"column":0},"end":{"line":148,"column":95}},"148":{"start":{"line":149,"column":0},"end":{"line":149,"column":101}},"149":{"start":{"line":150,"column":0},"end":{"line":150,"column":51}},"150":{"start":{"line":151,"column":0},"end":{"line":151,"column":26}},"151":{"start":{"line":152,"column":0},"end":{"line":152,"column":1}}},"s":{"0":1,"9":1,"11":2,"12":2,"13":2,"14":2,"17":1,"18":3,"20":2,"21":2,"22":2,"23":2,"25":3,"26":3,"27":3,"28":3,"29":3,"30":3,"32":2,"33":2,"34":2,"35":0,"36":2,"37":3,"38":3,"39":3,"40":3,"43":1,"44":2,"45":2,"46":3,"47":3,"48":3,"49":3,"50":2,"51":2,"54":1,"55":1,"56":1,"57":2,"58":1,"59":1,"60":1,"61":1,"62":1,"63":1,"64":1,"67":1,"68":3,"70":3,"71":3,"72":3,"73":3,"74":3,"75":3,"77":3,"78":3,"79":3,"80":3,"81":3,"82":3,"83":3,"84":3,"85":3,"86":3,"87":3,"88":3,"89":3,"90":3,"92":3,"93":3,"94":3,"95":3,"96":3,"97":3,"98":3,"99":3,"100":1,"101":1,"102":3,"103":3,"117":1,"118":3,"119":3,"120":3,"121":3,"122":3,"123":3,"124":3,"125":3,"127":3,"128":3,"129":1,"130":1,"131":3,"132":2,"133":2,"134":2,"136":3,"137":3,"138":2,"139":2,"140":2,"141":2,"143":1,"144":3,"145":3,"146":3,"147":3,"148":3,"149":1,"150":1,"151":1},"branchMap":{"0":{"type":"branch","line":12,"loc":{"start":{"line":12,"column":0},"end":{"line":15,"column":1}},"locations":[{"start":{"line":12,"column":0},"end":{"line":15,"column":1}}]},"1":{"type":"branch","line":13,"loc":{"start":{"line":13,"column":70},"end":{"line":13,"column":79}},"locations":[{"start":{"line":13,"column":70},"end":{"line":13,"column":79}}]},"2":{"type":"branch","line":18,"loc":{"start":{"line":18,"column":7},"end":{"line":41,"column":1}},"locations":[{"start":{"line":18,"column":7},"end":{"line":41,"column":1}}]},"3":{"type":"branch","line":19,"loc":{"start":{"line":19,"column":33},"end":{"line":26,"column":33}},"locations":[{"start":{"line":19,"column":33},"end":{"line":26,"column":33}}]},"4":{"type":"branch","line":19,"loc":{"start":{"line":19,"column":33},"end":{"line":19,"column":62}},"locations":[{"start":{"line":19,"column":33},"end":{"line":19,"column":62}}]},"5":{"type":"branch","line":28,"loc":{"start":{"line":28,"column":44},"end":{"line":28,"column":71}},"locations":[{"start":{"line":28,"column":44},"end":{"line":28,"column":71}}]},"6":{"type":"branch","line":28,"loc":{"start":{"line":28,"column":67},"end":{"line":28,"column":82}},"locations":[{"start":{"line":28,"column":67},"end":{"line":28,"column":82}}]},"7":{"type":"branch","line":29,"loc":{"start":{"line":29,"column":21},"end":{"line":29,"column":49}},"locations":[{"start":{"line":29,"column":21},"end":{"line":29,"column":49}}]},"8":{"type":"branch","line":29,"loc":{"start":{"line":29,"column":45},"end":{"line":29,"column":66}},"locations":[{"start":{"line":29,"column":45},"end":{"line":29,"column":66}}]},"9":{"type":"branch","line":31,"loc":{"start":{"line":31,"column":2},"end":{"line":35,"column":15}},"locations":[{"start":{"line":31,"column":2},"end":{"line":35,"column":15}}]},"10":{"type":"branch","line":35,"loc":{"start":{"line":35,"column":14},"end":{"line":36,"column":37}},"locations":[{"start":{"line":35,"column":14},"end":{"line":36,"column":37}}]},"11":{"type":"branch","line":36,"loc":{"start":{"line":36,"column":36},"end":{"line":37,"column":78}},"locations":[{"start":{"line":36,"column":36},"end":{"line":37,"column":78}}]},"12":{"type":"branch","line":21,"loc":{"start":{"line":21,"column":52},"end":{"line":21,"column":72}},"locations":[{"start":{"line":21,"column":52},"end":{"line":21,"column":72}}]},"13":{"type":"branch","line":33,"loc":{"start":{"line":33,"column":36},"end":{"line":33,"column":50}},"locations":[{"start":{"line":33,"column":36},"end":{"line":33,"column":50}}]},"14":{"type":"branch","line":44,"loc":{"start":{"line":44,"column":7},"end":{"line":52,"column":1}},"locations":[{"start":{"line":44,"column":7},"end":{"line":52,"column":1}}]},"15":{"type":"branch","line":46,"loc":{"start":{"line":46,"column":39},"end":{"line":50,"column":3}},"locations":[{"start":{"line":46,"column":39},"end":{"line":50,"column":3}}]},"16":{"type":"branch","line":48,"loc":{"start":{"line":48,"column":44},"end":{"line":48,"column":87}},"locations":[{"start":{"line":48,"column":44},"end":{"line":48,"column":87}}]},"17":{"type":"branch","line":48,"loc":{"start":{"line":48,"column":83},"end":{"line":48,"column":90}},"locations":[{"start":{"line":48,"column":83},"end":{"line":48,"column":90}}]},"18":{"type":"branch","line":55,"loc":{"start":{"line":55,"column":7},"end":{"line":65,"column":1}},"locations":[{"start":{"line":55,"column":7},"end":{"line":65,"column":1}}]},"19":{"type":"branch","line":57,"loc":{"start":{"line":57,"column":40},"end":{"line":60,"column":50}},"locations":[{"start":{"line":57,"column":40},"end":{"line":60,"column":50}}]},"20":{"type":"branch","line":58,"loc":{"start":{"line":58,"column":21},"end":{"line":59,"column":44}},"locations":[{"start":{"line":58,"column":21},"end":{"line":59,"column":44}}]},"21":{"type":"branch","line":59,"loc":{"start":{"line":59,"column":42},"end":{"line":60,"column":50}},"locations":[{"start":{"line":59,"column":42},"end":{"line":60,"column":50}}]},"22":{"type":"branch","line":68,"loc":{"start":{"line":68,"column":7},"end":{"line":104,"column":1}},"locations":[{"start":{"line":68,"column":7},"end":{"line":104,"column":1}}]},"23":{"type":"branch","line":69,"loc":{"start":{"line":69,"column":33},"end":{"line":69,"column":62}},"locations":[{"start":{"line":69,"column":33},"end":{"line":69,"column":62}}]},"24":{"type":"branch","line":80,"loc":{"start":{"line":80,"column":59},"end":{"line":80,"column":91}},"locations":[{"start":{"line":80,"column":59},"end":{"line":80,"column":91}}]},"25":{"type":"branch","line":81,"loc":{"start":{"line":81,"column":29},"end":{"line":81,"column":54}},"locations":[{"start":{"line":81,"column":29},"end":{"line":81,"column":54}}]},"26":{"type":"branch","line":100,"loc":{"start":{"line":100,"column":24},"end":{"line":102,"column":3}},"locations":[{"start":{"line":100,"column":24},"end":{"line":102,"column":3}}]},"27":{"type":"branch","line":71,"loc":{"start":{"line":71,"column":52},"end":{"line":71,"column":74}},"locations":[{"start":{"line":71,"column":52},"end":{"line":71,"column":74}}]},"28":{"type":"branch","line":93,"loc":{"start":{"line":93,"column":41},"end":{"line":93,"column":70}},"locations":[{"start":{"line":93,"column":41},"end":{"line":93,"column":70}}]},"29":{"type":"branch","line":118,"loc":{"start":{"line":118,"column":7},"end":{"line":152,"column":1}},"locations":[{"start":{"line":118,"column":7},"end":{"line":152,"column":1}}]},"30":{"type":"branch","line":123,"loc":{"start":{"line":123,"column":35},"end":{"line":123,"column":75}},"locations":[{"start":{"line":123,"column":35},"end":{"line":123,"column":75}}]},"31":{"type":"branch","line":123,"loc":{"start":{"line":123,"column":71},"end":{"line":123,"column":91}},"locations":[{"start":{"line":123,"column":71},"end":{"line":123,"column":91}}]},"32":{"type":"branch","line":125,"loc":{"start":{"line":125,"column":22},"end":{"line":125,"column":105}},"locations":[{"start":{"line":125,"column":22},"end":{"line":125,"column":105}}]},"33":{"type":"branch","line":125,"loc":{"start":{"line":125,"column":100},"end":{"line":125,"column":113}},"locations":[{"start":{"line":125,"column":100},"end":{"line":125,"column":113}}]},"34":{"type":"branch","line":129,"loc":{"start":{"line":129,"column":29},"end":{"line":131,"column":3}},"locations":[{"start":{"line":129,"column":29},"end":{"line":131,"column":3}}]},"35":{"type":"branch","line":132,"loc":{"start":{"line":132,"column":28},"end":{"line":135,"column":3}},"locations":[{"start":{"line":132,"column":28},"end":{"line":135,"column":3}}]},"36":{"type":"branch","line":133,"loc":{"start":{"line":133,"column":28},"end":{"line":133,"column":63}},"locations":[{"start":{"line":133,"column":28},"end":{"line":133,"column":63}}]},"37":{"type":"branch","line":138,"loc":{"start":{"line":138,"column":10},"end":{"line":145,"column":44}},"locations":[{"start":{"line":138,"column":10},"end":{"line":145,"column":44}}]},"38":{"type":"branch","line":142,"loc":{"start":{"line":142,"column":2},"end":{"line":145,"column":44}},"locations":[{"start":{"line":142,"column":2},"end":{"line":145,"column":44}}]},"39":{"type":"branch","line":145,"loc":{"start":{"line":145,"column":35},"end":{"line":145,"column":54}},"locations":[{"start":{"line":145,"column":35},"end":{"line":145,"column":54}}]},"40":{"type":"branch","line":146,"loc":{"start":{"line":146,"column":19},"end":{"line":146,"column":78}},"locations":[{"start":{"line":146,"column":19},"end":{"line":146,"column":78}}]},"41":{"type":"branch","line":146,"loc":{"start":{"line":146,"column":73},"end":{"line":146,"column":89}},"locations":[{"start":{"line":146,"column":73},"end":{"line":146,"column":89}}]},"42":{"type":"branch","line":148,"loc":{"start":{"line":148,"column":46},"end":{"line":148,"column":81}},"locations":[{"start":{"line":148,"column":46},"end":{"line":148,"column":81}}]},"43":{"type":"branch","line":148,"loc":{"start":{"line":148,"column":77},"end":{"line":148,"column":91}},"locations":[{"start":{"line":148,"column":77},"end":{"line":148,"column":91}}]},"44":{"type":"branch","line":149,"loc":{"start":{"line":149,"column":34},"end":{"line":152,"column":1}},"locations":[{"start":{"line":149,"column":34},"end":{"line":152,"column":1}}]},"45":{"type":"branch","line":149,"loc":{"start":{"line":149,"column":34},"end":{"line":149,"column":101}},"locations":[{"start":{"line":149,"column":34},"end":{"line":149,"column":101}}]},"46":{"type":"branch","line":149,"loc":{"start":{"line":149,"column":99},"end":{"line":152,"column":1}},"locations":[{"start":{"line":149,"column":99},"end":{"line":152,"column":1}}]},"47":{"type":"branch","line":119,"loc":{"start":{"line":119,"column":16},"end":{"line":119,"column":66}},"locations":[{"start":{"line":119,"column":16},"end":{"line":119,"column":66}}]}},"b":{"0":[2],"1":[0],"2":[3],"3":[2],"4":[1],"5":[1],"6":[2],"7":[2],"8":[1],"9":[2],"10":[0],"11":[2],"12":[3],"13":[3],"14":[2],"15":[3],"16":[1],"17":[2],"18":[1],"19":[2],"20":[1],"21":[1],"22":[3],"23":[0],"24":[0],"25":[0],"26":[1],"27":[3],"28":[3],"29":[3],"30":[2],"31":[1],"32":[1],"33":[2],"34":[1],"35":[2],"36":[0],"37":[2],"38":[1],"39":[0],"40":[1],"41":[0],"42":[1],"43":[0],"44":[2],"45":[0],"46":[1],"47":[19]},"fnMap":{"0":{"name":"shortHash","decl":{"start":{"line":12,"column":0},"end":{"line":15,"column":1}},"loc":{"start":{"line":12,"column":0},"end":{"line":15,"column":1}},"line":12},"1":{"name":"renderStatus","decl":{"start":{"line":18,"column":7},"end":{"line":41,"column":1}},"loc":{"start":{"line":18,"column":7},"end":{"line":41,"column":1}},"line":18},"2":{"name":"renderGraph","decl":{"start":{"line":44,"column":7},"end":{"line":52,"column":1}},"loc":{"start":{"line":44,"column":7},"end":{"line":52,"column":1}},"line":44},"3":{"name":"renderBuildResult","decl":{"start":{"line":55,"column":7},"end":{"line":65,"column":1}},"loc":{"start":{"line":55,"column":7},"end":{"line":65,"column":1}},"line":55},"4":{"name":"renderCost","decl":{"start":{"line":68,"column":7},"end":{"line":104,"column":1}},"loc":{"start":{"line":68,"column":7},"end":{"line":104,"column":1}},"line":68},"5":{"name":"renderWhy","decl":{"start":{"line":118,"column":7},"end":{"line":152,"column":1}},"loc":{"start":{"line":118,"column":7},"end":{"line":152,"column":1}},"line":118},"6":{"name":"label","decl":{"start":{"line":119,"column":16},"end":{"line":119,"column":66}},"loc":{"start":{"line":119,"column":16},"end":{"line":119,"column":66}},"line":119}},"f":{"0":2,"1":3,"2":2,"3":1,"4":3,"5":3,"6":19}}
,"C:\\Users\\khoiv\\OneDrive\\Documents\\Code\\Makedown\\packages\\cli\\src\\workspace.ts": {"path":"C:\\Users\\khoiv\\OneDrive\\Documents\\Code\\Makedown\\packages\\cli\\src\\workspace.ts","all":false,"statementMap":{"0":{"start":{"line":1,"column":0},"end":{"line":1,"column":60}},"8":{"start":{"line":9,"column":0},"end":{"line":9,"column":37}},"10":{"start":{"line":11,"column":0},"end":{"line":11,"column":50}},"11":{"start":{"line":12,"column":0},"end":{"line":12,"column":33}},"12":{"start":{"line":13,"column":0},"end":{"line":13,"column":61}},"13":{"start":{"line":14,"column":0},"end":{"line":14,"column":1}},"15":{"start":{"line":16,"column":0},"end":{"line":16,"column":63}},"16":{"start":{"line":17,"column":0},"end":{"line":17,"column":61}},"17":{"start":{"line":18,"column":0},"end":{"line":18,"column":29}},"18":{"start":{"line":19,"column":0},"end":{"line":19,"column":1}},"21":{"start":{"line":22,"column":0},"end":{"line":22,"column":43}},"22":{"start":{"line":23,"column":0},"end":{"line":23,"column":84}},"23":{"start":{"line":24,"column":0},"end":{"line":24,"column":1}},"26":{"start":{"line":27,"column":0},"end":{"line":27,"column":61}},"27":{"start":{"line":28,"column":0},"end":{"line":28,"column":56}},"28":{"start":{"line":29,"column":0},"end":{"line":29,"column":50}},"29":{"start":{"line":30,"column":0},"end":{"line":30,"column":10}},"30":{"start":{"line":31,"column":0},"end":{"line":31,"column":77}},"31":{"start":{"line":32,"column":0},"end":{"line":32,"column":27}},"32":{"start":{"line":33,"column":0},"end":{"line":33,"column":76}},"33":{"start":{"line":34,"column":0},"end":{"line":34,"column":18}},"34":{"start":{"line":35,"column":0},"end":{"line":35,"column":21}},"35":{"start":{"line":36,"column":0},"end":{"line":36,"column":70}},"36":{"start":{"line":37,"column":0},"end":{"line":37,"column":18}},"37":{"start":{"line":38,"column":0},"end":{"line":38,"column":4}},"38":{"start":{"line":39,"column":0},"end":{"line":39,"column":1}},"41":{"start":{"line":42,"column":0},"end":{"line":42,"column":78}},"42":{"start":{"line":43,"column":0},"end":{"line":43,"column":51}},"43":{"start":{"line":44,"column":0},"end":{"line":44,"column":90}},"44":{"start":{"line":45,"column":0},"end":{"line":45,"column":46}},"45":{"start":{"line":46,"column":0},"end":{"line":46,"column":1}}},"s":{"0":1,"8":1,"10":1,"11":14,"12":14,"13":14,"15":7,"16":7,"17":7,"18":7,"21":1,"22":1,"23":1,"26":1,"27":0,"28":0,"29":0,"30":0,"31":0,"32":0,"33":0,"34":0,"35":0,"36":0,"37":0,"38":0,"41":1,"42":7,"43":7,"44":7,"45":7},"branchMap":{"0":{"type":"branch","line":11,"loc":{"start":{"line":11,"column":7},"end":{"line":14,"column":1}},"locations":[{"start":{"line":11,"column":7},"end":{"line":14,"column":1}}]},"1":{"type":"branch","line":12,"loc":{"start":{"line":12,"column":12},"end":{"line":12,"column":33}},"locations":[{"start":{"line":12,"column":12},"end":{"line":12,"column":33}}]},"2":{"type":"branch","line":13,"loc":{"start":{"line":13,"column":27},"end":{"line":13,"column":61}},"locations":[{"start":{"line":13,"column":27},"end":{"line":13,"column":61}}]},"3":{"type":"branch","line":16,"loc":{"start":{"line":16,"column":0},"end":{"line":19,"column":1}},"locations":[{"start":{"line":16,"column":0},"end":{"line":19,"column":1}}]},"4":{"type":"branch","line":22,"loc":{"start":{"line":22,"column":7},"end":{"line":24,"column":1}},"locations":[{"start":{"line":22,"column":7},"end":{"line":24,"column":1}}]},"5":{"type":"branch","line":42,"loc":{"start":{"line":42,"column":7},"end":{"line":46,"column":1}},"locations":[{"start":{"line":42,"column":7},"end":{"line":46,"column":1}}]},"6":{"type":"branch","line":44,"loc":{"start":{"line":44,"column":19},"end":{"line":44,"column":80}},"locations":[{"start":{"line":44,"column":19},"end":{"line":44,"column":80}}]}},"b":{"0":[14],"1":[0],"2":[0],"3":[7],"4":[1],"5":[7],"6":[0]},"fnMap":{"0":{"name":"resolveDir","decl":{"start":{"line":11,"column":7},"end":{"line":14,"column":1}},"loc":{"start":{"line":11,"column":7},"end":{"line":14,"column":1}},"line":11},"1":{"name":"loadDoc","decl":{"start":{"line":16,"column":0},"end":{"line":19,"column":1}},"loc":{"start":{"line":16,"column":0},"end":{"line":19,"column":1}},"line":16},"2":{"name":"hasAnyProvider","decl":{"start":{"line":22,"column":7},"end":{"line":24,"column":1}},"loc":{"start":{"line":22,"column":7},"end":{"line":24,"column":1}},"line":22},"3":{"name":"routerConfigFromEnv","decl":{"start":{"line":27,"column":7},"end":{"line":39,"column":1}},"loc":{"start":{"line":27,"column":7},"end":{"line":39,"column":1}},"line":27},"4":{"name":"makeContext","decl":{"start":{"line":42,"column":7},"end":{"line":46,"column":1}},"loc":{"start":{"line":42,"column":7},"end":{"line":46,"column":1}},"line":42}},"f":{"0":14,"1":7,"2":1,"3":0,"4":7}}
}
