<?xml version="1.0" encoding="UTF-8"?>
<coverage generated="1780977905836" clover="3.2.0">
  <project timestamp="1780977905837" name="All files">
    <metrics statements="303" coveredstatements="302" conditionals="98" coveredconditionals="85" methods="32" coveredmethods="31" elements="433" coveredelements="418" complexity="0" loc="303" ncloc="303" packages="1" files="5" classes="5"/>
    <file name="build.ts" path="C:\Users\khoiv\OneDrive\Documents\Code\Makedown\packages\engine\src\build.ts">
      <metrics statements="165" coveredstatements="165" conditionals="52" coveredconditionals="43" methods="12" coveredmethods="12"/>
      <line num="1" count="1" type="stmt"/>
      <line num="22" count="1" type="stmt"/>
      <line num="23" count="1" type="cond" truecount="1" falsecount="0"/>
      <line num="24" count="1" type="stmt"/>
      <line num="25" count="1" type="stmt"/>
      <line num="26" count="1" type="stmt"/>
      <line num="27" count="1" type="stmt"/>
      <line num="54" count="10" type="cond" truecount="1" falsecount="0"/>
      <line num="55" count="10" type="stmt"/>
      <line num="56" count="10" type="cond" truecount="1" falsecount="0"/>
      <line num="57" count="10" type="stmt"/>
      <line num="58" count="10" type="stmt"/>
      <line num="60" count="10" type="cond" truecount="1" falsecount="0"/>
      <line num="61" count="17" type="stmt"/>
      <line num="62" count="17" type="cond" truecount="0" falsecount="1"/>
      <line num="64" count="17" type="stmt"/>
      <line num="65" count="17" type="stmt"/>
      <line num="66" count="17" type="cond" truecount="1" falsecount="0"/>
      <line num="67" count="17" type="stmt"/>
      <line num="68" count="17" type="stmt"/>
      <line num="69" count="17" type="stmt"/>
      <line num="70" count="17" type="stmt"/>
      <line num="72" count="17" type="cond" truecount="3" falsecount="0"/>
      <line num="73" count="16" type="stmt"/>
      <line num="74" count="16" type="stmt"/>
      <line num="76" count="10" type="stmt"/>
      <line num="77" count="10" type="stmt"/>
      <line num="79" count="17" type="cond" truecount="1" falsecount="0"/>
      <line num="80" count="17" type="stmt"/>
      <line num="81" count="17" type="stmt"/>
      <line num="82" count="17" type="stmt"/>
      <line num="83" count="17" type="stmt"/>
      <line num="84" count="17" type="stmt"/>
      <line num="85" count="17" type="cond" truecount="1" falsecount="0"/>
      <line num="86" count="16" type="stmt"/>
      <line num="87" count="16" type="stmt"/>
      <line num="88" count="16" type="cond" truecount="1" falsecount="0"/>
      <line num="90" count="7" type="stmt"/>
      <line num="91" count="16" type="cond" truecount="1" falsecount="0"/>
      <line num="92" count="9" type="stmt"/>
      <line num="93" count="9" type="stmt"/>
      <line num="94" count="9" type="stmt"/>
      <line num="95" count="16" type="stmt"/>
      <line num="96" count="17" type="stmt"/>
      <line num="97" count="17" type="stmt"/>
      <line num="106" count="8" type="cond" truecount="1" falsecount="0"/>
      <line num="107" count="8" type="stmt"/>
      <line num="108" count="8" type="cond" truecount="1" falsecount="0"/>
      <line num="109" count="8" type="cond" truecount="1" falsecount="0"/>
      <line num="110" count="8" type="stmt"/>
      <line num="111" count="8" type="stmt"/>
      <line num="113" count="8" type="cond" truecount="1" falsecount="0"/>
      <line num="114" count="13" type="stmt"/>
      <line num="115" count="13" type="cond" truecount="0" falsecount="1"/>
      <line num="117" count="13" type="cond" truecount="1" falsecount="0"/>
      <line num="118" count="11" type="cond" truecount="1" falsecount="0"/>
      <line num="119" count="9" type="stmt"/>
      <line num="120" count="13" type="cond" truecount="1" falsecount="0"/>
      <line num="121" count="2" type="stmt"/>
      <line num="122" count="2" type="stmt"/>
      <line num="123" count="2" type="stmt"/>
      <line num="124" count="13" type="cond" truecount="1" falsecount="0"/>
      <line num="126" count="6" type="stmt"/>
      <line num="127" count="6" type="stmt"/>
      <line num="129" count="11" type="cond" truecount="1" falsecount="0"/>
      <line num="130" count="11" type="stmt"/>
      <line num="131" count="11" type="stmt"/>
      <line num="132" count="11" type="stmt"/>
      <line num="133" count="11" type="stmt"/>
      <line num="134" count="11" type="stmt"/>
      <line num="135" count="11" type="cond" truecount="1" falsecount="0"/>
      <line num="136" count="1" type="stmt"/>
      <line num="137" count="1" type="stmt"/>
      <line num="138" count="1" type="stmt"/>
      <line num="139" count="1" type="cond" truecount="1" falsecount="0"/>
      <line num="140" count="11" type="cond" truecount="1" falsecount="0"/>
      <line num="141" count="1" type="stmt"/>
      <line num="142" count="1" type="cond" truecount="1" falsecount="0"/>
      <line num="144" count="9" type="stmt"/>
      <line num="145" count="9" type="stmt"/>
      <line num="146" count="9" type="stmt"/>
      <line num="147" count="11" type="cond" truecount="0" falsecount="1"/>
      <line num="148" count="11" type="stmt"/>
      <line num="149" count="11" type="stmt"/>
      <line num="150" count="11" type="cond" truecount="1" falsecount="0"/>
      <line num="151" count="9" type="stmt"/>
      <line num="153" count="9" type="stmt"/>
      <line num="154" count="9" type="stmt"/>
      <line num="155" count="9" type="stmt"/>
      <line num="157" count="9" type="stmt"/>
      <line num="158" count="9" type="stmt"/>
      <line num="159" count="9" type="stmt"/>
      <line num="160" count="9" type="stmt"/>
      <line num="161" count="9" type="stmt"/>
      <line num="162" count="9" type="stmt"/>
      <line num="163" count="9" type="stmt"/>
      <line num="164" count="9" type="stmt"/>
      <line num="165" count="9" type="stmt"/>
      <line num="166" count="9" type="stmt"/>
      <line num="167" count="9" type="stmt"/>
      <line num="168" count="9" type="stmt"/>
      <line num="169" count="11" type="cond" truecount="0" falsecount="1"/>
      <line num="170" count="11" type="stmt"/>
      <line num="171" count="11" type="cond" truecount="1" falsecount="0"/>
      <line num="172" count="9" type="stmt"/>
      <line num="175" count="2" type="cond" truecount="1" falsecount="0"/>
      <line num="176" count="2" type="stmt"/>
      <line num="177" count="2" type="stmt"/>
      <line num="178" count="2" type="stmt"/>
      <line num="180" count="11" type="cond" truecount="1" falsecount="0"/>
      <line num="181" count="11" type="stmt"/>
      <line num="182" count="11" type="stmt"/>
      <line num="183" count="11" type="stmt"/>
      <line num="184" count="11" type="stmt"/>
      <line num="186" count="1" type="stmt"/>
      <line num="189" count="9" type="cond" truecount="1" falsecount="0"/>
      <line num="190" count="9" type="stmt"/>
      <line num="191" count="9" type="stmt"/>
      <line num="192" count="9" type="stmt"/>
      <line num="193" count="9" type="stmt"/>
      <line num="195" count="9" type="cond" truecount="1" falsecount="0"/>
      <line num="196" count="9" type="stmt"/>
      <line num="197" count="9" type="stmt"/>
      <line num="198" count="9" type="stmt"/>
      <line num="199" count="9" type="stmt"/>
      <line num="200" count="9" type="stmt"/>
      <line num="201" count="9" type="stmt"/>
      <line num="203" count="9" type="cond" truecount="1" falsecount="0"/>
      <line num="204" count="9" type="stmt"/>
      <line num="205" count="9" type="stmt"/>
      <line num="206" count="9" type="stmt"/>
      <line num="207" count="9" type="stmt"/>
      <line num="210" count="9" type="cond" truecount="1" falsecount="0"/>
      <line num="211" count="9" type="stmt"/>
      <line num="212" count="9" type="stmt"/>
      <line num="213" count="9" type="stmt"/>
      <line num="215" count="9" type="cond" truecount="1" falsecount="0"/>
      <line num="216" count="9" type="stmt"/>
      <line num="217" count="9" type="cond" truecount="2" falsecount="0"/>
      <line num="218" count="9" type="stmt"/>
      <line num="220" count="1" type="stmt"/>
      <line num="223" count="9" type="cond" truecount="1" falsecount="0"/>
      <line num="224" count="9" type="cond" truecount="2" falsecount="0"/>
      <line num="225" count="1" type="stmt"/>
      <line num="226" count="9" type="cond" truecount="1" falsecount="1"/>
      <line num="227" count="1" type="stmt"/>
      <line num="228" count="1" type="stmt"/>
      <line num="229" count="9" type="cond" truecount="0" falsecount="1"/>
      <line num="230" count="9" type="stmt"/>
      <line num="232" count="9" type="cond" truecount="1" falsecount="0"/>
      <line num="233" count="9" type="stmt"/>
      <line num="234" count="9" type="stmt"/>
      <line num="235" count="9" type="stmt"/>
      <line num="236" count="9" type="stmt"/>
      <line num="237" count="9" type="stmt"/>
      <line num="238" count="9" type="cond" truecount="1" falsecount="1"/>
      <line num="239" count="9" type="stmt"/>
      <line num="240" count="9" type="stmt"/>
      <line num="241" count="9" type="cond" truecount="1" falsecount="0"/>
      <line num="242" count="9" type="cond" truecount="0" falsecount="1"/>
      <line num="243" count="9" type="cond" truecount="0" falsecount="1"/>
      <line num="244" count="9" type="stmt"/>
      <line num="245" count="9" type="stmt"/>
      <line num="246" count="9" type="stmt"/>
      <line num="247" count="9" type="stmt"/>
    </file>
    <file name="cas.ts" path="C:\Users\khoiv\OneDrive\Documents\Code\Makedown\packages\engine\src\cas.ts">
      <metrics statements="46" coveredstatements="46" conditionals="15" coveredconditionals="12" methods="10" coveredmethods="10"/>
      <line num="1" count="1" type="stmt"/>
      <line num="19" count="1" type="stmt"/>
      <line num="21" count="37" type="cond" truecount="1" falsecount="0"/>
      <line num="22" count="37" type="cond" truecount="0" falsecount="1"/>
      <line num="23" count="37" type="stmt"/>
      <line num="25" count="19" type="cond" truecount="1" falsecount="0"/>
      <line num="26" count="19" type="stmt"/>
      <line num="27" count="19" type="cond" truecount="1" falsecount="0"/>
      <line num="28" count="7" type="stmt"/>
      <line num="29" count="19" type="cond" truecount="1" falsecount="0"/>
      <line num="30" count="12" type="stmt"/>
      <line num="31" count="12" type="stmt"/>
      <line num="32" count="19" type="stmt"/>
      <line num="35" count="1" type="stmt"/>
      <line num="36" count="1" type="cond" truecount="1" falsecount="0"/>
      <line num="38" count="1" type="cond" truecount="1" falsecount="0"/>
      <line num="39" count="27" type="stmt"/>
      <line num="40" count="27" type="stmt"/>
      <line num="41" count="27" type="stmt"/>
      <line num="43" count="1" type="cond" truecount="1" falsecount="0"/>
      <line num="44" count="10" type="stmt"/>
      <line num="45" count="10" type="stmt"/>
      <line num="47" count="1" type="cond" truecount="1" falsecount="0"/>
      <line num="48" count="16" type="stmt"/>
      <line num="49" count="16" type="stmt"/>
      <line num="51" count="1" type="cond" truecount="1" falsecount="0"/>
      <line num="52" count="2" type="stmt"/>
      <line num="53" count="2" type="cond" truecount="0" falsecount="1"/>
      <line num="54" count="2" type="stmt"/>
      <line num="55" count="2" type="stmt"/>
      <line num="57" count="1" type="cond" truecount="1" falsecount="0"/>
      <line num="58" count="9" type="stmt"/>
      <line num="59" count="9" type="stmt"/>
      <line num="60" count="9" type="stmt"/>
      <line num="61" count="9" type="stmt"/>
      <line num="63" count="1" type="cond" truecount="1" falsecount="0"/>
      <line num="64" count="1" type="stmt"/>
      <line num="65" count="1" type="cond" truecount="0" falsecount="1"/>
      <line num="66" count="1" type="stmt"/>
      <line num="67" count="1" type="stmt"/>
      <line num="69" count="1" type="cond" truecount="1" falsecount="0"/>
      <line num="70" count="9" type="stmt"/>
      <line num="71" count="9" type="stmt"/>
      <line num="72" count="9" type="stmt"/>
      <line num="73" count="9" type="stmt"/>
      <line num="74" count="1" type="stmt"/>
    </file>
    <file name="graph.ts" path="C:\Users\khoiv\OneDrive\Documents\Code\Makedown\packages\engine\src\graph.ts">
      <metrics statements="49" coveredstatements="49" conditionals="17" coveredconditionals="17" methods="4" coveredmethods="4"/>
      <line num="1" count="1" type="stmt"/>
      <line num="22" count="1" type="stmt"/>
      <line num="23" count="1" type="cond" truecount="1" falsecount="0"/>
      <line num="24" count="1" type="stmt"/>
      <line num="25" count="1" type="stmt"/>
      <line num="26" count="1" type="stmt"/>
      <line num="27" count="1" type="stmt"/>
      <line num="29" count="1" type="cond" truecount="1" falsecount="0"/>
      <line num="30" count="12" type="cond" truecount="1" falsecount="0"/>
      <line num="31" count="12" type="stmt"/>
      <line num="33" count="12" type="cond" truecount="1" falsecount="0"/>
      <line num="34" count="21" type="stmt"/>
      <line num="35" count="21" type="stmt"/>
      <line num="36" count="21" type="cond" truecount="1" falsecount="0"/>
      <line num="37" count="20" type="stmt"/>
      <line num="38" count="20" type="cond" truecount="1" falsecount="0"/>
      <line num="39" count="10" type="stmt"/>
      <line num="40" count="10" type="stmt"/>
      <line num="41" count="10" type="stmt"/>
      <line num="42" count="10" type="stmt"/>
      <line num="43" count="20" type="stmt"/>
      <line num="44" count="21" type="stmt"/>
      <line num="45" count="21" type="stmt"/>
      <line num="47" count="12" type="stmt"/>
      <line num="48" count="12" type="stmt"/>
      <line num="50" count="12" type="cond" truecount="1" falsecount="0"/>
      <line num="51" count="12" type="stmt"/>
      <line num="52" count="12" type="stmt"/>
      <line num="54" count="12" type="cond" truecount="1" falsecount="0"/>
      <line num="55" count="30" type="stmt"/>
      <line num="56" count="30" type="cond" truecount="2" falsecount="0"/>
      <line num="57" count="30" type="cond" truecount="1" falsecount="0"/>
      <line num="58" count="1" type="stmt"/>
      <line num="59" count="1" type="cond" truecount="1" falsecount="0"/>
      <line num="60" count="21" type="stmt"/>
      <line num="61" count="21" type="stmt"/>
      <line num="62" count="21" type="stmt"/>
      <line num="63" count="21" type="cond" truecount="1" falsecount="0"/>
      <line num="64" count="10" type="stmt"/>
      <line num="65" count="10" type="cond" truecount="1" falsecount="0"/>
      <line num="66" count="19" type="cond" truecount="1" falsecount="0"/>
      <line num="67" count="19" type="stmt"/>
      <line num="68" count="19" type="stmt"/>
      <line num="69" count="30" type="stmt"/>
      <line num="71" count="12" type="cond" truecount="1" falsecount="0"/>
      <line num="72" count="20" type="stmt"/>
      <line num="73" count="20" type="cond" truecount="1" falsecount="0"/>
      <line num="74" count="11" type="stmt"/>
      <line num="75" count="11" type="stmt"/>
    </file>
    <file name="hash.ts" path="C:\Users\khoiv\OneDrive\Documents\Code\Makedown\packages\engine\src\hash.ts">
      <metrics statements="42" coveredstatements="42" conditionals="13" coveredconditionals="13" methods="5" coveredmethods="5"/>
      <line num="1" count="1" type="stmt"/>
      <line num="9" count="1" type="cond" truecount="1" falsecount="0"/>
      <line num="10" count="52" type="stmt"/>
      <line num="11" count="52" type="stmt"/>
      <line num="14" count="1" type="cond" truecount="1" falsecount="0"/>
      <line num="15" count="91" type="stmt"/>
      <line num="16" count="91" type="stmt"/>
      <line num="18" count="426" type="cond" truecount="1" falsecount="0"/>
      <line num="19" count="426" type="cond" truecount="1" falsecount="0"/>
      <line num="20" count="58" type="stmt"/>
      <line num="21" count="58" type="cond" truecount="1" falsecount="0"/>
      <line num="22" count="426" type="cond" truecount="2" falsecount="0"/>
      <line num="23" count="91" type="stmt"/>
      <line num="24" count="91" type="cond" truecount="1" falsecount="0"/>
      <line num="25" count="279" type="stmt"/>
      <line num="26" count="279" type="stmt"/>
      <line num="27" count="91" type="stmt"/>
      <line num="28" count="91" type="cond" truecount="1" falsecount="0"/>
      <line num="29" count="277" type="stmt"/>
      <line num="30" count="277" type="stmt"/>
      <line num="37" count="29" type="cond" truecount="1" falsecount="0"/>
      <line num="38" count="29" type="stmt"/>
      <line num="39" count="29" type="stmt"/>
      <line num="40" count="29" type="stmt"/>
      <line num="41" count="29" type="stmt"/>
      <line num="42" count="29" type="cond" truecount="1" falsecount="0"/>
      <line num="43" count="29" type="stmt"/>
      <line num="44" count="29" type="stmt"/>
      <line num="45" count="29" type="stmt"/>
      <line num="46" count="29" type="stmt"/>
      <line num="47" count="29" type="stmt"/>
      <line num="48" count="29" type="stmt"/>
      <line num="61" count="1" type="cond" truecount="1" falsecount="0"/>
      <line num="62" count="29" type="stmt"/>
      <line num="63" count="29" type="stmt"/>
      <line num="64" count="29" type="stmt"/>
      <line num="65" count="29" type="stmt"/>
      <line num="66" count="29" type="cond" truecount="1" falsecount="0"/>
      <line num="67" count="29" type="stmt"/>
      <line num="68" count="29" type="stmt"/>
      <line num="69" count="29" type="stmt"/>
      <line num="70" count="29" type="stmt"/>
    </file>
    <file name="index.ts" path="C:\Users\khoiv\OneDrive\Documents\Code\Makedown\packages\engine\src\index.ts">
      <metrics statements="1" coveredstatements="0" conditionals="1" coveredconditionals="0" methods="1" coveredmethods="0"/>
      <line num="1" count="0" type="cond" truecount="0" falsecount="1"/>
    </file>
  </project>
</coverage>
