<?xml version="1.0" encoding="UTF-8"?>
<coverage generated="1781002220293" clover="3.2.0">
  <project timestamp="1781002220294" name="All files">
    <metrics statements="768" coveredstatements="738" conditionals="231" coveredconditionals="187" methods="68" coveredmethods="67" elements="1067" coveredelements="992" complexity="0" loc="768" ncloc="768" packages="1" files="6" classes="6"/>
    <file name="_testkit.ts" path="C:\Users\khoiv\OneDrive\Documents\Code\Makedown\packages\engine\src\_testkit.ts">
      <metrics statements="36" coveredstatements="36" conditionals="10" coveredconditionals="10" methods="8" coveredmethods="8"/>
      <line num="1" count="1" type="stmt"/>
      <line num="13" count="1" type="stmt"/>
      <line num="14" count="1" type="cond" truecount="1" falsecount="0"/>
      <line num="15" count="11" type="stmt"/>
      <line num="16" count="11" type="stmt"/>
      <line num="18" count="1" type="cond" truecount="1" falsecount="0"/>
      <line num="19" count="11" type="cond" truecount="2" falsecount="0"/>
      <line num="20" count="11" type="stmt"/>
      <line num="22" count="1" type="cond" truecount="1" falsecount="0"/>
      <line num="23" count="14" type="stmt"/>
      <line num="24" count="14" type="stmt"/>
      <line num="25" count="14" type="stmt"/>
      <line num="26" count="1" type="stmt"/>
      <line num="29" count="1" type="cond" truecount="1" falsecount="0"/>
      <line num="39" count="32" type="cond" truecount="1" falsecount="0"/>
      <line num="40" count="32" type="stmt"/>
      <line num="41" count="32" type="stmt"/>
      <line num="42" count="32" type="stmt"/>
      <line num="43" count="32" type="cond" truecount="1" falsecount="0"/>
      <line num="44" count="35" type="stmt"/>
      <line num="45" count="35" type="stmt"/>
      <line num="46" count="35" type="stmt"/>
      <line num="47" count="35" type="stmt"/>
      <line num="48" count="35" type="stmt"/>
      <line num="49" count="35" type="stmt"/>
      <line num="50" count="35" type="stmt"/>
      <line num="51" count="32" type="cond" truecount="1" falsecount="0"/>
      <line num="52" count="40" type="stmt"/>
      <line num="53" count="40" type="stmt"/>
      <line num="54" count="40" type="stmt"/>
      <line num="55" count="40" type="stmt"/>
      <line num="56" count="32" type="cond" truecount="1" falsecount="0"/>
      <line num="57" count="32" type="stmt"/>
      <line num="58" count="32" type="stmt"/>
      <line num="59" count="32" type="stmt"/>
      <line num="60" count="32" type="stmt"/>
    </file>
    <file name="build.ts" path="C:\Users\khoiv\OneDrive\Documents\Code\Makedown\packages\engine\src\build.ts">
      <metrics statements="552" coveredstatements="523" conditionals="152" coveredconditionals="115" methods="33" coveredmethods="33"/>
      <line num="1" count="1" type="stmt"/>
      <line num="28" count="1" type="stmt"/>
      <line num="29" count="1" type="cond" truecount="1" falsecount="0"/>
      <line num="30" count="1" type="stmt"/>
      <line num="31" count="1" type="stmt"/>
      <line num="32" count="1" type="stmt"/>
      <line num="33" count="1" type="stmt"/>
      <line num="60" count="46" type="cond" truecount="1" falsecount="0"/>
      <line num="61" count="46" type="stmt"/>
      <line num="62" count="46" type="cond" truecount="1" falsecount="0"/>
      <line num="63" count="46" type="stmt"/>
      <line num="64" count="46" type="stmt"/>
      <line num="66" count="46" type="cond" truecount="1" falsecount="0"/>
      <line num="67" count="54" type="stmt"/>
      <line num="68" count="54" type="cond" truecount="0" falsecount="1"/>
      <line num="70" count="54" type="stmt"/>
      <line num="71" count="54" type="stmt"/>
      <line num="72" count="54" type="cond" truecount="1" falsecount="0"/>
      <line num="73" count="54" type="stmt"/>
      <line num="74" count="54" type="stmt"/>
      <line num="75" count="54" type="stmt"/>
      <line num="76" count="54" type="stmt"/>
      <line num="77" count="54" type="stmt"/>
      <line num="79" count="54" type="stmt"/>
      <line num="80" count="54" type="stmt"/>
      <line num="81" count="54" type="stmt"/>
      <line num="83" count="46" type="stmt"/>
      <line num="84" count="46" type="stmt"/>
      <line num="91" count="54" type="cond" truecount="1" falsecount="0"/>
      <line num="92" count="54" type="stmt"/>
      <line num="93" count="54" type="cond" truecount="2" falsecount="0"/>
      <line num="94" count="54" type="cond" truecount="2" falsecount="0"/>
      <line num="95" count="44" type="stmt"/>
      <line num="96" count="44" type="stmt"/>
      <line num="98" count="54" type="cond" truecount="1" falsecount="0"/>
      <line num="99" count="54" type="stmt"/>
      <line num="100" count="54" type="stmt"/>
      <line num="101" count="54" type="stmt"/>
      <line num="102" count="54" type="stmt"/>
      <line num="103" count="54" type="stmt"/>
      <line num="104" count="54" type="cond" truecount="1" falsecount="0"/>
      <line num="105" count="54" type="stmt"/>
      <line num="106" count="54" type="stmt"/>
      <line num="107" count="54" type="cond" truecount="1" falsecount="0"/>
      <line num="109" count="8" type="stmt"/>
      <line num="110" count="54" type="cond" truecount="1" falsecount="0"/>
      <line num="111" count="46" type="stmt"/>
      <line num="112" count="46" type="stmt"/>
      <line num="113" count="46" type="stmt"/>
      <line num="114" count="54" type="stmt"/>
      <line num="115" count="54" type="stmt"/>
      <line num="116" count="54" type="stmt"/>
      <line num="124" count="54" type="cond" truecount="1" falsecount="0"/>
      <line num="125" count="54" type="stmt"/>
      <line num="126" count="54" type="stmt"/>
      <line num="127" count="54" type="stmt"/>
      <line num="128" count="54" type="cond" truecount="3" falsecount="0"/>
      <line num="129" count="10" type="stmt"/>
      <line num="130" count="10" type="stmt"/>
      <line num="131" count="10" type="stmt"/>
      <line num="132" count="10" type="cond" truecount="0" falsecount="1"/>
      <line num="133" count="0" type="stmt"/>
      <line num="134" count="0" type="stmt"/>
      <line num="135" count="10" type="stmt"/>
      <line num="136" count="44" type="stmt"/>
      <line num="137" count="44" type="stmt"/>
      <line num="146" count="33" type="cond" truecount="1" falsecount="0"/>
      <line num="147" count="33" type="stmt"/>
      <line num="148" count="33" type="cond" truecount="1" falsecount="0"/>
      <line num="149" count="33" type="cond" truecount="1" falsecount="0"/>
      <line num="150" count="33" type="stmt"/>
      <line num="151" count="33" type="stmt"/>
      <line num="153" count="33" type="cond" truecount="1" falsecount="0"/>
      <line num="154" count="39" type="stmt"/>
      <line num="155" count="39" type="cond" truecount="0" falsecount="1"/>
      <line num="157" count="39" type="cond" truecount="1" falsecount="0"/>
      <line num="158" count="35" type="cond" truecount="1" falsecount="0"/>
      <line num="159" count="30" type="stmt"/>
      <line num="160" count="39" type="cond" truecount="1" falsecount="0"/>
      <line num="161" count="4" type="stmt"/>
      <line num="162" count="4" type="stmt"/>
      <line num="163" count="4" type="stmt"/>
      <line num="164" count="39" type="cond" truecount="1" falsecount="0"/>
      <line num="166" count="28" type="stmt"/>
      <line num="167" count="28" type="stmt"/>
      <line num="170" count="35" type="cond" truecount="1" falsecount="0"/>
      <line num="171" count="35" type="stmt"/>
      <line num="172" count="35" type="stmt"/>
      <line num="173" count="35" type="stmt"/>
      <line num="174" count="35" type="stmt"/>
      <line num="175" count="35" type="stmt"/>
      <line num="176" count="35" type="stmt"/>
      <line num="177" count="35" type="cond" truecount="1" falsecount="0"/>
      <line num="178" count="35" type="cond" truecount="1" falsecount="0"/>
      <line num="179" count="23" type="cond" truecount="1" falsecount="0"/>
      <line num="180" count="6" type="cond" truecount="1" falsecount="0"/>
      <line num="181" count="17" type="stmt"/>
      <line num="182" count="35" type="cond" truecount="1" falsecount="0"/>
      <line num="183" count="6" type="stmt"/>
      <line num="184" count="35" type="cond" truecount="1" falsecount="0"/>
      <line num="185" count="5" type="stmt"/>
      <line num="186" count="35" type="cond" truecount="1" falsecount="0"/>
      <line num="187" count="1" type="stmt"/>
      <line num="188" count="1" type="stmt"/>
      <line num="189" count="1" type="stmt"/>
      <line num="190" count="35" type="stmt"/>
      <line num="191" count="35" type="stmt"/>
      <line num="194" count="17" type="cond" truecount="1" falsecount="0"/>
      <line num="195" count="17" type="stmt"/>
      <line num="196" count="17" type="stmt"/>
      <line num="197" count="17" type="stmt"/>
      <line num="198" count="17" type="stmt"/>
      <line num="199" count="17" type="stmt"/>
      <line num="200" count="17" type="cond" truecount="1" falsecount="0"/>
      <line num="201" count="1" type="stmt"/>
      <line num="202" count="1" type="stmt"/>
      <line num="203" count="1" type="stmt"/>
      <line num="204" count="1" type="cond" truecount="1" falsecount="0"/>
      <line num="206" count="16" type="stmt"/>
      <line num="207" count="16" type="cond" truecount="1" falsecount="0"/>
      <line num="208" count="1" type="cond" truecount="1" falsecount="0"/>
      <line num="209" count="15" type="stmt"/>
      <line num="210" count="17" type="stmt"/>
      <line num="211" count="17" type="stmt"/>
      <line num="212" count="17" type="cond" truecount="0" falsecount="1"/>
      <line num="213" count="17" type="stmt"/>
      <line num="214" count="17" type="stmt"/>
      <line num="215" count="17" type="stmt"/>
      <line num="216" count="17" type="cond" truecount="1" falsecount="0"/>
      <line num="217" count="16" type="stmt"/>
      <line num="222" count="17" type="cond" truecount="2" falsecount="0"/>
      <line num="223" count="2" type="stmt"/>
      <line num="224" count="2" type="cond" truecount="1" falsecount="0"/>
      <line num="226" count="15" type="stmt"/>
      <line num="227" count="15" type="stmt"/>
      <line num="228" count="15" type="stmt"/>
      <line num="230" count="15" type="stmt"/>
      <line num="231" count="15" type="stmt"/>
      <line num="232" count="15" type="stmt"/>
      <line num="233" count="15" type="stmt"/>
      <line num="234" count="15" type="stmt"/>
      <line num="235" count="15" type="stmt"/>
      <line num="236" count="15" type="stmt"/>
      <line num="237" count="15" type="stmt"/>
      <line num="238" count="15" type="stmt"/>
      <line num="239" count="15" type="stmt"/>
      <line num="240" count="15" type="stmt"/>
      <line num="241" count="15" type="stmt"/>
      <line num="242" count="15" type="stmt"/>
      <line num="243" count="15" type="stmt"/>
      <line num="244" count="15" type="stmt"/>
      <line num="245" count="15" type="stmt"/>
      <line num="253" count="6" type="cond" truecount="1" falsecount="0"/>
      <line num="254" count="6" type="stmt"/>
      <line num="255" count="6" type="stmt"/>
      <line num="256" count="6" type="stmt"/>
      <line num="257" count="6" type="stmt"/>
      <line num="258" count="6" type="stmt"/>
      <line num="259" count="6" type="cond" truecount="0" falsecount="1"/>
      <line num="260" count="0" type="stmt"/>
      <line num="261" count="0" type="stmt"/>
      <line num="262" count="0" type="stmt"/>
      <line num="263" count="0" type="stmt"/>
      <line num="264" count="6" type="stmt"/>
      <line num="265" count="6" type="cond" truecount="0" falsecount="1"/>
      <line num="266" count="6" type="stmt"/>
      <line num="268" count="6" type="stmt"/>
      <line num="269" count="6" type="cond" truecount="0" falsecount="1"/>
      <line num="270" count="0" type="stmt"/>
      <line num="271" count="6" type="stmt"/>
      <line num="273" count="6" type="cond" truecount="1" falsecount="0"/>
      <line num="274" count="16" type="stmt"/>
      <line num="275" count="16" type="stmt"/>
      <line num="276" count="16" type="cond" truecount="0" falsecount="1"/>
      <line num="277" count="16" type="stmt"/>
      <line num="278" count="16" type="stmt"/>
      <line num="279" count="16" type="stmt"/>
      <line num="280" count="16" type="cond" truecount="1" falsecount="0"/>
      <line num="281" count="15" type="stmt"/>
      <line num="282" count="15" type="stmt"/>
      <line num="283" count="15" type="stmt"/>
      <line num="284" count="15" type="stmt"/>
      <line num="285" count="15" type="stmt"/>
      <line num="286" count="15" type="stmt"/>
      <line num="287" count="15" type="stmt"/>
      <line num="288" count="15" type="stmt"/>
      <line num="289" count="15" type="stmt"/>
      <line num="290" count="15" type="stmt"/>
      <line num="291" count="15" type="stmt"/>
      <line num="292" count="15" type="stmt"/>
      <line num="293" count="15" type="stmt"/>
      <line num="294" count="15" type="stmt"/>
      <line num="295" count="15" type="stmt"/>
      <line num="296" count="15" type="stmt"/>
      <line num="297" count="15" type="stmt"/>
      <line num="298" count="15" type="stmt"/>
      <line num="299" count="15" type="stmt"/>
      <line num="300" count="15" type="stmt"/>
      <line num="301" count="15" type="stmt"/>
      <line num="302" count="15" type="cond" truecount="1" falsecount="0"/>
      <line num="304" count="5" type="stmt"/>
      <line num="305" count="5" type="stmt"/>
      <line num="308" count="5" type="cond" truecount="1" falsecount="0"/>
      <line num="309" count="5" type="stmt"/>
      <line num="310" count="5" type="stmt"/>
      <line num="311" count="5" type="stmt"/>
      <line num="312" count="5" type="stmt"/>
      <line num="313" count="5" type="stmt"/>
      <line num="314" count="5" type="stmt"/>
      <line num="315" count="5" type="cond" truecount="0" falsecount="2"/>
      <line num="316" count="0" type="stmt"/>
      <line num="317" count="5" type="stmt"/>
      <line num="318" count="5" type="stmt"/>
      <line num="319" count="5" type="stmt"/>
      <line num="320" count="5" type="cond" truecount="0" falsecount="1"/>
      <line num="321" count="0" type="cond" truecount="0" falsecount="1"/>
      <line num="322" count="5" type="stmt"/>
      <line num="323" count="5" type="stmt"/>
      <line num="326" count="2" type="cond" truecount="1" falsecount="0"/>
      <line num="327" count="2" type="stmt"/>
      <line num="328" count="2" type="stmt"/>
      <line num="329" count="2" type="cond" truecount="1" falsecount="0"/>
      <line num="330" count="1" type="stmt"/>
      <line num="331" count="1" type="stmt"/>
      <line num="332" count="1" type="stmt"/>
      <line num="333" count="1" type="stmt"/>
      <line num="334" count="2" type="stmt"/>
      <line num="341" count="5" type="cond" truecount="1" falsecount="0"/>
      <line num="342" count="5" type="stmt"/>
      <line num="343" count="5" type="stmt"/>
      <line num="344" count="5" type="stmt"/>
      <line num="345" count="5" type="stmt"/>
      <line num="346" count="5" type="stmt"/>
      <line num="347" count="5" type="cond" truecount="0" falsecount="1"/>
      <line num="348" count="0" type="stmt"/>
      <line num="349" count="0" type="stmt"/>
      <line num="350" count="5" type="stmt"/>
      <line num="351" count="5" type="cond" truecount="0" falsecount="1"/>
      <line num="352" count="0" type="stmt"/>
      <line num="353" count="0" type="stmt"/>
      <line num="355" count="5" type="stmt"/>
      <line num="356" count="5" type="stmt"/>
      <line num="357" count="5" type="stmt"/>
      <line num="358" count="5" type="stmt"/>
      <line num="359" count="5" type="stmt"/>
      <line num="361" count="5" type="stmt"/>
      <line num="362" count="5" type="cond" truecount="1" falsecount="0"/>
      <line num="363" count="9" type="stmt"/>
      <line num="364" count="9" type="stmt"/>
      <line num="365" count="9" type="cond" truecount="0" falsecount="1"/>
      <line num="366" count="0" type="stmt"/>
      <line num="367" count="9" type="stmt"/>
      <line num="368" count="9" type="stmt"/>
      <line num="369" count="9" type="cond" truecount="0" falsecount="1"/>
      <line num="370" count="9" type="stmt"/>
      <line num="371" count="9" type="stmt"/>
      <line num="372" count="9" type="stmt"/>
      <line num="373" count="9" type="stmt"/>
      <line num="374" count="9" type="stmt"/>
      <line num="375" count="9" type="stmt"/>
      <line num="376" count="9" type="stmt"/>
      <line num="377" count="9" type="cond" truecount="0" falsecount="1"/>
      <line num="378" count="9" type="stmt"/>
      <line num="379" count="5" type="stmt"/>
      <line num="381" count="5" type="stmt"/>
      <line num="382" count="5" type="stmt"/>
      <line num="383" count="5" type="stmt"/>
      <line num="385" count="5" type="stmt"/>
      <line num="386" count="5" type="stmt"/>
      <line num="387" count="5" type="stmt"/>
      <line num="388" count="5" type="stmt"/>
      <line num="389" count="5" type="stmt"/>
      <line num="390" count="5" type="stmt"/>
      <line num="391" count="5" type="stmt"/>
      <line num="392" count="5" type="stmt"/>
      <line num="393" count="5" type="stmt"/>
      <line num="394" count="5" type="stmt"/>
      <line num="395" count="5" type="stmt"/>
      <line num="396" count="5" type="stmt"/>
      <line num="397" count="5" type="stmt"/>
      <line num="398" count="5" type="stmt"/>
      <line num="399" count="5" type="stmt"/>
      <line num="400" count="5" type="stmt"/>
      <line num="406" count="6" type="cond" truecount="1" falsecount="0"/>
      <line num="407" count="6" type="stmt"/>
      <line num="408" count="6" type="cond" truecount="1" falsecount="0"/>
      <line num="409" count="5" type="stmt"/>
      <line num="410" count="5" type="stmt"/>
      <line num="411" count="5" type="stmt"/>
      <line num="412" count="5" type="cond" truecount="1" falsecount="1"/>
      <line num="413" count="5" type="stmt"/>
      <line num="414" count="5" type="cond" truecount="0" falsecount="1"/>
      <line num="416" count="0" type="stmt"/>
      <line num="417" count="5" type="cond" truecount="1" falsecount="0"/>
      <line num="418" count="1" type="stmt"/>
      <line num="419" count="1" type="stmt"/>
      <line num="420" count="1" type="cond" truecount="1" falsecount="0"/>
      <line num="421" count="1" type="cond" truecount="1" falsecount="0"/>
      <line num="422" count="1" type="stmt"/>
      <line num="431" count="6" type="cond" truecount="1" falsecount="0"/>
      <line num="432" count="6" type="stmt"/>
      <line num="433" count="6" type="stmt"/>
      <line num="434" count="6" type="stmt"/>
      <line num="435" count="6" type="stmt"/>
      <line num="436" count="6" type="stmt"/>
      <line num="437" count="6" type="cond" truecount="1" falsecount="0"/>
      <line num="438" count="5" type="stmt"/>
      <line num="440" count="5" type="stmt"/>
      <line num="441" count="5" type="stmt"/>
      <line num="442" count="5" type="stmt"/>
      <line num="444" count="5" type="stmt"/>
      <line num="445" count="5" type="stmt"/>
      <line num="446" count="5" type="stmt"/>
      <line num="448" count="5" type="stmt"/>
      <line num="449" count="5" type="stmt"/>
      <line num="450" count="5" type="stmt"/>
      <line num="451" count="5" type="stmt"/>
      <line num="452" count="5" type="stmt"/>
      <line num="453" count="5" type="stmt"/>
      <line num="454" count="5" type="stmt"/>
      <line num="455" count="5" type="stmt"/>
      <line num="456" count="5" type="stmt"/>
      <line num="457" count="5" type="stmt"/>
      <line num="458" count="5" type="stmt"/>
      <line num="459" count="5" type="stmt"/>
      <line num="460" count="5" type="stmt"/>
      <line num="461" count="5" type="stmt"/>
      <line num="462" count="5" type="stmt"/>
      <line num="470" count="6" type="cond" truecount="1" falsecount="0"/>
      <line num="471" count="6" type="stmt"/>
      <line num="472" count="6" type="cond" truecount="0" falsecount="1"/>
      <line num="473" count="0" type="stmt"/>
      <line num="474" count="0" type="stmt"/>
      <line num="475" count="6" type="stmt"/>
      <line num="476" count="6" type="stmt"/>
      <line num="477" count="6" type="stmt"/>
      <line num="478" count="6" type="stmt"/>
      <line num="479" count="6" type="cond" truecount="0" falsecount="1"/>
      <line num="480" count="0" type="stmt"/>
      <line num="481" count="0" type="stmt"/>
      <line num="482" count="6" type="stmt"/>
      <line num="484" count="6" type="stmt"/>
      <line num="485" count="6" type="stmt"/>
      <line num="486" count="6" type="cond" truecount="1" falsecount="0"/>
      <line num="487" count="6" type="cond" truecount="1" falsecount="0"/>
      <line num="488" count="1" type="stmt"/>
      <line num="489" count="1" type="stmt"/>
      <line num="490" count="1" type="stmt"/>
      <line num="491" count="1" type="cond" truecount="1" falsecount="0"/>
      <line num="492" count="5" type="stmt"/>
      <line num="493" count="5" type="stmt"/>
      <line num="496" count="5" type="cond" truecount="1" falsecount="0"/>
      <line num="497" count="5" type="stmt"/>
      <line num="498" count="5" type="stmt"/>
      <line num="499" count="5" type="stmt"/>
      <line num="500" count="5" type="stmt"/>
      <line num="501" count="5" type="stmt"/>
      <line num="502" count="5" type="stmt"/>
      <line num="503" count="5" type="stmt"/>
      <line num="504" count="5" type="stmt"/>
      <line num="505" count="5" type="stmt"/>
      <line num="506" count="5" type="stmt"/>
      <line num="507" count="5" type="stmt"/>
      <line num="509" count="5" type="cond" truecount="1" falsecount="0"/>
      <line num="510" count="5" type="cond" truecount="0" falsecount="1"/>
      <line num="511" count="5" type="cond" truecount="0" falsecount="1"/>
      <line num="512" count="0" type="stmt"/>
      <line num="513" count="0" type="stmt"/>
      <line num="514" count="0" type="stmt"/>
      <line num="515" count="0" type="stmt"/>
      <line num="517" count="40" type="cond" truecount="1" falsecount="0"/>
      <line num="518" count="40" type="cond" truecount="0" falsecount="1"/>
      <line num="519" count="40" type="stmt"/>
      <line num="522" count="4" type="cond" truecount="1" falsecount="0"/>
      <line num="523" count="4" type="stmt"/>
      <line num="524" count="4" type="stmt"/>
      <line num="525" count="4" type="stmt"/>
      <line num="527" count="34" type="cond" truecount="1" falsecount="0"/>
      <line num="528" count="34" type="stmt"/>
      <line num="529" count="34" type="stmt"/>
      <line num="530" count="34" type="stmt"/>
      <line num="531" count="34" type="stmt"/>
      <line num="533" count="1" type="stmt"/>
      <line num="541" count="39" type="cond" truecount="1" falsecount="0"/>
      <line num="542" count="39" type="stmt"/>
      <line num="543" count="39" type="stmt"/>
      <line num="544" count="39" type="stmt"/>
      <line num="545" count="39" type="stmt"/>
      <line num="546" count="39" type="stmt"/>
      <line num="547" count="39" type="stmt"/>
      <line num="549" count="39" type="cond" truecount="1" falsecount="0"/>
      <line num="550" count="38" type="stmt"/>
      <line num="551" count="38" type="stmt"/>
      <line num="552" count="38" type="stmt"/>
      <line num="554" count="38" type="cond" truecount="1" falsecount="0"/>
      <line num="555" count="38" type="cond" truecount="2" falsecount="0"/>
      <line num="556" count="28" type="stmt"/>
      <line num="557" count="28" type="cond" truecount="1" falsecount="0"/>
      <line num="558" count="27" type="stmt"/>
      <line num="559" count="38" type="cond" truecount="1" falsecount="0"/>
      <line num="560" count="1" type="cond" truecount="0" falsecount="1"/>
      <line num="561" count="0" type="stmt"/>
      <line num="562" count="0" type="stmt"/>
      <line num="563" count="39" type="stmt"/>
      <line num="564" count="39" type="stmt"/>
      <line num="575" count="2" type="cond" truecount="1" falsecount="0"/>
      <line num="576" count="2" type="stmt"/>
      <line num="577" count="2" type="stmt"/>
      <line num="578" count="2" type="stmt"/>
      <line num="579" count="2" type="stmt"/>
      <line num="580" count="2" type="cond" truecount="1" falsecount="0"/>
      <line num="581" count="2" type="cond" truecount="0" falsecount="1"/>
      <line num="582" count="2" type="cond" truecount="1" falsecount="0"/>
      <line num="583" count="2" type="stmt"/>
      <line num="584" count="2" type="cond" truecount="1" falsecount="0"/>
      <line num="585" count="1" type="stmt"/>
      <line num="586" count="1" type="stmt"/>
      <line num="587" count="2" type="stmt"/>
      <line num="588" count="2" type="stmt"/>
      <line num="590" count="39" type="cond" truecount="1" falsecount="0"/>
      <line num="591" count="39" type="stmt"/>
      <line num="592" count="39" type="stmt"/>
      <line num="593" count="39" type="stmt"/>
      <line num="594" count="39" type="stmt"/>
      <line num="597" count="39" type="cond" truecount="1" falsecount="0"/>
      <line num="598" count="39" type="cond" truecount="1" falsecount="0"/>
      <line num="599" count="38" type="stmt"/>
      <line num="600" count="38" type="stmt"/>
      <line num="602" count="38" type="cond" truecount="1" falsecount="0"/>
      <line num="603" count="38" type="stmt"/>
      <line num="604" count="38" type="cond" truecount="2" falsecount="0"/>
      <line num="605" count="38" type="stmt"/>
      <line num="607" count="1" type="stmt"/>
      <line num="610" count="37" type="cond" truecount="1" falsecount="0"/>
      <line num="611" count="37" type="cond" truecount="3" falsecount="0"/>
      <line num="612" count="1" type="stmt"/>
      <line num="613" count="11" type="cond" truecount="1" falsecount="1"/>
      <line num="614" count="1" type="stmt"/>
      <line num="615" count="1" type="stmt"/>
      <line num="616" count="37" type="cond" truecount="0" falsecount="1"/>
      <line num="617" count="37" type="stmt"/>
      <line num="619" count="39" type="cond" truecount="1" falsecount="0"/>
      <line num="620" count="39" type="stmt"/>
      <line num="621" count="39" type="stmt"/>
      <line num="622" count="39" type="stmt"/>
      <line num="623" count="39" type="stmt"/>
      <line num="624" count="39" type="stmt"/>
      <line num="625" count="39" type="cond" truecount="1" falsecount="1"/>
      <line num="626" count="39" type="stmt"/>
      <line num="627" count="39" type="stmt"/>
      <line num="628" count="39" type="cond" truecount="1" falsecount="0"/>
      <line num="629" count="38" type="cond" truecount="0" falsecount="1"/>
      <line num="630" count="38" type="cond" truecount="0" falsecount="1"/>
      <line num="631" count="38" type="stmt"/>
      <line num="632" count="39" type="stmt"/>
      <line num="633" count="39" type="stmt"/>
      <line num="634" count="39" type="stmt"/>
      <line num="638" count="1" type="stmt"/>
      <line num="641" count="1" type="cond" truecount="1" falsecount="0"/>
      <line num="642" count="7" type="stmt"/>
      <line num="643" count="7" type="stmt"/>
      <line num="667" count="9" type="cond" truecount="1" falsecount="0"/>
      <line num="668" count="9" type="cond" truecount="2" falsecount="0"/>
      <line num="669" count="9" type="stmt"/>
      <line num="676" count="5" type="cond" truecount="1" falsecount="0"/>
      <line num="677" count="5" type="stmt"/>
      <line num="678" count="5" type="cond" truecount="1" falsecount="0"/>
      <line num="679" count="5" type="cond" truecount="1" falsecount="0"/>
      <line num="681" count="5" type="stmt"/>
      <line num="682" count="5" type="stmt"/>
      <line num="683" count="5" type="stmt"/>
      <line num="685" count="5" type="stmt"/>
      <line num="686" count="5" type="stmt"/>
      <line num="687" count="5" type="cond" truecount="0" falsecount="1"/>
      <line num="688" count="5" type="stmt"/>
      <line num="689" count="5" type="stmt"/>
      <line num="690" count="5" type="cond" truecount="2" falsecount="0"/>
      <line num="691" count="3" type="cond" truecount="2" falsecount="0"/>
      <line num="692" count="2" type="stmt"/>
      <line num="693" count="3" type="stmt"/>
      <line num="694" count="5" type="stmt"/>
      <line num="695" count="5" type="stmt"/>
      <line num="696" count="5" type="stmt"/>
      <line num="698" count="5" type="cond" truecount="1" falsecount="0"/>
      <line num="699" count="5" type="stmt"/>
      <line num="700" count="5" type="stmt"/>
      <line num="701" count="5" type="stmt"/>
      <line num="702" count="5" type="stmt"/>
      <line num="703" count="5" type="stmt"/>
      <line num="704" count="5" type="stmt"/>
      <line num="705" count="5" type="stmt"/>
      <line num="707" count="5" type="cond" truecount="1" falsecount="0"/>
      <line num="708" count="1" type="stmt"/>
      <line num="709" count="1" type="cond" truecount="1" falsecount="0"/>
      <line num="711" count="4" type="stmt"/>
      <line num="713" count="5" type="cond" truecount="1" falsecount="0"/>
      <line num="714" count="1" type="stmt"/>
      <line num="715" count="1" type="cond" truecount="0" falsecount="1"/>
      <line num="716" count="0" type="stmt"/>
      <line num="717" count="1" type="cond" truecount="0" falsecount="1"/>
      <line num="718" count="1" type="stmt"/>
      <line num="719" count="1" type="stmt"/>
      <line num="720" count="1" type="stmt"/>
      <line num="721" count="1" type="stmt"/>
      <line num="722" count="1" type="stmt"/>
      <line num="723" count="1" type="stmt"/>
      <line num="724" count="1" type="stmt"/>
      <line num="725" count="1" type="stmt"/>
      <line num="726" count="1" type="stmt"/>
      <line num="727" count="1" type="cond" truecount="1" falsecount="0"/>
      <line num="730" count="3" type="stmt"/>
      <line num="731" count="3" type="stmt"/>
      <line num="732" count="3" type="stmt"/>
      <line num="733" count="3" type="stmt"/>
      <line num="734" count="3" type="stmt"/>
      <line num="735" count="3" type="stmt"/>
      <line num="736" count="3" type="stmt"/>
      <line num="737" count="3" type="stmt"/>
      <line num="738" count="3" type="stmt"/>
      <line num="741" count="4" type="cond" truecount="1" falsecount="0"/>
      <line num="742" count="4" type="stmt"/>
      <line num="743" count="4" type="stmt"/>
      <line num="744" count="4" type="stmt"/>
      <line num="745" count="4" type="stmt"/>
      <line num="746" count="4" type="stmt"/>
      <line num="747" count="4" type="cond" truecount="2" falsecount="0"/>
      <line num="748" count="4" type="stmt"/>
      <line num="749" count="4" type="cond" truecount="0" falsecount="1"/>
      <line num="750" count="0" type="stmt"/>
      <line num="751" count="4" type="stmt"/>
      <line num="752" count="4" type="stmt"/>
      <line num="753" count="4" type="stmt"/>
      <line num="755" count="1" type="cond" truecount="1" falsecount="0"/>
      <line num="756" count="1" type="stmt"/>
      <line num="757" count="1" type="stmt"/>
      <line num="758" count="1" type="stmt"/>
      <line num="759" count="1" type="stmt"/>
      <line num="760" count="1" type="stmt"/>
      <line num="761" count="1" type="stmt"/>
      <line num="762" count="1" type="cond" truecount="0" falsecount="1"/>
      <line num="763" count="0" type="stmt"/>
      <line num="764" count="0" type="stmt"/>
      <line num="765" count="1" type="stmt"/>
      <line num="767" count="4" type="cond" truecount="1" falsecount="0"/>
      <line num="768" count="4" type="stmt"/>
      <line num="769" count="4" type="stmt"/>
      <line num="770" count="4" type="stmt"/>
      <line num="771" count="4" type="stmt"/>
      <line num="772" count="4" type="cond" truecount="0" falsecount="1"/>
      <line num="773" count="4" type="stmt"/>
      <line num="774" count="4" type="stmt"/>
      <line num="775" count="4" type="stmt"/>
    </file>
    <file name="cas.ts" path="C:\Users\khoiv\OneDrive\Documents\Code\Makedown\packages\engine\src\cas.ts">
      <metrics statements="84" coveredstatements="84" conditionals="31" coveredconditionals="25" methods="17" coveredmethods="17"/>
      <line num="1" count="1" type="stmt"/>
      <line num="36" count="1" type="stmt"/>
      <line num="38" count="166" type="cond" truecount="1" falsecount="0"/>
      <line num="39" count="166" type="cond" truecount="0" falsecount="1"/>
      <line num="40" count="166" type="stmt"/>
      <line num="42" count="70" type="cond" truecount="1" falsecount="0"/>
      <line num="43" count="70" type="stmt"/>
      <line num="44" count="70" type="cond" truecount="1" falsecount="0"/>
      <line num="45" count="29" type="stmt"/>
      <line num="46" count="70" type="cond" truecount="1" falsecount="0"/>
      <line num="47" count="41" type="stmt"/>
      <line num="48" count="41" type="stmt"/>
      <line num="49" count="70" type="stmt"/>
      <line num="52" count="1" type="stmt"/>
      <line num="53" count="1" type="cond" truecount="1" falsecount="0"/>
      <line num="55" count="1" type="cond" truecount="1" falsecount="0"/>
      <line num="56" count="78" type="stmt"/>
      <line num="57" count="78" type="stmt"/>
      <line num="58" count="78" type="stmt"/>
      <line num="60" count="1" type="cond" truecount="1" falsecount="0"/>
      <line num="61" count="34" type="stmt"/>
      <line num="62" count="34" type="stmt"/>
      <line num="64" count="1" type="cond" truecount="1" falsecount="0"/>
      <line num="65" count="54" type="stmt"/>
      <line num="66" count="54" type="stmt"/>
      <line num="68" count="1" type="cond" truecount="1" falsecount="0"/>
      <line num="69" count="44" type="stmt"/>
      <line num="70" count="44" type="stmt"/>
      <line num="72" count="1" type="cond" truecount="1" falsecount="0"/>
      <line num="73" count="4" type="stmt"/>
      <line num="74" count="4" type="cond" truecount="0" falsecount="1"/>
      <line num="75" count="4" type="stmt"/>
      <line num="76" count="4" type="stmt"/>
      <line num="78" count="1" type="cond" truecount="1" falsecount="0"/>
      <line num="79" count="30" type="stmt"/>
      <line num="80" count="30" type="stmt"/>
      <line num="81" count="30" type="stmt"/>
      <line num="82" count="30" type="stmt"/>
      <line num="84" count="1" type="cond" truecount="1" falsecount="0"/>
      <line num="85" count="4" type="stmt"/>
      <line num="86" count="4" type="cond" truecount="0" falsecount="1"/>
      <line num="87" count="4" type="stmt"/>
      <line num="88" count="4" type="stmt"/>
      <line num="90" count="1" type="cond" truecount="1" falsecount="0"/>
      <line num="91" count="30" type="stmt"/>
      <line num="92" count="30" type="stmt"/>
      <line num="93" count="30" type="stmt"/>
      <line num="94" count="30" type="stmt"/>
      <line num="96" count="1" type="cond" truecount="1" falsecount="0"/>
      <line num="97" count="18" type="stmt"/>
      <line num="98" count="18" type="cond" truecount="1" falsecount="0"/>
      <line num="99" count="8" type="cond" truecount="1" falsecount="0"/>
      <line num="100" count="18" type="cond" truecount="1" falsecount="0"/>
      <line num="101" count="10" type="stmt"/>
      <line num="102" count="10" type="stmt"/>
      <line num="103" count="18" type="stmt"/>
      <line num="105" count="1" type="cond" truecount="1" falsecount="0"/>
      <line num="106" count="17" type="stmt"/>
      <line num="107" count="17" type="stmt"/>
      <line num="108" count="17" type="stmt"/>
      <line num="109" count="17" type="stmt"/>
      <line num="110" count="17" type="stmt"/>
      <line num="112" count="1" type="cond" truecount="1" falsecount="0"/>
      <line num="113" count="6" type="stmt"/>
      <line num="114" count="6" type="cond" truecount="0" falsecount="1"/>
      <line num="115" count="6" type="stmt"/>
      <line num="116" count="6" type="stmt"/>
      <line num="118" count="1" type="cond" truecount="1" falsecount="0"/>
      <line num="119" count="5" type="stmt"/>
      <line num="120" count="5" type="cond" truecount="0" falsecount="1"/>
      <line num="121" count="5" type="stmt"/>
      <line num="122" count="5" type="stmt"/>
      <line num="124" count="1" type="cond" truecount="1" falsecount="0"/>
      <line num="125" count="7" type="stmt"/>
      <line num="126" count="7" type="cond" truecount="2" falsecount="0"/>
      <line num="127" count="1" type="stmt"/>
      <line num="128" count="7" type="cond" truecount="1" falsecount="1"/>
      <line num="129" count="7" type="stmt"/>
      <line num="131" count="1" type="cond" truecount="1" falsecount="0"/>
      <line num="132" count="1" type="stmt"/>
      <line num="133" count="1" type="stmt"/>
      <line num="134" count="1" type="stmt"/>
      <line num="135" count="1" type="stmt"/>
      <line num="136" count="1" type="stmt"/>
    </file>
    <file name="graph.ts" path="C:\Users\khoiv\OneDrive\Documents\Code\Makedown\packages\engine\src\graph.ts">
      <metrics statements="49" coveredstatements="49" conditionals="18" coveredconditionals="18" methods="4" coveredmethods="4"/>
      <line num="1" count="1" type="stmt"/>
      <line num="22" count="1" type="stmt"/>
      <line num="23" count="1" type="cond" truecount="1" falsecount="0"/>
      <line num="24" count="1" type="stmt"/>
      <line num="25" count="1" type="stmt"/>
      <line num="26" count="1" type="stmt"/>
      <line num="27" count="1" type="stmt"/>
      <line num="29" count="1" type="cond" truecount="1" falsecount="0"/>
      <line num="30" count="48" type="cond" truecount="1" falsecount="0"/>
      <line num="31" count="48" type="stmt"/>
      <line num="33" count="48" type="cond" truecount="1" falsecount="0"/>
      <line num="34" count="58" type="stmt"/>
      <line num="35" count="58" type="stmt"/>
      <line num="36" count="58" type="cond" truecount="1" falsecount="0"/>
      <line num="37" count="58" type="stmt"/>
      <line num="38" count="58" type="cond" truecount="1" falsecount="0"/>
      <line num="39" count="11" type="stmt"/>
      <line num="40" count="58" type="cond" truecount="1" falsecount="0"/>
      <line num="41" count="47" type="stmt"/>
      <line num="42" count="47" type="stmt"/>
      <line num="43" count="58" type="stmt"/>
      <line num="44" count="58" type="stmt"/>
      <line num="45" count="58" type="stmt"/>
      <line num="47" count="48" type="stmt"/>
      <line num="48" count="48" type="stmt"/>
      <line num="50" count="48" type="cond" truecount="1" falsecount="0"/>
      <line num="51" count="48" type="stmt"/>
      <line num="52" count="48" type="stmt"/>
      <line num="54" count="48" type="cond" truecount="1" falsecount="0"/>
      <line num="55" count="68" type="stmt"/>
      <line num="56" count="68" type="cond" truecount="2" falsecount="0"/>
      <line num="57" count="68" type="cond" truecount="1" falsecount="0"/>
      <line num="58" count="1" type="stmt"/>
      <line num="59" count="1" type="cond" truecount="1" falsecount="0"/>
      <line num="60" count="58" type="stmt"/>
      <line num="61" count="58" type="stmt"/>
      <line num="62" count="58" type="stmt"/>
      <line num="63" count="58" type="cond" truecount="1" falsecount="0"/>
      <line num="64" count="11" type="stmt"/>
      <line num="65" count="11" type="cond" truecount="1" falsecount="0"/>
      <line num="66" count="56" type="cond" truecount="1" falsecount="0"/>
      <line num="67" count="56" type="stmt"/>
      <line num="68" count="56" type="stmt"/>
      <line num="69" count="68" type="stmt"/>
      <line num="71" count="48" type="cond" truecount="1" falsecount="0"/>
      <line num="72" count="57" type="stmt"/>
      <line num="73" count="57" type="cond" truecount="1" falsecount="0"/>
      <line num="74" count="47" type="stmt"/>
      <line num="75" count="47" type="stmt"/>
    </file>
    <file name="hash.ts" path="C:\Users\khoiv\OneDrive\Documents\Code\Makedown\packages\engine\src\hash.ts">
      <metrics statements="46" coveredstatements="46" conditionals="19" coveredconditionals="19" methods="5" coveredmethods="5"/>
      <line num="1" count="1" type="stmt"/>
      <line num="9" count="1" type="cond" truecount="1" falsecount="0"/>
      <line num="10" count="168" type="stmt"/>
      <line num="11" count="168" type="stmt"/>
      <line num="14" count="1" type="cond" truecount="1" falsecount="0"/>
      <line num="15" count="212" type="stmt"/>
      <line num="16" count="212" type="stmt"/>
      <line num="18" count="1045" type="cond" truecount="1" falsecount="0"/>
      <line num="19" count="1045" type="cond" truecount="1" falsecount="0"/>
      <line num="20" count="142" type="stmt"/>
      <line num="21" count="142" type="cond" truecount="1" falsecount="0"/>
      <line num="22" count="1045" type="cond" truecount="2" falsecount="0"/>
      <line num="23" count="204" type="stmt"/>
      <line num="24" count="204" type="cond" truecount="1" falsecount="0"/>
      <line num="25" count="691" type="stmt"/>
      <line num="26" count="691" type="stmt"/>
      <line num="27" count="204" type="stmt"/>
      <line num="28" count="204" type="cond" truecount="1" falsecount="0"/>
      <line num="29" count="699" type="stmt"/>
      <line num="30" count="699" type="stmt"/>
      <line num="37" count="66" type="cond" truecount="1" falsecount="0"/>
      <line num="38" count="66" type="stmt"/>
      <line num="39" count="66" type="stmt"/>
      <line num="40" count="66" type="stmt"/>
      <line num="41" count="66" type="cond" truecount="1" falsecount="0"/>
      <line num="42" count="66" type="stmt"/>
      <line num="43" count="66" type="cond" truecount="1" falsecount="0"/>
      <line num="44" count="66" type="stmt"/>
      <line num="45" count="66" type="cond" truecount="1" falsecount="0"/>
      <line num="46" count="66" type="cond" truecount="1" falsecount="0"/>
      <line num="47" count="66" type="cond" truecount="1" falsecount="0"/>
      <line num="48" count="66" type="stmt"/>
      <line num="49" count="66" type="stmt"/>
      <line num="69" count="1" type="cond" truecount="1" falsecount="0"/>
      <line num="70" count="66" type="stmt"/>
      <line num="71" count="66" type="stmt"/>
      <line num="72" count="66" type="stmt"/>
      <line num="73" count="66" type="stmt"/>
      <line num="74" count="66" type="cond" truecount="1" falsecount="0"/>
      <line num="75" count="66" type="stmt"/>
      <line num="76" count="66" type="stmt"/>
      <line num="77" count="66" type="cond" truecount="2" falsecount="0"/>
      <line num="78" count="10" type="stmt"/>
      <line num="79" count="10" type="stmt"/>
      <line num="80" count="66" type="stmt"/>
      <line num="81" count="66" type="stmt"/>
    </file>
    <file name="index.ts" path="C:\Users\khoiv\OneDrive\Documents\Code\Makedown\packages\engine\src\index.ts">
      <metrics statements="1" coveredstatements="0" conditionals="1" coveredconditionals="0" methods="1" coveredmethods="0"/>
      <line num="1" count="0" type="cond" truecount="0" falsecount="1"/>
    </file>
  </project>
</coverage>
