{"C:\\Users\\khoiv\\OneDrive\\Documents\\Code\\Makedown\\packages\\engine\\src\\build.ts": {"path":"C:\\Users\\khoiv\\OneDrive\\Documents\\Code\\Makedown\\packages\\engine\\src\\build.ts","all":false,"statementMap":{"0":{"start":{"line":1,"column":0},"end":{"line":1,"column":3}},"21":{"start":{"line":22,"column":0},"end":{"line":22,"column":48}},"22":{"start":{"line":23,"column":0},"end":{"line":23,"column":32}},"23":{"start":{"line":24,"column":0},"end":{"line":24,"column":19}},"24":{"start":{"line":25,"column":0},"end":{"line":25,"column":38}},"25":{"start":{"line":26,"column":0},"end":{"line":26,"column":3}},"26":{"start":{"line":27,"column":0},"end":{"line":27,"column":1}},"53":{"start":{"line":54,"column":0},"end":{"line":54,"column":87}},"54":{"start":{"line":55,"column":0},"end":{"line":55,"column":32}},"55":{"start":{"line":56,"column":0},"end":{"line":56,"column":71}},"56":{"start":{"line":57,"column":0},"end":{"line":57,"column":40}},"57":{"start":{"line":58,"column":0},"end":{"line":58,"column":33}},"59":{"start":{"line":60,"column":0},"end":{"line":60,"column":35}},"60":{"start":{"line":61,"column":0},"end":{"line":61,"column":36}},"61":{"start":{"line":62,"column":0},"end":{"line":62,"column":26}},"63":{"start":{"line":64,"column":0},"end":{"line":64,"column":57}},"64":{"start":{"line":65,"column":0},"end":{"line":65,"column":36}},"65":{"start":{"line":66,"column":0},"end":{"line":66,"column":45}},"66":{"start":{"line":67,"column":0},"end":{"line":67,"column":28}},"67":{"start":{"line":68,"column":0},"end":{"line":68,"column":24}},"68":{"start":{"line":69,"column":0},"end":{"line":69,"column":7}},"69":{"start":{"line":70,"column":0},"end":{"line":70,"column":22}},"71":{"start":{"line":72,"column":0},"end":{"line":72,"column":90}},"72":{"start":{"line":73,"column":0},"end":{"line":73,"column":44}},"73":{"start":{"line":74,"column":0},"end":{"line":74,"column":3}},"75":{"start":{"line":76,"column":0},"end":{"line":76,"column":40}},"76":{"start":{"line":77,"column":0},"end":{"line":77,"column":1}},"78":{"start":{"line":79,"column":0},"end":{"line":79,"column":29}},"79":{"start":{"line":80,"column":0},"end":{"line":80,"column":22}},"80":{"start":{"line":81,"column":0},"end":{"line":81,"column":35}},"81":{"start":{"line":82,"column":0},"end":{"line":82,"column":20}},"82":{"start":{"line":83,"column":0},"end":{"line":83,"column":29}},"83":{"start":{"line":84,"column":0},"end":{"line":84,"column":39}},"84":{"start":{"line":85,"column":0},"end":{"line":85,"column":45}},"85":{"start":{"line":86,"column":0},"end":{"line":86,"column":31}},"86":{"start":{"line":87,"column":0},"end":{"line":87,"column":31}},"87":{"start":{"line":88,"column":0},"end":{"line":88,"column":30}},"89":{"start":{"line":90,"column":0},"end":{"line":90,"column":58}},"90":{"start":{"line":91,"column":0},"end":{"line":91,"column":12}},"91":{"start":{"line":92,"column":0},"end":{"line":92,"column":64}},"92":{"start":{"line":93,"column":0},"end":{"line":93,"column":82}},"93":{"start":{"line":94,"column":0},"end":{"line":94,"column":5}},"94":{"start":{"line":95,"column":0},"end":{"line":95,"column":3}},"95":{"start":{"line":96,"column":0},"end":{"line":96,"column":18}},"96":{"start":{"line":97,"column":0},"end":{"line":97,"column":1}},"105":{"start":{"line":106,"column":0},"end":{"line":106,"column":88}},"106":{"start":{"line":107,"column":0},"end":{"line":107,"column":41}},"107":{"start":{"line":108,"column":0},"end":{"line":108,"column":71}},"108":{"start":{"line":109,"column":0},"end":{"line":109,"column":86}},"109":{"start":{"line":110,"column":0},"end":{"line":110,"column":29}},"110":{"start":{"line":111,"column":0},"end":{"line":111,"column":30}},"112":{"start":{"line":113,"column":0},"end":{"line":113,"column":34}},"113":{"start":{"line":114,"column":0},"end":{"line":114,"column":39}},"114":{"start":{"line":115,"column":0},"end":{"line":115,"column":26}},"116":{"start":{"line":117,"column":0},"end":{"line":117,"column":19}},"117":{"start":{"line":118,"column":0},"end":{"line":118,"column":52}},"118":{"start":{"line":119,"column":0},"end":{"line":119,"column":26}},"119":{"start":{"line":120,"column":0},"end":{"line":120,"column":12}},"120":{"start":{"line":121,"column":0},"end":{"line":121,"column":41}},"121":{"start":{"line":122,"column":0},"end":{"line":122,"column":27}},"122":{"start":{"line":123,"column":0},"end":{"line":123,"column":5}},"123":{"start":{"line":124,"column":0},"end":{"line":124,"column":3}},"125":{"start":{"line":126,"column":0},"end":{"line":126,"column":33}},"126":{"start":{"line":127,"column":0},"end":{"line":127,"column":1}},"128":{"start":{"line":129,"column":0},"end":{"line":129,"column":29}},"129":{"start":{"line":130,"column":0},"end":{"line":130,"column":22}},"130":{"start":{"line":131,"column":0},"end":{"line":131,"column":17}},"131":{"start":{"line":132,"column":0},"end":{"line":132,"column":20}},"132":{"start":{"line":133,"column":0},"end":{"line":133,"column":39}},"133":{"start":{"line":134,"column":0},"end":{"line":134,"column":18}},"134":{"start":{"line":135,"column":0},"end":{"line":135,"column":38}},"135":{"start":{"line":136,"column":0},"end":{"line":136,"column":34}},"136":{"start":{"line":137,"column":0},"end":{"line":137,"column":86}},"137":{"start":{"line":138,"column":0},"end":{"line":138,"column":6}},"138":{"start":{"line":139,"column":0},"end":{"line":139,"column":3}},"139":{"start":{"line":140,"column":0},"end":{"line":140,"column":22}},"140":{"start":{"line":141,"column":0},"end":{"line":141,"column":91}},"141":{"start":{"line":142,"column":0},"end":{"line":142,"column":3}},"143":{"start":{"line":144,"column":0},"end":{"line":144,"column":58}},"144":{"start":{"line":145,"column":0},"end":{"line":145,"column":27}},"145":{"start":{"line":146,"column":0},"end":{"line":146,"column":46}},"146":{"start":{"line":147,"column":0},"end":{"line":147,"column":37}},"147":{"start":{"line":148,"column":0},"end":{"line":148,"column":11}},"148":{"start":{"line":149,"column":0},"end":{"line":149,"column":33}},"149":{"start":{"line":150,"column":0},"end":{"line":150,"column":5}},"150":{"start":{"line":151,"column":0},"end":{"line":151,"column":40}},"152":{"start":{"line":153,"column":0},"end":{"line":153,"column":56}},"153":{"start":{"line":154,"column":0},"end":{"line":154,"column":36}},"154":{"start":{"line":155,"column":0},"end":{"line":155,"column":56}},"156":{"start":{"line":157,"column":0},"end":{"line":157,"column":34}},"157":{"start":{"line":158,"column":0},"end":{"line":158,"column":24}},"158":{"start":{"line":159,"column":0},"end":{"line":159,"column":14}},"159":{"start":{"line":160,"column":0},"end":{"line":160,"column":33}},"160":{"start":{"line":161,"column":0},"end":{"line":161,"column":29}},"161":{"start":{"line":162,"column":0},"end":{"line":162,"column":31}},"162":{"start":{"line":163,"column":0},"end":{"line":163,"column":33}},"163":{"start":{"line":164,"column":0},"end":{"line":164,"column":22}},"164":{"start":{"line":165,"column":0},"end":{"line":165,"column":31}},"165":{"start":{"line":166,"column":0},"end":{"line":166,"column":25}},"166":{"start":{"line":167,"column":0},"end":{"line":167,"column":28}},"167":{"start":{"line":168,"column":0},"end":{"line":168,"column":15}},"168":{"start":{"line":169,"column":0},"end":{"line":169,"column":58}},"169":{"start":{"line":170,"column":0},"end":{"line":170,"column":4}},"170":{"start":{"line":171,"column":0},"end":{"line":171,"column":42}},"171":{"start":{"line":172,"column":0},"end":{"line":172,"column":1}},"174":{"start":{"line":175,"column":0},"end":{"line":175,"column":99}},"175":{"start":{"line":176,"column":0},"end":{"line":176,"column":43}},"176":{"start":{"line":177,"column":0},"end":{"line":177,"column":69}},"177":{"start":{"line":178,"column":0},"end":{"line":178,"column":1}},"179":{"start":{"line":180,"column":0},"end":{"line":180,"column":99}},"180":{"start":{"line":181,"column":0},"end":{"line":181,"column":46}},"181":{"start":{"line":182,"column":0},"end":{"line":182,"column":50}},"182":{"start":{"line":183,"column":0},"end":{"line":183,"column":33}},"183":{"start":{"line":184,"column":0},"end":{"line":184,"column":1}},"185":{"start":{"line":186,"column":0},"end":{"line":186,"column":41}},"188":{"start":{"line":189,"column":0},"end":{"line":189,"column":28}},"189":{"start":{"line":190,"column":0},"end":{"line":190,"column":22}},"190":{"start":{"line":191,"column":0},"end":{"line":191,"column":20}},"191":{"start":{"line":192,"column":0},"end":{"line":192,"column":39}},"192":{"start":{"line":193,"column":0},"end":{"line":193,"column":20}},"194":{"start":{"line":195,"column":0},"end":{"line":195,"column":61}},"195":{"start":{"line":196,"column":0},"end":{"line":196,"column":38}},"196":{"start":{"line":197,"column":0},"end":{"line":197,"column":42}},"197":{"start":{"line":198,"column":0},"end":{"line":198,"column":60}},"198":{"start":{"line":199,"column":0},"end":{"line":199,"column":40}},"199":{"start":{"line":200,"column":0},"end":{"line":200,"column":5}},"200":{"start":{"line":201,"column":0},"end":{"line":201,"column":1}},"202":{"start":{"line":203,"column":0},"end":{"line":203,"column":30}},"203":{"start":{"line":204,"column":0},"end":{"line":204,"column":14}},"204":{"start":{"line":205,"column":0},"end":{"line":205,"column":20}},"205":{"start":{"line":206,"column":0},"end":{"line":206,"column":39}},"206":{"start":{"line":207,"column":0},"end":{"line":207,"column":20}},"209":{"start":{"line":210,"column":0},"end":{"line":210,"column":39}},"210":{"start":{"line":211,"column":0},"end":{"line":211,"column":61}},"211":{"start":{"line":212,"column":0},"end":{"line":212,"column":41}},"212":{"start":{"line":213,"column":0},"end":{"line":213,"column":1}},"214":{"start":{"line":215,"column":0},"end":{"line":215,"column":54}},"215":{"start":{"line":216,"column":0},"end":{"line":216,"column":35}},"216":{"start":{"line":217,"column":0},"end":{"line":217,"column":59}},"217":{"start":{"line":218,"column":0},"end":{"line":218,"column":1}},"219":{"start":{"line":220,"column":0},"end":{"line":220,"column":46}},"222":{"start":{"line":223,"column":0},"end":{"line":223,"column":75}},"223":{"start":{"line":224,"column":0},"end":{"line":224,"column":30}},"224":{"start":{"line":225,"column":0},"end":{"line":225,"column":38}},"225":{"start":{"line":226,"column":0},"end":{"line":226,"column":62}},"226":{"start":{"line":227,"column":0},"end":{"line":227,"column":25}},"227":{"start":{"line":228,"column":0},"end":{"line":228,"column":39}},"228":{"start":{"line":229,"column":0},"end":{"line":229,"column":85}},"229":{"start":{"line":230,"column":0},"end":{"line":230,"column":1}},"231":{"start":{"line":232,"column":0},"end":{"line":232,"column":28}},"232":{"start":{"line":233,"column":0},"end":{"line":233,"column":14}},"233":{"start":{"line":234,"column":0},"end":{"line":234,"column":16}},"234":{"start":{"line":235,"column":0},"end":{"line":235,"column":41}},"235":{"start":{"line":236,"column":0},"end":{"line":236,"column":20}},"236":{"start":{"line":237,"column":0},"end":{"line":237,"column":43}},"237":{"start":{"line":238,"column":0},"end":{"line":238,"column":77}},"238":{"start":{"line":239,"column":0},"end":{"line":239,"column":18}},"239":{"start":{"line":240,"column":0},"end":{"line":240,"column":15}},"240":{"start":{"line":241,"column":0},"end":{"line":241,"column":29}},"241":{"start":{"line":242,"column":0},"end":{"line":242,"column":31}},"242":{"start":{"line":243,"column":0},"end":{"line":243,"column":63}},"243":{"start":{"line":244,"column":0},"end":{"line":244,"column":31}},"244":{"start":{"line":245,"column":0},"end":{"line":245,"column":5}},"245":{"start":{"line":246,"column":0},"end":{"line":246,"column":34}},"246":{"start":{"line":247,"column":0},"end":{"line":247,"column":1}}},"s":{"0":1,"21":1,"22":1,"23":1,"24":1,"25":1,"26":1,"53":10,"54":10,"55":10,"56":10,"57":10,"59":10,"60":17,"61":17,"63":17,"64":17,"65":17,"66":17,"67":17,"68":17,"69":17,"71":17,"72":16,"73":16,"75":10,"76":10,"78":17,"79":17,"80":17,"81":17,"82":17,"83":17,"84":17,"85":16,"86":16,"87":16,"89":7,"90":16,"91":9,"92":9,"93":9,"94":16,"95":17,"96":17,"105":8,"106":8,"107":8,"108":8,"109":8,"110":8,"112":8,"113":13,"114":13,"116":13,"117":11,"118":9,"119":13,"120":2,"121":2,"122":2,"123":13,"125":6,"126":6,"128":11,"129":11,"130":11,"131":11,"132":11,"133":11,"134":11,"135":1,"136":1,"137":1,"138":1,"139":11,"140":1,"141":1,"143":9,"144":9,"145":9,"146":11,"147":11,"148":11,"149":11,"150":9,"152":9,"153":9,"154":9,"156":9,"157":9,"158":9,"159":9,"160":9,"161":9,"162":9,"163":9,"164":9,"165":9,"166":9,"167":9,"168":11,"169":11,"170":11,"171":9,"174":2,"175":2,"176":2,"177":2,"179":11,"180":11,"181":11,"182":11,"183":11,"185":1,"188":9,"189":9,"190":9,"191":9,"192":9,"194":9,"195":9,"196":9,"197":9,"198":9,"199":9,"200":9,"202":9,"203":9,"204":9,"205":9,"206":9,"209":9,"210":9,"211":9,"212":9,"214":9,"215":9,"216":9,"217":9,"219":1,"222":9,"223":9,"224":1,"225":9,"226":1,"227":1,"228":9,"229":9,"231":9,"232":9,"233":9,"234":9,"235":9,"236":9,"237":9,"238":9,"239":9,"240":9,"241":9,"242":9,"243":9,"244":9,"245":9,"246":9},"branchMap":{"0":{"type":"branch","line":23,"loc":{"start":{"line":23,"column":2},"end":{"line":26,"column":3}},"locations":[{"start":{"line":23,"column":2},"end":{"line":26,"column":3}}]},"1":{"type":"branch","line":54,"loc":{"start":{"line":54,"column":0},"end":{"line":77,"column":1}},"locations":[{"start":{"line":54,"column":0},"end":{"line":77,"column":1}}]},"2":{"type":"branch","line":60,"loc":{"start":{"line":60,"column":34},"end":{"line":74,"column":3}},"locations":[{"start":{"line":60,"column":34},"end":{"line":74,"column":3}}]},"3":{"type":"branch","line":62,"loc":{"start":{"line":62,"column":17},"end":{"line":62,"column":26}},"locations":[{"start":{"line":62,"column":17},"end":{"line":62,"column":26}}]},"4":{"type":"branch","line":72,"loc":{"start":{"line":72,"column":47},"end":{"line":72,"column":65}},"locations":[{"start":{"line":72,"column":47},"end":{"line":72,"column":65}}]},"5":{"type":"branch","line":72,"loc":{"start":{"line":72,"column":58},"end":{"line":72,"column":90}},"locations":[{"start":{"line":72,"column":58},"end":{"line":72,"column":90}}]},"6":{"type":"branch","line":72,"loc":{"start":{"line":72,"column":87},"end":{"line":74,"column":3}},"locations":[{"start":{"line":72,"column":87},"end":{"line":74,"column":3}}]},"7":{"type":"branch","line":56,"loc":{"start":{"line":56,"column":41},"end":{"line":56,"column":68}},"locations":[{"start":{"line":56,"column":41},"end":{"line":56,"column":68}}]},"8":{"type":"branch","line":66,"loc":{"start":{"line":66,"column":30},"end":{"line":66,"column":43}},"locations":[{"start":{"line":66,"column":30},"end":{"line":66,"column":43}}]},"9":{"type":"branch","line":79,"loc":{"start":{"line":79,"column":0},"end":{"line":97,"column":1}},"locations":[{"start":{"line":79,"column":0},"end":{"line":97,"column":1}}]},"10":{"type":"branch","line":85,"loc":{"start":{"line":85,"column":44},"end":{"line":95,"column":3}},"locations":[{"start":{"line":85,"column":44},"end":{"line":95,"column":3}}]},"11":{"type":"branch","line":88,"loc":{"start":{"line":88,"column":29},"end":{"line":91,"column":11}},"locations":[{"start":{"line":88,"column":29},"end":{"line":91,"column":11}}]},"12":{"type":"branch","line":91,"loc":{"start":{"line":91,"column":4},"end":{"line":94,"column":5}},"locations":[{"start":{"line":91,"column":4},"end":{"line":94,"column":5}}]},"13":{"type":"branch","line":106,"loc":{"start":{"line":106,"column":0},"end":{"line":127,"column":1}},"locations":[{"start":{"line":106,"column":0},"end":{"line":127,"column":1}}]},"14":{"type":"branch","line":113,"loc":{"start":{"line":113,"column":33},"end":{"line":124,"column":3}},"locations":[{"start":{"line":113,"column":33},"end":{"line":124,"column":3}}]},"15":{"type":"branch","line":115,"loc":{"start":{"line":115,"column":17},"end":{"line":115,"column":26}},"locations":[{"start":{"line":115,"column":17},"end":{"line":115,"column":26}}]},"16":{"type":"branch","line":117,"loc":{"start":{"line":117,"column":18},"end":{"line":120,"column":11}},"locations":[{"start":{"line":117,"column":18},"end":{"line":120,"column":11}}]},"17":{"type":"branch","line":118,"loc":{"start":{"line":118,"column":50},"end":{"line":120,"column":11}},"locations":[{"start":{"line":118,"column":50},"end":{"line":120,"column":11}}]},"18":{"type":"branch","line":120,"loc":{"start":{"line":120,"column":4},"end":{"line":123,"column":5}},"locations":[{"start":{"line":120,"column":4},"end":{"line":123,"column":5}}]},"19":{"type":"branch","line":124,"loc":{"start":{"line":124,"column":2},"end":{"line":127,"column":1}},"locations":[{"start":{"line":124,"column":2},"end":{"line":127,"column":1}}]},"20":{"type":"branch","line":108,"loc":{"start":{"line":108,"column":41},"end":{"line":108,"column":68}},"locations":[{"start":{"line":108,"column":41},"end":{"line":108,"column":68}}]},"21":{"type":"branch","line":109,"loc":{"start":{"line":109,"column":42},"end":{"line":109,"column":83}},"locations":[{"start":{"line":109,"column":42},"end":{"line":109,"column":83}}]},"22":{"type":"branch","line":129,"loc":{"start":{"line":129,"column":0},"end":{"line":172,"column":1}},"locations":[{"start":{"line":129,"column":0},"end":{"line":172,"column":1}}]},"23":{"type":"branch","line":135,"loc":{"start":{"line":135,"column":37},"end":{"line":139,"column":3}},"locations":[{"start":{"line":135,"column":37},"end":{"line":139,"column":3}}]},"24":{"type":"branch","line":139,"loc":{"start":{"line":139,"column":2},"end":{"line":140,"column":21}},"locations":[{"start":{"line":139,"column":2},"end":{"line":140,"column":21}}]},"25":{"type":"branch","line":140,"loc":{"start":{"line":140,"column":21},"end":{"line":142,"column":3}},"locations":[{"start":{"line":140,"column":21},"end":{"line":142,"column":3}}]},"26":{"type":"branch","line":142,"loc":{"start":{"line":142,"column":2},"end":{"line":147,"column":34}},"locations":[{"start":{"line":142,"column":2},"end":{"line":147,"column":34}}]},"27":{"type":"branch","line":147,"loc":{"start":{"line":147,"column":25},"end":{"line":147,"column":37}},"locations":[{"start":{"line":147,"column":25},"end":{"line":147,"column":37}}]},"28":{"type":"branch","line":150,"loc":{"start":{"line":150,"column":3},"end":{"line":169,"column":32}},"locations":[{"start":{"line":150,"column":3},"end":{"line":169,"column":32}}]},"29":{"type":"branch","line":169,"loc":{"start":{"line":169,"column":27},"end":{"line":169,"column":44}},"locations":[{"start":{"line":169,"column":27},"end":{"line":169,"column":44}}]},"30":{"type":"branch","line":171,"loc":{"start":{"line":171,"column":40},"end":{"line":172,"column":1}},"locations":[{"start":{"line":171,"column":40},"end":{"line":172,"column":1}}]},"31":{"type":"branch","line":175,"loc":{"start":{"line":175,"column":0},"end":{"line":178,"column":1}},"locations":[{"start":{"line":175,"column":0},"end":{"line":178,"column":1}}]},"32":{"type":"branch","line":180,"loc":{"start":{"line":180,"column":0},"end":{"line":184,"column":1}},"locations":[{"start":{"line":180,"column":0},"end":{"line":184,"column":1}}]},"33":{"type":"branch","line":189,"loc":{"start":{"line":189,"column":0},"end":{"line":201,"column":1}},"locations":[{"start":{"line":189,"column":0},"end":{"line":201,"column":1}}]},"34":{"type":"branch","line":195,"loc":{"start":{"line":195,"column":43},"end":{"line":200,"column":3}},"locations":[{"start":{"line":195,"column":43},"end":{"line":200,"column":3}}]},"35":{"type":"branch","line":203,"loc":{"start":{"line":203,"column":0},"end":{"line":213,"column":1}},"locations":[{"start":{"line":203,"column":0},"end":{"line":213,"column":1}}]},"36":{"type":"branch","line":210,"loc":{"start":{"line":210,"column":30},"end":{"line":210,"column":39}},"locations":[{"start":{"line":210,"column":30},"end":{"line":210,"column":39}}]},"37":{"type":"branch","line":215,"loc":{"start":{"line":215,"column":0},"end":{"line":218,"column":1}},"locations":[{"start":{"line":215,"column":0},"end":{"line":218,"column":1}}]},"38":{"type":"branch","line":217,"loc":{"start":{"line":217,"column":19},"end":{"line":217,"column":36}},"locations":[{"start":{"line":217,"column":19},"end":{"line":217,"column":36}}]},"39":{"type":"branch","line":217,"loc":{"start":{"line":217,"column":24},"end":{"line":217,"column":59}},"locations":[{"start":{"line":217,"column":24},"end":{"line":217,"column":59}}]},"40":{"type":"branch","line":223,"loc":{"start":{"line":223,"column":0},"end":{"line":230,"column":1}},"locations":[{"start":{"line":223,"column":0},"end":{"line":230,"column":1}}]},"41":{"type":"branch","line":224,"loc":{"start":{"line":224,"column":15},"end":{"line":224,"column":30}},"locations":[{"start":{"line":224,"column":15},"end":{"line":224,"column":30}}]},"42":{"type":"branch","line":224,"loc":{"start":{"line":224,"column":22},"end":{"line":226,"column":17}},"locations":[{"start":{"line":224,"column":22},"end":{"line":226,"column":17}}]},"43":{"type":"branch","line":226,"loc":{"start":{"line":226,"column":10},"end":{"line":226,"column":62}},"locations":[{"start":{"line":226,"column":10},"end":{"line":226,"column":62}}]},"44":{"type":"branch","line":226,"loc":{"start":{"line":226,"column":17},"end":{"line":229,"column":58}},"locations":[{"start":{"line":226,"column":17},"end":{"line":229,"column":58}}]},"45":{"type":"branch","line":229,"loc":{"start":{"line":229,"column":54},"end":{"line":229,"column":85}},"locations":[{"start":{"line":229,"column":54},"end":{"line":229,"column":85}}]},"46":{"type":"branch","line":232,"loc":{"start":{"line":232,"column":0},"end":{"line":247,"column":1}},"locations":[{"start":{"line":232,"column":0},"end":{"line":247,"column":1}}]},"47":{"type":"branch","line":238,"loc":{"start":{"line":238,"column":53},"end":{"line":238,"column":74}},"locations":[{"start":{"line":238,"column":53},"end":{"line":238,"column":74}}]},"48":{"type":"branch","line":238,"loc":{"start":{"line":238,"column":66},"end":{"line":238,"column":73}},"locations":[{"start":{"line":238,"column":66},"end":{"line":238,"column":73}}]},"49":{"type":"branch","line":241,"loc":{"start":{"line":241,"column":18},"end":{"line":245,"column":3}},"locations":[{"start":{"line":241,"column":18},"end":{"line":245,"column":3}}]},"50":{"type":"branch","line":242,"loc":{"start":{"line":242,"column":20},"end":{"line":242,"column":31}},"locations":[{"start":{"line":242,"column":20},"end":{"line":242,"column":31}}]},"51":{"type":"branch","line":243,"loc":{"start":{"line":243,"column":54},"end":{"line":243,"column":63}},"locations":[{"start":{"line":243,"column":54},"end":{"line":243,"column":63}}]}},"b":{"0":[1],"1":[10],"2":[17],"3":[0],"4":[1],"5":[16],"6":[16],"7":[17],"8":[16],"9":[17],"10":[16],"11":[7],"12":[9],"13":[8],"14":[13],"15":[0],"16":[11],"17":[9],"18":[2],"19":[6],"20":[13],"21":[13],"22":[11],"23":[1],"24":[10],"25":[1],"26":[9],"27":[0],"28":[9],"29":[0],"30":[9],"31":[2],"32":[11],"33":[9],"34":[9],"35":[9],"36":[5],"37":[9],"38":[8],"39":[1],"40":[9],"41":[8],"42":[1],"43":[0],"44":[1],"45":[0],"46":[9],"47":[9],"48":[0],"49":[9],"50":[0],"51":[0]},"fnMap":{"0":{"name":"NotImplementedError","decl":{"start":{"line":23,"column":2},"end":{"line":26,"column":3}},"loc":{"start":{"line":23,"column":2},"end":{"line":26,"column":3}},"line":23},"1":{"name":"planBuild","decl":{"start":{"line":54,"column":0},"end":{"line":77,"column":1}},"loc":{"start":{"line":54,"column":0},"end":{"line":77,"column":1}},"line":54},"2":{"name":"resolveInputs","decl":{"start":{"line":79,"column":0},"end":{"line":97,"column":1}},"loc":{"start":{"line":79,"column":0},"end":{"line":97,"column":1}},"line":79},"3":{"name":"runBuild","decl":{"start":{"line":106,"column":0},"end":{"line":127,"column":1}},"loc":{"start":{"line":106,"column":0},"end":{"line":127,"column":1}},"line":106},"4":{"name":"executeTarget","decl":{"start":{"line":129,"column":0},"end":{"line":172,"column":1}},"loc":{"start":{"line":129,"column":0},"end":{"line":172,"column":1}},"line":129},"5":{"name":"materialize","decl":{"start":{"line":175,"column":0},"end":{"line":178,"column":1}},"loc":{"start":{"line":175,"column":0},"end":{"line":178,"column":1}},"line":175},"6":{"name":"writeOutput","decl":{"start":{"line":180,"column":0},"end":{"line":184,"column":1}},"loc":{"start":{"line":180,"column":0},"end":{"line":184,"column":1}},"line":180},"7":{"name":"renderPrompt","decl":{"start":{"line":189,"column":0},"end":{"line":201,"column":1}},"loc":{"start":{"line":189,"column":0},"end":{"line":201,"column":1}},"line":189},"8":{"name":"readRefContent","decl":{"start":{"line":203,"column":0},"end":{"line":213,"column":1}},"loc":{"start":{"line":203,"column":0},"end":{"line":213,"column":1}},"line":203},"9":{"name":"suffixOf","decl":{"start":{"line":215,"column":0},"end":{"line":218,"column":1}},"loc":{"start":{"line":215,"column":0},"end":{"line":218,"column":1}},"line":215},"10":{"name":"applySuffix","decl":{"start":{"line":223,"column":0},"end":{"line":230,"column":1}},"loc":{"start":{"line":223,"column":0},"end":{"line":230,"column":1}},"line":223},"11":{"name":"replaceAsync","decl":{"start":{"line":232,"column":0},"end":{"line":247,"column":1}},"loc":{"start":{"line":232,"column":0},"end":{"line":247,"column":1}},"line":232}},"f":{"0":1,"1":10,"2":17,"3":8,"4":11,"5":2,"6":11,"7":9,"8":9,"9":9,"10":9,"11":9}}
,"C:\\Users\\khoiv\\OneDrive\\Documents\\Code\\Makedown\\packages\\engine\\src\\cas.ts": {"path":"C:\\Users\\khoiv\\OneDrive\\Documents\\Code\\Makedown\\packages\\engine\\src\\cas.ts","all":false,"statementMap":{"0":{"start":{"line":1,"column":0},"end":{"line":1,"column":3}},"18":{"start":{"line":19,"column":0},"end":{"line":19,"column":25}},"20":{"start":{"line":21,"column":0},"end":{"line":21,"column":34}},"21":{"start":{"line":22,"column":0},"end":{"line":22,"column":62}},"22":{"start":{"line":23,"column":0},"end":{"line":23,"column":1}},"24":{"start":{"line":25,"column":0},"end":{"line":25,"column":55}},"25":{"start":{"line":26,"column":0},"end":{"line":26,"column":7}},"26":{"start":{"line":27,"column":0},"end":{"line":27,"column":23}},"27":{"start":{"line":28,"column":0},"end":{"line":28,"column":16}},"28":{"start":{"line":29,"column":0},"end":{"line":29,"column":11}},"29":{"start":{"line":30,"column":0},"end":{"line":30,"column":17}},"30":{"start":{"line":31,"column":0},"end":{"line":31,"column":3}},"31":{"start":{"line":32,"column":0},"end":{"line":32,"column":1}},"34":{"start":{"line":35,"column":0},"end":{"line":35,"column":38}},"35":{"start":{"line":36,"column":0},"end":{"line":36,"column":47}},"37":{"start":{"line":38,"column":0},"end":{"line":38,"column":42}},"38":{"start":{"line":39,"column":0},"end":{"line":39,"column":22}},"39":{"start":{"line":40,"column":0},"end":{"line":40,"column":65}},"40":{"start":{"line":41,"column":0},"end":{"line":41,"column":3}},"42":{"start":{"line":43,"column":0},"end":{"line":43,"column":46}},"43":{"start":{"line":44,"column":0},"end":{"line":44,"column":60}},"44":{"start":{"line":45,"column":0},"end":{"line":45,"column":3}},"46":{"start":{"line":47,"column":0},"end":{"line":47,"column":43}},"47":{"start":{"line":48,"column":0},"end":{"line":48,"column":39}},"48":{"start":{"line":49,"column":0},"end":{"line":49,"column":3}},"50":{"start":{"line":51,"column":0},"end":{"line":51,"column":58}},"51":{"start":{"line":52,"column":0},"end":{"line":52,"column":37}},"52":{"start":{"line":53,"column":0},"end":{"line":53,"column":48}},"53":{"start":{"line":54,"column":0},"end":{"line":54,"column":48}},"54":{"start":{"line":55,"column":0},"end":{"line":55,"column":3}},"56":{"start":{"line":57,"column":0},"end":{"line":57,"column":61}},"57":{"start":{"line":58,"column":0},"end":{"line":58,"column":37}},"58":{"start":{"line":59,"column":0},"end":{"line":59,"column":52}},"59":{"start":{"line":60,"column":0},"end":{"line":60,"column":35}},"60":{"start":{"line":61,"column":0},"end":{"line":61,"column":3}},"62":{"start":{"line":63,"column":0},"end":{"line":63,"column":68}},"63":{"start":{"line":64,"column":0},"end":{"line":64,"column":41}},"64":{"start":{"line":65,"column":0},"end":{"line":65,"column":48}},"65":{"start":{"line":66,"column":0},"end":{"line":66,"column":66}},"66":{"start":{"line":67,"column":0},"end":{"line":67,"column":3}},"68":{"start":{"line":69,"column":0},"end":{"line":69,"column":62}},"69":{"start":{"line":70,"column":0},"end":{"line":70,"column":52}},"70":{"start":{"line":71,"column":0},"end":{"line":71,"column":52}},"71":{"start":{"line":72,"column":0},"end":{"line":72,"column":71}},"72":{"start":{"line":73,"column":0},"end":{"line":73,"column":3}},"73":{"start":{"line":74,"column":0},"end":{"line":74,"column":1}}},"s":{"0":1,"18":1,"20":37,"21":37,"22":37,"24":19,"25":19,"26":19,"27":7,"28":19,"29":12,"30":12,"31":19,"34":1,"35":1,"37":1,"38":27,"39":27,"40":27,"42":1,"43":10,"44":10,"46":1,"47":16,"48":16,"50":1,"51":2,"52":2,"53":2,"54":2,"56":1,"57":9,"58":9,"59":9,"60":9,"62":1,"63":1,"64":1,"65":1,"66":1,"68":1,"69":9,"70":9,"71":9,"72":9,"73":1},"branchMap":{"0":{"type":"branch","line":21,"loc":{"start":{"line":21,"column":0},"end":{"line":23,"column":1}},"locations":[{"start":{"line":21,"column":0},"end":{"line":23,"column":1}}]},"1":{"type":"branch","line":22,"loc":{"start":{"line":22,"column":55},"end":{"line":22,"column":62}},"locations":[{"start":{"line":22,"column":55},"end":{"line":22,"column":62}}]},"2":{"type":"branch","line":25,"loc":{"start":{"line":25,"column":0},"end":{"line":32,"column":1}},"locations":[{"start":{"line":25,"column":0},"end":{"line":32,"column":1}}]},"3":{"type":"branch","line":27,"loc":{"start":{"line":27,"column":21},"end":{"line":29,"column":10}},"locations":[{"start":{"line":27,"column":21},"end":{"line":29,"column":10}}]},"4":{"type":"branch","line":29,"loc":{"start":{"line":29,"column":2},"end":{"line":31,"column":3}},"locations":[{"start":{"line":29,"column":2},"end":{"line":31,"column":3}}]},"5":{"type":"branch","line":36,"loc":{"start":{"line":36,"column":2},"end":{"line":36,"column":47}},"locations":[{"start":{"line":36,"column":2},"end":{"line":36,"column":47}}]},"6":{"type":"branch","line":38,"loc":{"start":{"line":38,"column":10},"end":{"line":41,"column":3}},"locations":[{"start":{"line":38,"column":10},"end":{"line":41,"column":3}}]},"7":{"type":"branch","line":43,"loc":{"start":{"line":43,"column":10},"end":{"line":45,"column":3}},"locations":[{"start":{"line":43,"column":10},"end":{"line":45,"column":3}}]},"8":{"type":"branch","line":47,"loc":{"start":{"line":47,"column":2},"end":{"line":49,"column":3}},"locations":[{"start":{"line":47,"column":2},"end":{"line":49,"column":3}}]},"9":{"type":"branch","line":51,"loc":{"start":{"line":51,"column":2},"end":{"line":55,"column":3}},"locations":[{"start":{"line":51,"column":2},"end":{"line":55,"column":3}}]},"10":{"type":"branch","line":53,"loc":{"start":{"line":53,"column":31},"end":{"line":53,"column":48}},"locations":[{"start":{"line":53,"column":31},"end":{"line":53,"column":48}}]},"11":{"type":"branch","line":57,"loc":{"start":{"line":57,"column":2},"end":{"line":61,"column":3}},"locations":[{"start":{"line":57,"column":2},"end":{"line":61,"column":3}}]},"12":{"type":"branch","line":63,"loc":{"start":{"line":63,"column":2},"end":{"line":67,"column":3}},"locations":[{"start":{"line":63,"column":2},"end":{"line":67,"column":3}}]},"13":{"type":"branch","line":65,"loc":{"start":{"line":65,"column":31},"end":{"line":65,"column":48}},"locations":[{"start":{"line":65,"column":31},"end":{"line":65,"column":48}}]},"14":{"type":"branch","line":69,"loc":{"start":{"line":69,"column":2},"end":{"line":73,"column":3}},"locations":[{"start":{"line":69,"column":2},"end":{"line":73,"column":3}}]}},"b":{"0":[37],"1":[0],"2":[19],"3":[7],"4":[12],"5":[11],"6":[27],"7":[10],"8":[16],"9":[2],"10":[0],"11":[9],"12":[1],"13":[0],"14":[9]},"fnMap":{"0":{"name":"hex","decl":{"start":{"line":21,"column":0},"end":{"line":23,"column":1}},"loc":{"start":{"line":21,"column":0},"end":{"line":23,"column":1}},"line":21},"1":{"name":"exists","decl":{"start":{"line":25,"column":0},"end":{"line":32,"column":1}},"loc":{"start":{"line":25,"column":0},"end":{"line":32,"column":1}},"line":25},"2":{"name":"LocalCas","decl":{"start":{"line":36,"column":2},"end":{"line":36,"column":47}},"loc":{"start":{"line":36,"column":2},"end":{"line":36,"column":47}},"line":36},"3":{"name":"objectPath","decl":{"start":{"line":38,"column":10},"end":{"line":41,"column":3}},"loc":{"start":{"line":38,"column":10},"end":{"line":41,"column":3}},"line":38},"4":{"name":"provenancePath","decl":{"start":{"line":43,"column":10},"end":{"line":45,"column":3}},"loc":{"start":{"line":43,"column":10},"end":{"line":45,"column":3}},"line":43},"5":{"name":"has","decl":{"start":{"line":47,"column":2},"end":{"line":49,"column":3}},"loc":{"start":{"line":47,"column":2},"end":{"line":49,"column":3}},"line":47},"6":{"name":"get","decl":{"start":{"line":51,"column":2},"end":{"line":55,"column":3}},"loc":{"start":{"line":51,"column":2},"end":{"line":55,"column":3}},"line":51},"7":{"name":"put","decl":{"start":{"line":57,"column":2},"end":{"line":61,"column":3}},"loc":{"start":{"line":57,"column":2},"end":{"line":61,"column":3}},"line":57},"8":{"name":"getProvenance","decl":{"start":{"line":63,"column":2},"end":{"line":67,"column":3}},"loc":{"start":{"line":63,"column":2},"end":{"line":67,"column":3}},"line":63},"9":{"name":"putProvenance","decl":{"start":{"line":69,"column":2},"end":{"line":73,"column":3}},"loc":{"start":{"line":69,"column":2},"end":{"line":73,"column":3}},"line":69}},"f":{"0":37,"1":19,"2":11,"3":27,"4":10,"5":16,"6":2,"7":9,"8":1,"9":9}}
,"C:\\Users\\khoiv\\OneDrive\\Documents\\Code\\Makedown\\packages\\engine\\src\\graph.ts": {"path":"C:\\Users\\khoiv\\OneDrive\\Documents\\Code\\Makedown\\packages\\engine\\src\\graph.ts","all":false,"statementMap":{"0":{"start":{"line":1,"column":0},"end":{"line":1,"column":3}},"21":{"start":{"line":22,"column":0},"end":{"line":22,"column":39}},"22":{"start":{"line":23,"column":0},"end":{"line":23,"column":32}},"23":{"start":{"line":24,"column":0},"end":{"line":24,"column":19}},"24":{"start":{"line":25,"column":0},"end":{"line":25,"column":29}},"25":{"start":{"line":26,"column":0},"end":{"line":26,"column":3}},"26":{"start":{"line":27,"column":0},"end":{"line":27,"column":1}},"28":{"start":{"line":29,"column":0},"end":{"line":29,"column":55}},"29":{"start":{"line":30,"column":0},"end":{"line":30,"column":56}},"30":{"start":{"line":31,"column":0},"end":{"line":31,"column":45}},"32":{"start":{"line":33,"column":0},"end":{"line":33,"column":37}},"33":{"start":{"line":34,"column":0},"end":{"line":34,"column":30}},"34":{"start":{"line":35,"column":0},"end":{"line":35,"column":33}},"35":{"start":{"line":36,"column":0},"end":{"line":36,"column":47}},"36":{"start":{"line":37,"column":0},"end":{"line":37,"column":33}},"37":{"start":{"line":38,"column":0},"end":{"line":38,"column":27}},"38":{"start":{"line":39,"column":0},"end":{"line":39,"column":23}},"39":{"start":{"line":40,"column":0},"end":{"line":40,"column":14}},"40":{"start":{"line":41,"column":0},"end":{"line":41,"column":26}},"41":{"start":{"line":42,"column":0},"end":{"line":42,"column":7}},"42":{"start":{"line":43,"column":0},"end":{"line":43,"column":5}},"43":{"start":{"line":44,"column":0},"end":{"line":44,"column":54}},"44":{"start":{"line":45,"column":0},"end":{"line":45,"column":3}},"46":{"start":{"line":47,"column":0},"end":{"line":47,"column":43}},"47":{"start":{"line":48,"column":0},"end":{"line":48,"column":1}},"49":{"start":{"line":50,"column":0},"end":{"line":50,"column":68}},"50":{"start":{"line":51,"column":0},"end":{"line":51,"column":29}},"51":{"start":{"line":52,"column":0},"end":{"line":52,"column":55}},"53":{"start":{"line":54,"column":0},"end":{"line":54,"column":66}},"54":{"start":{"line":55,"column":0},"end":{"line":55,"column":35}},"55":{"start":{"line":56,"column":0},"end":{"line":56,"column":34}},"56":{"start":{"line":57,"column":0},"end":{"line":57,"column":32}},"57":{"start":{"line":58,"column":0},"end":{"line":58,"column":80}},"58":{"start":{"line":59,"column":0},"end":{"line":59,"column":5}},"59":{"start":{"line":60,"column":0},"end":{"line":60,"column":32}},"60":{"start":{"line":61,"column":0},"end":{"line":61,"column":33}},"61":{"start":{"line":62,"column":0},"end":{"line":62,"column":15}},"62":{"start":{"line":63,"column":0},"end":{"line":63,"column":36}},"63":{"start":{"line":64,"column":0},"end":{"line":64,"column":36}},"64":{"start":{"line":65,"column":0},"end":{"line":65,"column":7}},"65":{"start":{"line":66,"column":0},"end":{"line":66,"column":5}},"66":{"start":{"line":67,"column":0},"end":{"line":67,"column":28}},"67":{"start":{"line":68,"column":0},"end":{"line":68,"column":21}},"68":{"start":{"line":69,"column":0},"end":{"line":69,"column":4}},"70":{"start":{"line":71,"column":0},"end":{"line":71,"column":36}},"71":{"start":{"line":72,"column":0},"end":{"line":72,"column":20}},"72":{"start":{"line":73,"column":0},"end":{"line":73,"column":3}},"73":{"start":{"line":74,"column":0},"end":{"line":74,"column":15}},"74":{"start":{"line":75,"column":0},"end":{"line":75,"column":1}}},"s":{"0":1,"21":1,"22":1,"23":1,"24":1,"25":1,"26":1,"28":1,"29":12,"30":12,"32":12,"33":21,"34":21,"35":21,"36":20,"37":20,"38":10,"39":10,"40":10,"41":10,"42":20,"43":21,"44":21,"46":12,"47":12,"49":12,"50":12,"51":12,"53":12,"54":30,"55":30,"56":30,"57":1,"58":1,"59":21,"60":21,"61":21,"62":21,"63":10,"64":10,"65":19,"66":19,"67":19,"68":30,"70":12,"71":20,"72":20,"73":11,"74":11},"branchMap":{"0":{"type":"branch","line":23,"loc":{"start":{"line":23,"column":2},"end":{"line":26,"column":3}},"locations":[{"start":{"line":23,"column":2},"end":{"line":26,"column":3}}]},"1":{"type":"branch","line":29,"loc":{"start":{"line":29,"column":7},"end":{"line":48,"column":1}},"locations":[{"start":{"line":29,"column":7},"end":{"line":48,"column":1}}]},"2":{"type":"branch","line":33,"loc":{"start":{"line":33,"column":36},"end":{"line":45,"column":3}},"locations":[{"start":{"line":33,"column":36},"end":{"line":45,"column":3}}]},"3":{"type":"branch","line":36,"loc":{"start":{"line":36,"column":46},"end":{"line":43,"column":5}},"locations":[{"start":{"line":36,"column":46},"end":{"line":43,"column":5}}]},"4":{"type":"branch","line":38,"loc":{"start":{"line":38,"column":26},"end":{"line":42,"column":7}},"locations":[{"start":{"line":38,"column":26},"end":{"line":42,"column":7}}]},"5":{"type":"branch","line":30,"loc":{"start":{"line":30,"column":40},"end":{"line":30,"column":53}},"locations":[{"start":{"line":30,"column":40},"end":{"line":30,"column":53}}]},"6":{"type":"branch","line":50,"loc":{"start":{"line":50,"column":0},"end":{"line":75,"column":1}},"locations":[{"start":{"line":50,"column":0},"end":{"line":75,"column":1}}]},"7":{"type":"branch","line":71,"loc":{"start":{"line":71,"column":35},"end":{"line":73,"column":3}},"locations":[{"start":{"line":71,"column":35},"end":{"line":73,"column":3}}]},"8":{"type":"branch","line":73,"loc":{"start":{"line":73,"column":2},"end":{"line":75,"column":1}},"locations":[{"start":{"line":73,"column":2},"end":{"line":75,"column":1}}]},"9":{"type":"branch","line":54,"loc":{"start":{"line":54,"column":16},"end":{"line":69,"column":4}},"locations":[{"start":{"line":54,"column":16},"end":{"line":69,"column":4}}]},"10":{"type":"branch","line":56,"loc":{"start":{"line":56,"column":27},"end":{"line":56,"column":34}},"locations":[{"start":{"line":56,"column":27},"end":{"line":56,"column":34}}]},"11":{"type":"branch","line":56,"loc":{"start":{"line":56,"column":27},"end":{"line":57,"column":31}},"locations":[{"start":{"line":56,"column":27},"end":{"line":57,"column":31}}]},"12":{"type":"branch","line":57,"loc":{"start":{"line":57,"column":31},"end":{"line":59,"column":5}},"locations":[{"start":{"line":57,"column":31},"end":{"line":59,"column":5}}]},"13":{"type":"branch","line":59,"loc":{"start":{"line":59,"column":4},"end":{"line":66,"column":5}},"locations":[{"start":{"line":59,"column":4},"end":{"line":66,"column":5}}]},"14":{"type":"branch","line":63,"loc":{"start":{"line":63,"column":35},"end":{"line":65,"column":7}},"locations":[{"start":{"line":63,"column":35},"end":{"line":65,"column":7}}]},"15":{"type":"branch","line":65,"loc":{"start":{"line":65,"column":6},"end":{"line":66,"column":5}},"locations":[{"start":{"line":65,"column":6},"end":{"line":66,"column":5}}]},"16":{"type":"branch","line":66,"loc":{"start":{"line":66,"column":4},"end":{"line":68,"column":21}},"locations":[{"start":{"line":66,"column":4},"end":{"line":68,"column":21}}]}},"b":{"0":[1],"1":[12],"2":[21],"3":[20],"4":[10],"5":[21],"6":[12],"7":[20],"8":[11],"9":[30],"10":[8],"11":[22],"12":[1],"13":[21],"14":[10],"15":[19],"16":[19]},"fnMap":{"0":{"name":"GraphError","decl":{"start":{"line":23,"column":2},"end":{"line":26,"column":3}},"loc":{"start":{"line":23,"column":2},"end":{"line":26,"column":3}},"line":23},"1":{"name":"buildGraph","decl":{"start":{"line":29,"column":7},"end":{"line":48,"column":1}},"loc":{"start":{"line":29,"column":7},"end":{"line":48,"column":1}},"line":29},"2":{"name":"topoSort","decl":{"start":{"line":50,"column":0},"end":{"line":75,"column":1}},"loc":{"start":{"line":50,"column":0},"end":{"line":75,"column":1}},"line":50},"3":{"name":"visit","decl":{"start":{"line":54,"column":16},"end":{"line":69,"column":4}},"loc":{"start":{"line":54,"column":16},"end":{"line":69,"column":4}},"line":54}},"f":{"0":1,"1":12,"2":12,"3":30}}
,"C:\\Users\\khoiv\\OneDrive\\Documents\\Code\\Makedown\\packages\\engine\\src\\hash.ts": {"path":"C:\\Users\\khoiv\\OneDrive\\Documents\\Code\\Makedown\\packages\\engine\\src\\hash.ts","all":false,"statementMap":{"0":{"start":{"line":1,"column":0},"end":{"line":1,"column":3}},"8":{"start":{"line":9,"column":0},"end":{"line":9,"column":59}},"9":{"start":{"line":10,"column":0},"end":{"line":10,"column":69}},"10":{"start":{"line":11,"column":0},"end":{"line":11,"column":1}},"13":{"start":{"line":14,"column":0},"end":{"line":14,"column":55}},"14":{"start":{"line":15,"column":0},"end":{"line":15,"column":41}},"15":{"start":{"line":16,"column":0},"end":{"line":16,"column":1}},"17":{"start":{"line":18,"column":0},"end":{"line":18,"column":44}},"18":{"start":{"line":19,"column":0},"end":{"line":19,"column":29}},"19":{"start":{"line":20,"column":0},"end":{"line":20,"column":31}},"20":{"start":{"line":21,"column":0},"end":{"line":21,"column":3}},"21":{"start":{"line":22,"column":0},"end":{"line":22,"column":52}},"22":{"start":{"line":23,"column":0},"end":{"line":23,"column":44}},"23":{"start":{"line":24,"column":0},"end":{"line":24,"column":77}},"24":{"start":{"line":25,"column":0},"end":{"line":25,"column":67}},"25":{"start":{"line":26,"column":0},"end":{"line":26,"column":5}},"26":{"start":{"line":27,"column":0},"end":{"line":27,"column":15}},"27":{"start":{"line":28,"column":0},"end":{"line":28,"column":3}},"28":{"start":{"line":29,"column":0},"end":{"line":29,"column":15}},"29":{"start":{"line":30,"column":0},"end":{"line":30,"column":1}},"36":{"start":{"line":37,"column":0},"end":{"line":37,"column":73}},"37":{"start":{"line":38,"column":0},"end":{"line":38,"column":10}},"38":{"start":{"line":39,"column":0},"end":{"line":39,"column":31}},"39":{"start":{"line":40,"column":0},"end":{"line":40,"column":22}},"40":{"start":{"line":41,"column":0},"end":{"line":41,"column":24}},"41":{"start":{"line":42,"column":0},"end":{"line":42,"column":32}},"42":{"start":{"line":43,"column":0},"end":{"line":43,"column":28}},"43":{"start":{"line":44,"column":0},"end":{"line":44,"column":40}},"44":{"start":{"line":45,"column":0},"end":{"line":45,"column":30}},"45":{"start":{"line":46,"column":0},"end":{"line":46,"column":34}},"46":{"start":{"line":47,"column":0},"end":{"line":47,"column":4}},"47":{"start":{"line":48,"column":0},"end":{"line":48,"column":1}},"60":{"start":{"line":61,"column":0},"end":{"line":61,"column":91}},"61":{"start":{"line":62,"column":0},"end":{"line":62,"column":19}},"62":{"start":{"line":63,"column":0},"end":{"line":63,"column":36}},"63":{"start":{"line":64,"column":0},"end":{"line":64,"column":43}},"64":{"start":{"line":65,"column":0},"end":{"line":65,"column":9}},"65":{"start":{"line":66,"column":0},"end":{"line":66,"column":23}},"66":{"start":{"line":67,"column":0},"end":{"line":67,"column":33}},"67":{"start":{"line":68,"column":0},"end":{"line":68,"column":18}},"68":{"start":{"line":69,"column":0},"end":{"line":69,"column":25}},"69":{"start":{"line":70,"column":0},"end":{"line":70,"column":1}}},"s":{"0":1,"8":1,"9":52,"10":52,"13":1,"14":91,"15":91,"17":426,"18":426,"19":58,"20":58,"21":426,"22":91,"23":91,"24":279,"25":279,"26":91,"27":91,"28":277,"29":277,"36":29,"37":29,"38":29,"39":29,"40":29,"41":29,"42":29,"43":29,"44":29,"45":29,"46":29,"47":29,"60":1,"61":29,"62":29,"63":29,"64":29,"65":29,"66":29,"67":29,"68":29,"69":29},"branchMap":{"0":{"type":"branch","line":9,"loc":{"start":{"line":9,"column":7},"end":{"line":11,"column":1}},"locations":[{"start":{"line":9,"column":7},"end":{"line":11,"column":1}}]},"1":{"type":"branch","line":14,"loc":{"start":{"line":14,"column":7},"end":{"line":16,"column":1}},"locations":[{"start":{"line":14,"column":7},"end":{"line":16,"column":1}}]},"2":{"type":"branch","line":18,"loc":{"start":{"line":18,"column":0},"end":{"line":30,"column":1}},"locations":[{"start":{"line":18,"column":0},"end":{"line":30,"column":1}}]},"3":{"type":"branch","line":19,"loc":{"start":{"line":19,"column":28},"end":{"line":21,"column":3}},"locations":[{"start":{"line":19,"column":28},"end":{"line":21,"column":3}}]},"4":{"type":"branch","line":21,"loc":{"start":{"line":21,"column":2},"end":{"line":22,"column":24}},"locations":[{"start":{"line":21,"column":2},"end":{"line":22,"column":24}}]},"5":{"type":"branch","line":22,"loc":{"start":{"line":22,"column":16},"end":{"line":22,"column":51}},"locations":[{"start":{"line":22,"column":16},"end":{"line":22,"column":51}}]},"6":{"type":"branch","line":22,"loc":{"start":{"line":22,"column":51},"end":{"line":28,"column":3}},"locations":[{"start":{"line":22,"column":51},"end":{"line":28,"column":3}}]},"7":{"type":"branch","line":24,"loc":{"start":{"line":24,"column":76},"end":{"line":26,"column":5}},"locations":[{"start":{"line":24,"column":76},"end":{"line":26,"column":5}}]},"8":{"type":"branch","line":28,"loc":{"start":{"line":28,"column":2},"end":{"line":30,"column":1}},"locations":[{"start":{"line":28,"column":2},"end":{"line":30,"column":1}}]},"9":{"type":"branch","line":37,"loc":{"start":{"line":37,"column":0},"end":{"line":48,"column":1}},"locations":[{"start":{"line":37,"column":0},"end":{"line":48,"column":1}}]},"10":{"type":"branch","line":42,"loc":{"start":{"line":42,"column":18},"end":{"line":42,"column":32}},"locations":[{"start":{"line":42,"column":18},"end":{"line":42,"column":32}}]},"11":{"type":"branch","line":61,"loc":{"start":{"line":61,"column":7},"end":{"line":70,"column":1}},"locations":[{"start":{"line":61,"column":7},"end":{"line":70,"column":1}}]},"12":{"type":"branch","line":66,"loc":{"start":{"line":66,"column":11},"end":{"line":66,"column":23}},"locations":[{"start":{"line":66,"column":11},"end":{"line":66,"column":23}}]}},"b":{"0":[52],"1":[91],"2":[426],"3":[58],"4":[368],"5":[253],"6":[91],"7":[279],"8":[277],"9":[29],"10":[28],"11":[29],"12":[1]},"fnMap":{"0":{"name":"sha256","decl":{"start":{"line":9,"column":7},"end":{"line":11,"column":1}},"loc":{"start":{"line":9,"column":7},"end":{"line":11,"column":1}},"line":9},"1":{"name":"canonicalJson","decl":{"start":{"line":14,"column":7},"end":{"line":16,"column":1}},"loc":{"start":{"line":14,"column":7},"end":{"line":16,"column":1}},"line":14},"2":{"name":"sortDeep","decl":{"start":{"line":18,"column":0},"end":{"line":30,"column":1}},"loc":{"start":{"line":18,"column":0},"end":{"line":30,"column":1}},"line":18},"3":{"name":"normalizeHeader","decl":{"start":{"line":37,"column":0},"end":{"line":48,"column":1}},"loc":{"start":{"line":37,"column":0},"end":{"line":48,"column":1}},"line":37},"4":{"name":"computeIdentityHash","decl":{"start":{"line":61,"column":7},"end":{"line":70,"column":1}},"loc":{"start":{"line":61,"column":7},"end":{"line":70,"column":1}},"line":61}},"f":{"0":52,"1":91,"2":426,"3":29,"4":29}}
,"C:\\Users\\khoiv\\OneDrive\\Documents\\Code\\Makedown\\packages\\engine\\src\\index.ts": {"path":"C:\\Users\\khoiv\\OneDrive\\Documents\\Code\\Makedown\\packages\\engine\\src\\index.ts","all":true,"statementMap":{"0":{"start":{"line":1,"column":0},"end":{"line":1,"column":91}}},"s":{"0":0},"branchMap":{"0":{"type":"branch","line":1,"loc":{"start":{"line":1,"column":380},"end":{"line":12,"column":20}},"locations":[{"start":{"line":1,"column":380},"end":{"line":12,"column":20}}]}},"b":{"0":[0]},"fnMap":{"0":{"name":"(empty-report)","decl":{"start":{"line":1,"column":380},"end":{"line":12,"column":20}},"loc":{"start":{"line":1,"column":380},"end":{"line":12,"column":20}},"line":1}},"f":{"0":0}}
}
