{"C:\\Users\\khoiv\\OneDrive\\Documents\\Code\\Makedown\\packages\\engine\\src\\_testkit.ts": {"path":"C:\\Users\\khoiv\\OneDrive\\Documents\\Code\\Makedown\\packages\\engine\\src\\_testkit.ts","all":false,"statementMap":{"0":{"start":{"line":1,"column":0},"end":{"line":1,"column":3}},"12":{"start":{"line":13,"column":0},"end":{"line":13,"column":47}},"13":{"start":{"line":14,"column":0},"end":{"line":14,"column":23}},"14":{"start":{"line":15,"column":0},"end":{"line":15,"column":43}},"15":{"start":{"line":16,"column":0},"end":{"line":16,"column":65}},"17":{"start":{"line":18,"column":0},"end":{"line":18,"column":63}},"18":{"start":{"line":19,"column":0},"end":{"line":19,"column":66}},"19":{"start":{"line":20,"column":0},"end":{"line":20,"column":3}},"21":{"start":{"line":22,"column":0},"end":{"line":22,"column":69}},"22":{"start":{"line":23,"column":0},"end":{"line":23,"column":25}},"23":{"start":{"line":24,"column":0},"end":{"line":24,"column":88}},"24":{"start":{"line":25,"column":0},"end":{"line":25,"column":3}},"25":{"start":{"line":26,"column":0},"end":{"line":26,"column":1}},"28":{"start":{"line":29,"column":0},"end":{"line":29,"column":74}},"38":{"start":{"line":39,"column":0},"end":{"line":39,"column":59}},"39":{"start":{"line":40,"column":0},"end":{"line":40,"column":57}},"40":{"start":{"line":41,"column":0},"end":{"line":41,"column":10}},"41":{"start":{"line":42,"column":0},"end":{"line":42,"column":8}},"42":{"start":{"line":43,"column":0},"end":{"line":43,"column":44}},"43":{"start":{"line":44,"column":0},"end":{"line":44,"column":14}},"44":{"start":{"line":45,"column":0},"end":{"line":45,"column":26}},"45":{"start":{"line":46,"column":0},"end":{"line":46,"column":50}},"46":{"start":{"line":47,"column":0},"end":{"line":47,"column":17}},"47":{"start":{"line":48,"column":0},"end":{"line":48,"column":23}},"48":{"start":{"line":49,"column":0},"end":{"line":49,"column":8}},"49":{"start":{"line":50,"column":0},"end":{"line":50,"column":6}},"50":{"start":{"line":51,"column":0},"end":{"line":51,"column":66}},"51":{"start":{"line":52,"column":0},"end":{"line":52,"column":38}},"52":{"start":{"line":53,"column":0},"end":{"line":53,"column":57}},"53":{"start":{"line":54,"column":0},"end":{"line":54,"column":45}},"54":{"start":{"line":55,"column":0},"end":{"line":55,"column":6}},"55":{"start":{"line":56,"column":0},"end":{"line":56,"column":36}},"56":{"start":{"line":57,"column":0},"end":{"line":57,"column":54}},"57":{"start":{"line":58,"column":0},"end":{"line":58,"column":6}},"58":{"start":{"line":59,"column":0},"end":{"line":59,"column":4}},"59":{"start":{"line":60,"column":0},"end":{"line":60,"column":1}}},"s":{"0":1,"12":1,"13":1,"14":11,"15":11,"17":1,"18":11,"19":11,"21":1,"22":14,"23":14,"24":14,"25":1,"28":1,"38":32,"39":32,"40":32,"41":32,"42":32,"43":35,"44":35,"45":35,"46":35,"47":35,"48":35,"49":35,"50":32,"51":40,"52":40,"53":40,"54":40,"55":32,"56":32,"57":32,"58":32,"59":32},"branchMap":{"0":{"type":"branch","line":14,"loc":{"start":{"line":14,"column":11},"end":{"line":16,"column":65}},"locations":[{"start":{"line":14,"column":11},"end":{"line":16,"column":65}}]},"1":{"type":"branch","line":18,"loc":{"start":{"line":18,"column":2},"end":{"line":20,"column":3}},"locations":[{"start":{"line":18,"column":2},"end":{"line":20,"column":3}}]},"2":{"type":"branch","line":19,"loc":{"start":{"line":19,"column":21},"end":{"line":19,"column":66}},"locations":[{"start":{"line":19,"column":21},"end":{"line":19,"column":66}}]},"3":{"type":"branch","line":19,"loc":{"start":{"line":19,"column":35},"end":{"line":19,"column":66}},"locations":[{"start":{"line":19,"column":35},"end":{"line":19,"column":66}}]},"4":{"type":"branch","line":22,"loc":{"start":{"line":22,"column":2},"end":{"line":25,"column":3}},"locations":[{"start":{"line":22,"column":2},"end":{"line":25,"column":3}}]},"5":{"type":"branch","line":29,"loc":{"start":{"line":29,"column":25},"end":{"line":29,"column":74}},"locations":[{"start":{"line":29,"column":25},"end":{"line":29,"column":74}}]},"6":{"type":"branch","line":39,"loc":{"start":{"line":39,"column":0},"end":{"line":60,"column":1}},"locations":[{"start":{"line":39,"column":0},"end":{"line":60,"column":1}}]},"7":{"type":"branch","line":43,"loc":{"start":{"line":43,"column":4},"end":{"line":50,"column":6}},"locations":[{"start":{"line":43,"column":4},"end":{"line":50,"column":6}}]},"8":{"type":"branch","line":51,"loc":{"start":{"line":51,"column":4},"end":{"line":55,"column":6}},"locations":[{"start":{"line":51,"column":4},"end":{"line":55,"column":6}}]},"9":{"type":"branch","line":56,"loc":{"start":{"line":56,"column":4},"end":{"line":58,"column":6}},"locations":[{"start":{"line":56,"column":4},"end":{"line":58,"column":6}}]}},"b":{"0":[11],"1":[11],"2":[4],"3":[3],"4":[14],"5":[30],"6":[32],"7":[35],"8":[40],"9":[32]},"fnMap":{"0":{"name":"<instance_members_initializer>","decl":{"start":{"line":14,"column":11},"end":{"line":16,"column":65}},"loc":{"start":{"line":14,"column":11},"end":{"line":16,"column":65}},"line":14},"1":{"name":"FakeProvider","decl":{"start":{"line":18,"column":2},"end":{"line":20,"column":3}},"loc":{"start":{"line":18,"column":2},"end":{"line":20,"column":3}},"line":18},"2":{"name":"complete","decl":{"start":{"line":22,"column":2},"end":{"line":25,"column":3}},"loc":{"start":{"line":22,"column":2},"end":{"line":25,"column":3}},"line":22},"3":{"name":"FIXED_NOW","decl":{"start":{"line":29,"column":25},"end":{"line":29,"column":74}},"loc":{"start":{"line":29,"column":25},"end":{"line":29,"column":74}},"line":29},"4":{"name":"makeWorkspace","decl":{"start":{"line":39,"column":0},"end":{"line":60,"column":1}},"loc":{"start":{"line":39,"column":0},"end":{"line":60,"column":1}},"line":39},"5":{"name":"ctx","decl":{"start":{"line":43,"column":4},"end":{"line":50,"column":6}},"loc":{"start":{"line":43,"column":4},"end":{"line":50,"column":6}},"line":43},"6":{"name":"write","decl":{"start":{"line":51,"column":4},"end":{"line":55,"column":6}},"loc":{"start":{"line":51,"column":4},"end":{"line":55,"column":6}},"line":51},"7":{"name":"cleanup","decl":{"start":{"line":56,"column":4},"end":{"line":58,"column":6}},"loc":{"start":{"line":56,"column":4},"end":{"line":58,"column":6}},"line":56}},"f":{"0":11,"1":11,"2":14,"3":30,"4":32,"5":35,"6":40,"7":32}}
,"C:\\Users\\khoiv\\OneDrive\\Documents\\Code\\Makedown\\packages\\engine\\src\\build.ts": {"path":"C:\\Users\\khoiv\\OneDrive\\Documents\\Code\\Makedown\\packages\\engine\\src\\build.ts","all":false,"statementMap":{"0":{"start":{"line":1,"column":0},"end":{"line":1,"column":3}},"27":{"start":{"line":28,"column":0},"end":{"line":28,"column":48}},"28":{"start":{"line":29,"column":0},"end":{"line":29,"column":32}},"29":{"start":{"line":30,"column":0},"end":{"line":30,"column":19}},"30":{"start":{"line":31,"column":0},"end":{"line":31,"column":38}},"31":{"start":{"line":32,"column":0},"end":{"line":32,"column":3}},"32":{"start":{"line":33,"column":0},"end":{"line":33,"column":1}},"59":{"start":{"line":60,"column":0},"end":{"line":60,"column":87}},"60":{"start":{"line":61,"column":0},"end":{"line":61,"column":32}},"61":{"start":{"line":62,"column":0},"end":{"line":62,"column":71}},"62":{"start":{"line":63,"column":0},"end":{"line":63,"column":40}},"63":{"start":{"line":64,"column":0},"end":{"line":64,"column":33}},"65":{"start":{"line":66,"column":0},"end":{"line":66,"column":35}},"66":{"start":{"line":67,"column":0},"end":{"line":67,"column":36}},"67":{"start":{"line":68,"column":0},"end":{"line":68,"column":26}},"69":{"start":{"line":70,"column":0},"end":{"line":70,"column":57}},"70":{"start":{"line":71,"column":0},"end":{"line":71,"column":36}},"71":{"start":{"line":72,"column":0},"end":{"line":72,"column":45}},"72":{"start":{"line":73,"column":0},"end":{"line":73,"column":28}},"73":{"start":{"line":74,"column":0},"end":{"line":74,"column":24}},"74":{"start":{"line":75,"column":0},"end":{"line":75,"column":49}},"75":{"start":{"line":76,"column":0},"end":{"line":76,"column":7}},"76":{"start":{"line":77,"column":0},"end":{"line":77,"column":22}},"78":{"start":{"line":79,"column":0},"end":{"line":79,"column":49}},"79":{"start":{"line":80,"column":0},"end":{"line":80,"column":44}},"80":{"start":{"line":81,"column":0},"end":{"line":81,"column":3}},"82":{"start":{"line":83,"column":0},"end":{"line":83,"column":40}},"83":{"start":{"line":84,"column":0},"end":{"line":84,"column":1}},"90":{"start":{"line":91,"column":0},"end":{"line":91,"column":94}},"91":{"start":{"line":92,"column":0},"end":{"line":92,"column":36}},"92":{"start":{"line":93,"column":0},"end":{"line":93,"column":43}},"93":{"start":{"line":94,"column":0},"end":{"line":94,"column":85}},"94":{"start":{"line":95,"column":0},"end":{"line":95,"column":34}},"95":{"start":{"line":96,"column":0},"end":{"line":96,"column":1}},"97":{"start":{"line":98,"column":0},"end":{"line":98,"column":29}},"98":{"start":{"line":99,"column":0},"end":{"line":99,"column":22}},"99":{"start":{"line":100,"column":0},"end":{"line":100,"column":35}},"100":{"start":{"line":101,"column":0},"end":{"line":101,"column":20}},"101":{"start":{"line":102,"column":0},"end":{"line":102,"column":29}},"102":{"start":{"line":103,"column":0},"end":{"line":103,"column":39}},"103":{"start":{"line":104,"column":0},"end":{"line":104,"column":45}},"104":{"start":{"line":105,"column":0},"end":{"line":105,"column":31}},"105":{"start":{"line":106,"column":0},"end":{"line":106,"column":31}},"106":{"start":{"line":107,"column":0},"end":{"line":107,"column":30}},"108":{"start":{"line":109,"column":0},"end":{"line":109,"column":58}},"109":{"start":{"line":110,"column":0},"end":{"line":110,"column":12}},"110":{"start":{"line":111,"column":0},"end":{"line":111,"column":64}},"111":{"start":{"line":112,"column":0},"end":{"line":112,"column":82}},"112":{"start":{"line":113,"column":0},"end":{"line":113,"column":5}},"113":{"start":{"line":114,"column":0},"end":{"line":114,"column":3}},"114":{"start":{"line":115,"column":0},"end":{"line":115,"column":18}},"115":{"start":{"line":116,"column":0},"end":{"line":116,"column":1}},"123":{"start":{"line":124,"column":0},"end":{"line":124,"column":28}},"124":{"start":{"line":125,"column":0},"end":{"line":125,"column":22}},"125":{"start":{"line":126,"column":0},"end":{"line":126,"column":20}},"126":{"start":{"line":127,"column":0},"end":{"line":127,"column":43}},"127":{"start":{"line":128,"column":0},"end":{"line":128,"column":70}},"128":{"start":{"line":129,"column":0},"end":{"line":129,"column":9}},"129":{"start":{"line":130,"column":0},"end":{"line":130,"column":84}},"130":{"start":{"line":131,"column":0},"end":{"line":131,"column":45}},"131":{"start":{"line":132,"column":0},"end":{"line":132,"column":13}},"132":{"start":{"line":133,"column":0},"end":{"line":133,"column":49}},"133":{"start":{"line":134,"column":0},"end":{"line":134,"column":5}},"134":{"start":{"line":135,"column":0},"end":{"line":135,"column":3}},"135":{"start":{"line":136,"column":0},"end":{"line":136,"column":19}},"136":{"start":{"line":137,"column":0},"end":{"line":137,"column":1}},"145":{"start":{"line":146,"column":0},"end":{"line":146,"column":88}},"146":{"start":{"line":147,"column":0},"end":{"line":147,"column":41}},"147":{"start":{"line":148,"column":0},"end":{"line":148,"column":71}},"148":{"start":{"line":149,"column":0},"end":{"line":149,"column":86}},"149":{"start":{"line":150,"column":0},"end":{"line":150,"column":29}},"150":{"start":{"line":151,"column":0},"end":{"line":151,"column":30}},"152":{"start":{"line":153,"column":0},"end":{"line":153,"column":34}},"153":{"start":{"line":154,"column":0},"end":{"line":154,"column":39}},"154":{"start":{"line":155,"column":0},"end":{"line":155,"column":26}},"156":{"start":{"line":157,"column":0},"end":{"line":157,"column":19}},"157":{"start":{"line":158,"column":0},"end":{"line":158,"column":52}},"158":{"start":{"line":159,"column":0},"end":{"line":159,"column":26}},"159":{"start":{"line":160,"column":0},"end":{"line":160,"column":12}},"160":{"start":{"line":161,"column":0},"end":{"line":161,"column":41}},"161":{"start":{"line":162,"column":0},"end":{"line":162,"column":27}},"162":{"start":{"line":163,"column":0},"end":{"line":163,"column":5}},"163":{"start":{"line":164,"column":0},"end":{"line":164,"column":3}},"165":{"start":{"line":166,"column":0},"end":{"line":166,"column":33}},"166":{"start":{"line":167,"column":0},"end":{"line":167,"column":1}},"169":{"start":{"line":170,"column":0},"end":{"line":170,"column":29}},"170":{"start":{"line":171,"column":0},"end":{"line":171,"column":22}},"171":{"start":{"line":172,"column":0},"end":{"line":172,"column":17}},"172":{"start":{"line":173,"column":0},"end":{"line":173,"column":20}},"173":{"start":{"line":174,"column":0},"end":{"line":174,"column":39}},"174":{"start":{"line":175,"column":0},"end":{"line":175,"column":18}},"175":{"start":{"line":176,"column":0},"end":{"line":176,"column":31}},"176":{"start":{"line":177,"column":0},"end":{"line":177,"column":16}},"177":{"start":{"line":178,"column":0},"end":{"line":178,"column":16}},"178":{"start":{"line":179,"column":0},"end":{"line":179,"column":54}},"179":{"start":{"line":180,"column":0},"end":{"line":180,"column":62}},"180":{"start":{"line":181,"column":0},"end":{"line":181,"column":53}},"181":{"start":{"line":182,"column":0},"end":{"line":182,"column":21}},"182":{"start":{"line":183,"column":0},"end":{"line":183,"column":56}},"183":{"start":{"line":184,"column":0},"end":{"line":184,"column":15}},"184":{"start":{"line":185,"column":0},"end":{"line":185,"column":50}},"185":{"start":{"line":186,"column":0},"end":{"line":186,"column":12}},"186":{"start":{"line":187,"column":0},"end":{"line":187,"column":36}},"187":{"start":{"line":188,"column":0},"end":{"line":188,"column":88}},"188":{"start":{"line":189,"column":0},"end":{"line":189,"column":8}},"189":{"start":{"line":190,"column":0},"end":{"line":190,"column":3}},"190":{"start":{"line":191,"column":0},"end":{"line":191,"column":1}},"193":{"start":{"line":194,"column":0},"end":{"line":194,"column":32}},"194":{"start":{"line":195,"column":0},"end":{"line":195,"column":22}},"195":{"start":{"line":196,"column":0},"end":{"line":196,"column":17}},"196":{"start":{"line":197,"column":0},"end":{"line":197,"column":20}},"197":{"start":{"line":198,"column":0},"end":{"line":198,"column":39}},"198":{"start":{"line":199,"column":0},"end":{"line":199,"column":18}},"199":{"start":{"line":200,"column":0},"end":{"line":200,"column":22}},"200":{"start":{"line":201,"column":0},"end":{"line":201,"column":20}},"201":{"start":{"line":202,"column":0},"end":{"line":202,"column":93}},"202":{"start":{"line":203,"column":0},"end":{"line":203,"column":6}},"203":{"start":{"line":204,"column":0},"end":{"line":204,"column":3}},"205":{"start":{"line":206,"column":0},"end":{"line":206,"column":72}},"206":{"start":{"line":207,"column":0},"end":{"line":207,"column":37}},"207":{"start":{"line":208,"column":0},"end":{"line":208,"column":69}},"208":{"start":{"line":209,"column":0},"end":{"line":209,"column":16}},"209":{"start":{"line":210,"column":0},"end":{"line":210,"column":27}},"210":{"start":{"line":211,"column":0},"end":{"line":211,"column":46}},"211":{"start":{"line":212,"column":0},"end":{"line":212,"column":37}},"212":{"start":{"line":213,"column":0},"end":{"line":213,"column":11}},"213":{"start":{"line":214,"column":0},"end":{"line":214,"column":11}},"214":{"start":{"line":215,"column":0},"end":{"line":215,"column":33}},"215":{"start":{"line":216,"column":0},"end":{"line":216,"column":5}},"216":{"start":{"line":217,"column":0},"end":{"line":217,"column":40}},"221":{"start":{"line":222,"column":0},"end":{"line":222,"column":76}},"222":{"start":{"line":223,"column":0},"end":{"line":223,"column":41}},"223":{"start":{"line":224,"column":0},"end":{"line":224,"column":3}},"225":{"start":{"line":226,"column":0},"end":{"line":226,"column":56}},"226":{"start":{"line":227,"column":0},"end":{"line":227,"column":36}},"227":{"start":{"line":228,"column":0},"end":{"line":228,"column":56}},"229":{"start":{"line":230,"column":0},"end":{"line":230,"column":34}},"230":{"start":{"line":231,"column":0},"end":{"line":231,"column":24}},"231":{"start":{"line":232,"column":0},"end":{"line":232,"column":14}},"232":{"start":{"line":233,"column":0},"end":{"line":233,"column":33}},"233":{"start":{"line":234,"column":0},"end":{"line":234,"column":29}},"234":{"start":{"line":235,"column":0},"end":{"line":235,"column":31}},"235":{"start":{"line":236,"column":0},"end":{"line":236,"column":33}},"236":{"start":{"line":237,"column":0},"end":{"line":237,"column":22}},"237":{"start":{"line":238,"column":0},"end":{"line":238,"column":31}},"238":{"start":{"line":239,"column":0},"end":{"line":239,"column":25}},"239":{"start":{"line":240,"column":0},"end":{"line":240,"column":28}},"240":{"start":{"line":241,"column":0},"end":{"line":241,"column":15}},"241":{"start":{"line":242,"column":0},"end":{"line":242,"column":31}},"242":{"start":{"line":243,"column":0},"end":{"line":243,"column":4}},"243":{"start":{"line":244,"column":0},"end":{"line":244,"column":42}},"244":{"start":{"line":245,"column":0},"end":{"line":245,"column":1}},"252":{"start":{"line":253,"column":0},"end":{"line":253,"column":42}},"253":{"start":{"line":254,"column":0},"end":{"line":254,"column":22}},"254":{"start":{"line":255,"column":0},"end":{"line":255,"column":17}},"255":{"start":{"line":256,"column":0},"end":{"line":256,"column":20}},"256":{"start":{"line":257,"column":0},"end":{"line":257,"column":39}},"257":{"start":{"line":258,"column":0},"end":{"line":258,"column":18}},"258":{"start":{"line":259,"column":0},"end":{"line":259,"column":22}},"259":{"start":{"line":260,"column":0},"end":{"line":260,"column":20}},"260":{"start":{"line":261,"column":0},"end":{"line":261,"column":93}},"261":{"start":{"line":262,"column":0},"end":{"line":262,"column":6}},"262":{"start":{"line":263,"column":0},"end":{"line":263,"column":3}},"263":{"start":{"line":264,"column":0},"end":{"line":264,"column":36}},"264":{"start":{"line":265,"column":0},"end":{"line":265,"column":54}},"265":{"start":{"line":266,"column":0},"end":{"line":266,"column":53}},"267":{"start":{"line":268,"column":0},"end":{"line":268,"column":72}},"268":{"start":{"line":269,"column":0},"end":{"line":269,"column":37}},"269":{"start":{"line":270,"column":0},"end":{"line":270,"column":69}},"270":{"start":{"line":271,"column":0},"end":{"line":271,"column":16}},"272":{"start":{"line":273,"column":0},"end":{"line":273,"column":50}},"273":{"start":{"line":274,"column":0},"end":{"line":274,"column":29}},"274":{"start":{"line":275,"column":0},"end":{"line":275,"column":48}},"275":{"start":{"line":276,"column":0},"end":{"line":276,"column":39}},"276":{"start":{"line":277,"column":0},"end":{"line":277,"column":13}},"277":{"start":{"line":278,"column":0},"end":{"line":278,"column":13}},"278":{"start":{"line":279,"column":0},"end":{"line":279,"column":35}},"279":{"start":{"line":280,"column":0},"end":{"line":280,"column":7}},"280":{"start":{"line":281,"column":0},"end":{"line":281,"column":42}},"281":{"start":{"line":282,"column":0},"end":{"line":282,"column":36}},"282":{"start":{"line":283,"column":0},"end":{"line":283,"column":26}},"283":{"start":{"line":284,"column":0},"end":{"line":284,"column":16}},"284":{"start":{"line":285,"column":0},"end":{"line":285,"column":35}},"285":{"start":{"line":286,"column":0},"end":{"line":286,"column":31}},"286":{"start":{"line":287,"column":0},"end":{"line":287,"column":33}},"287":{"start":{"line":288,"column":0},"end":{"line":288,"column":35}},"288":{"start":{"line":289,"column":0},"end":{"line":289,"column":24}},"289":{"start":{"line":290,"column":0},"end":{"line":290,"column":33}},"290":{"start":{"line":291,"column":0},"end":{"line":291,"column":27}},"291":{"start":{"line":292,"column":0},"end":{"line":292,"column":30}},"292":{"start":{"line":293,"column":0},"end":{"line":293,"column":17}},"293":{"start":{"line":294,"column":0},"end":{"line":294,"column":33}},"294":{"start":{"line":295,"column":0},"end":{"line":295,"column":6}},"295":{"start":{"line":296,"column":0},"end":{"line":296,"column":29}},"296":{"start":{"line":297,"column":0},"end":{"line":297,"column":16}},"297":{"start":{"line":298,"column":0},"end":{"line":298,"column":12}},"298":{"start":{"line":299,"column":0},"end":{"line":299,"column":53}},"299":{"start":{"line":300,"column":0},"end":{"line":300,"column":17}},"300":{"start":{"line":301,"column":0},"end":{"line":301,"column":7}},"301":{"start":{"line":302,"column":0},"end":{"line":302,"column":3}},"303":{"start":{"line":304,"column":0},"end":{"line":304,"column":44}},"304":{"start":{"line":305,"column":0},"end":{"line":305,"column":1}},"307":{"start":{"line":308,"column":0},"end":{"line":308,"column":34}},"308":{"start":{"line":309,"column":0},"end":{"line":309,"column":22}},"309":{"start":{"line":310,"column":0},"end":{"line":310,"column":17}},"310":{"start":{"line":311,"column":0},"end":{"line":311,"column":20}},"311":{"start":{"line":312,"column":0},"end":{"line":312,"column":18}},"312":{"start":{"line":313,"column":0},"end":{"line":313,"column":50}},"313":{"start":{"line":314,"column":0},"end":{"line":314,"column":17}},"314":{"start":{"line":315,"column":0},"end":{"line":315,"column":85}},"315":{"start":{"line":316,"column":0},"end":{"line":316,"column":23}},"316":{"start":{"line":317,"column":0},"end":{"line":317,"column":36}},"317":{"start":{"line":318,"column":0},"end":{"line":318,"column":56}},"318":{"start":{"line":319,"column":0},"end":{"line":319,"column":20}},"319":{"start":{"line":320,"column":0},"end":{"line":320,"column":58}},"320":{"start":{"line":321,"column":0},"end":{"line":321,"column":50}},"321":{"start":{"line":322,"column":0},"end":{"line":322,"column":58}},"322":{"start":{"line":323,"column":0},"end":{"line":323,"column":1}},"325":{"start":{"line":326,"column":0},"end":{"line":326,"column":61}},"326":{"start":{"line":327,"column":0},"end":{"line":327,"column":7}},"327":{"start":{"line":328,"column":0},"end":{"line":328,"column":21}},"328":{"start":{"line":329,"column":0},"end":{"line":329,"column":11}},"329":{"start":{"line":330,"column":0},"end":{"line":330,"column":20}},"330":{"start":{"line":331,"column":0},"end":{"line":331,"column":87}},"331":{"start":{"line":332,"column":0},"end":{"line":332,"column":6}},"332":{"start":{"line":333,"column":0},"end":{"line":333,"column":3}},"333":{"start":{"line":334,"column":0},"end":{"line":334,"column":1}},"340":{"start":{"line":341,"column":0},"end":{"line":341,"column":26}},"341":{"start":{"line":342,"column":0},"end":{"line":342,"column":22}},"342":{"start":{"line":343,"column":0},"end":{"line":343,"column":17}},"343":{"start":{"line":344,"column":0},"end":{"line":344,"column":20}},"344":{"start":{"line":345,"column":0},"end":{"line":345,"column":39}},"345":{"start":{"line":346,"column":0},"end":{"line":346,"column":18}},"346":{"start":{"line":347,"column":0},"end":{"line":347,"column":22}},"347":{"start":{"line":348,"column":0},"end":{"line":348,"column":90}},"348":{"start":{"line":349,"column":0},"end":{"line":349,"column":3}},"349":{"start":{"line":350,"column":0},"end":{"line":350,"column":34}},"350":{"start":{"line":351,"column":0},"end":{"line":351,"column":14}},"351":{"start":{"line":352,"column":0},"end":{"line":352,"column":81}},"352":{"start":{"line":353,"column":0},"end":{"line":353,"column":3}},"354":{"start":{"line":355,"column":0},"end":{"line":355,"column":68}},"355":{"start":{"line":356,"column":0},"end":{"line":356,"column":31}},"356":{"start":{"line":357,"column":0},"end":{"line":357,"column":16}},"357":{"start":{"line":358,"column":0},"end":{"line":358,"column":17}},"358":{"start":{"line":359,"column":0},"end":{"line":359,"column":18}},"360":{"start":{"line":361,"column":0},"end":{"line":361,"column":27}},"361":{"start":{"line":362,"column":0},"end":{"line":362,"column":29}},"362":{"start":{"line":363,"column":0},"end":{"line":363,"column":47}},"363":{"start":{"line":364,"column":0},"end":{"line":364,"column":84}},"364":{"start":{"line":365,"column":0},"end":{"line":365,"column":39}},"365":{"start":{"line":366,"column":0},"end":{"line":366,"column":81}},"366":{"start":{"line":367,"column":0},"end":{"line":367,"column":18}},"367":{"start":{"line":368,"column":0},"end":{"line":368,"column":48}},"368":{"start":{"line":369,"column":0},"end":{"line":369,"column":39}},"369":{"start":{"line":370,"column":0},"end":{"line":370,"column":13}},"370":{"start":{"line":371,"column":0},"end":{"line":371,"column":13}},"371":{"start":{"line":372,"column":0},"end":{"line":372,"column":35}},"372":{"start":{"line":373,"column":0},"end":{"line":373,"column":7}},"373":{"start":{"line":374,"column":0},"end":{"line":374,"column":30}},"374":{"start":{"line":375,"column":0},"end":{"line":375,"column":32}},"375":{"start":{"line":376,"column":0},"end":{"line":376,"column":34}},"376":{"start":{"line":377,"column":0},"end":{"line":377,"column":35}},"377":{"start":{"line":378,"column":0},"end":{"line":378,"column":3}},"378":{"start":{"line":379,"column":0},"end":{"line":379,"column":40}},"380":{"start":{"line":381,"column":0},"end":{"line":381,"column":77}},"381":{"start":{"line":382,"column":0},"end":{"line":382,"column":36}},"382":{"start":{"line":383,"column":0},"end":{"line":383,"column":56}},"384":{"start":{"line":385,"column":0},"end":{"line":385,"column":34}},"385":{"start":{"line":386,"column":0},"end":{"line":386,"column":24}},"386":{"start":{"line":387,"column":0},"end":{"line":387,"column":14}},"387":{"start":{"line":388,"column":0},"end":{"line":388,"column":33}},"388":{"start":{"line":389,"column":0},"end":{"line":389,"column":16}},"389":{"start":{"line":390,"column":0},"end":{"line":390,"column":31}},"390":{"start":{"line":391,"column":0},"end":{"line":391,"column":33}},"391":{"start":{"line":392,"column":0},"end":{"line":392,"column":22}},"392":{"start":{"line":393,"column":0},"end":{"line":393,"column":36}},"393":{"start":{"line":394,"column":0},"end":{"line":394,"column":30}},"394":{"start":{"line":395,"column":0},"end":{"line":395,"column":12}},"395":{"start":{"line":396,"column":0},"end":{"line":396,"column":15}},"396":{"start":{"line":397,"column":0},"end":{"line":397,"column":31}},"397":{"start":{"line":398,"column":0},"end":{"line":398,"column":4}},"398":{"start":{"line":399,"column":0},"end":{"line":399,"column":42}},"399":{"start":{"line":400,"column":0},"end":{"line":400,"column":1}},"405":{"start":{"line":406,"column":0},"end":{"line":406,"column":47}},"406":{"start":{"line":407,"column":0},"end":{"line":407,"column":33}},"407":{"start":{"line":408,"column":0},"end":{"line":408,"column":32}},"408":{"start":{"line":409,"column":0},"end":{"line":409,"column":9}},"409":{"start":{"line":410,"column":0},"end":{"line":410,"column":50}},"410":{"start":{"line":411,"column":0},"end":{"line":411,"column":34}},"411":{"start":{"line":412,"column":0},"end":{"line":412,"column":82}},"412":{"start":{"line":413,"column":0},"end":{"line":413,"column":7}},"413":{"start":{"line":414,"column":0},"end":{"line":414,"column":13}},"415":{"start":{"line":416,"column":0},"end":{"line":416,"column":5}},"416":{"start":{"line":417,"column":0},"end":{"line":417,"column":3}},"417":{"start":{"line":418,"column":0},"end":{"line":418,"column":16}},"418":{"start":{"line":419,"column":0},"end":{"line":419,"column":19}},"419":{"start":{"line":420,"column":0},"end":{"line":420,"column":31}},"420":{"start":{"line":421,"column":0},"end":{"line":421,"column":39}},"421":{"start":{"line":422,"column":0},"end":{"line":422,"column":1}},"430":{"start":{"line":431,"column":0},"end":{"line":431,"column":32}},"431":{"start":{"line":432,"column":0},"end":{"line":432,"column":22}},"432":{"start":{"line":433,"column":0},"end":{"line":433,"column":17}},"433":{"start":{"line":434,"column":0},"end":{"line":434,"column":20}},"434":{"start":{"line":435,"column":0},"end":{"line":435,"column":39}},"435":{"start":{"line":436,"column":0},"end":{"line":436,"column":18}},"436":{"start":{"line":437,"column":0},"end":{"line":437,"column":50}},"437":{"start":{"line":438,"column":0},"end":{"line":438,"column":66}},"439":{"start":{"line":440,"column":0},"end":{"line":440,"column":27}},"440":{"start":{"line":441,"column":0},"end":{"line":441,"column":43}},"441":{"start":{"line":442,"column":0},"end":{"line":442,"column":40}},"443":{"start":{"line":444,"column":0},"end":{"line":444,"column":49}},"444":{"start":{"line":445,"column":0},"end":{"line":445,"column":36}},"445":{"start":{"line":446,"column":0},"end":{"line":446,"column":56}},"447":{"start":{"line":448,"column":0},"end":{"line":448,"column":34}},"448":{"start":{"line":449,"column":0},"end":{"line":449,"column":24}},"449":{"start":{"line":450,"column":0},"end":{"line":450,"column":14}},"450":{"start":{"line":451,"column":0},"end":{"line":451,"column":33}},"451":{"start":{"line":452,"column":0},"end":{"line":452,"column":22}},"452":{"start":{"line":453,"column":0},"end":{"line":453,"column":31}},"453":{"start":{"line":454,"column":0},"end":{"line":454,"column":33}},"454":{"start":{"line":455,"column":0},"end":{"line":455,"column":22}},"455":{"start":{"line":456,"column":0},"end":{"line":456,"column":28}},"456":{"start":{"line":457,"column":0},"end":{"line":457,"column":15}},"457":{"start":{"line":458,"column":0},"end":{"line":458,"column":15}},"458":{"start":{"line":459,"column":0},"end":{"line":459,"column":31}},"459":{"start":{"line":460,"column":0},"end":{"line":460,"column":4}},"460":{"start":{"line":461,"column":0},"end":{"line":461,"column":42}},"461":{"start":{"line":462,"column":0},"end":{"line":462,"column":1}},"469":{"start":{"line":470,"column":0},"end":{"line":470,"column":96}},"470":{"start":{"line":471,"column":0},"end":{"line":471,"column":38}},"471":{"start":{"line":472,"column":0},"end":{"line":472,"column":13}},"472":{"start":{"line":473,"column":0},"end":{"line":473,"column":97}},"473":{"start":{"line":474,"column":0},"end":{"line":474,"column":3}},"474":{"start":{"line":475,"column":0},"end":{"line":475,"column":46}},"475":{"start":{"line":476,"column":0},"end":{"line":476,"column":24}},"476":{"start":{"line":477,"column":0},"end":{"line":477,"column":7}},"477":{"start":{"line":478,"column":0},"end":{"line":478,"column":52}},"478":{"start":{"line":479,"column":0},"end":{"line":479,"column":11}},"479":{"start":{"line":480,"column":0},"end":{"line":480,"column":84}},"480":{"start":{"line":481,"column":0},"end":{"line":481,"column":3}},"481":{"start":{"line":482,"column":0},"end":{"line":482,"column":29}},"483":{"start":{"line":484,"column":0},"end":{"line":484,"column":81}},"484":{"start":{"line":485,"column":0},"end":{"line":485,"column":61}},"485":{"start":{"line":486,"column":0},"end":{"line":486,"column":48}},"486":{"start":{"line":487,"column":0},"end":{"line":487,"column":33}},"487":{"start":{"line":488,"column":0},"end":{"line":488,"column":20}},"488":{"start":{"line":489,"column":0},"end":{"line":489,"column":88}},"489":{"start":{"line":490,"column":0},"end":{"line":490,"column":6}},"490":{"start":{"line":491,"column":0},"end":{"line":491,"column":3}},"491":{"start":{"line":492,"column":0},"end":{"line":492,"column":51}},"492":{"start":{"line":493,"column":0},"end":{"line":493,"column":1}},"495":{"start":{"line":496,"column":0},"end":{"line":496,"column":36}},"496":{"start":{"line":497,"column":0},"end":{"line":497,"column":22}},"497":{"start":{"line":498,"column":0},"end":{"line":498,"column":20}},"498":{"start":{"line":499,"column":0},"end":{"line":499,"column":39}},"499":{"start":{"line":500,"column":0},"end":{"line":500,"column":36}},"500":{"start":{"line":501,"column":0},"end":{"line":501,"column":41}},"501":{"start":{"line":502,"column":0},"end":{"line":502,"column":45}},"502":{"start":{"line":503,"column":0},"end":{"line":503,"column":31}},"503":{"start":{"line":504,"column":0},"end":{"line":504,"column":55}},"504":{"start":{"line":505,"column":0},"end":{"line":505,"column":3}},"505":{"start":{"line":506,"column":0},"end":{"line":506,"column":13}},"506":{"start":{"line":507,"column":0},"end":{"line":507,"column":1}},"508":{"start":{"line":509,"column":0},"end":{"line":509,"column":69}},"509":{"start":{"line":510,"column":0},"end":{"line":510,"column":54}},"510":{"start":{"line":511,"column":0},"end":{"line":511,"column":78}},"511":{"start":{"line":512,"column":0},"end":{"line":512,"column":18}},"512":{"start":{"line":513,"column":0},"end":{"line":513,"column":96}},"513":{"start":{"line":514,"column":0},"end":{"line":514,"column":4}},"514":{"start":{"line":515,"column":0},"end":{"line":515,"column":1}},"516":{"start":{"line":517,"column":0},"end":{"line":517,"column":47}},"517":{"start":{"line":518,"column":0},"end":{"line":518,"column":51}},"518":{"start":{"line":519,"column":0},"end":{"line":519,"column":1}},"521":{"start":{"line":522,"column":0},"end":{"line":522,"column":99}},"522":{"start":{"line":523,"column":0},"end":{"line":523,"column":43}},"523":{"start":{"line":524,"column":0},"end":{"line":524,"column":69}},"524":{"start":{"line":525,"column":0},"end":{"line":525,"column":1}},"526":{"start":{"line":527,"column":0},"end":{"line":527,"column":99}},"527":{"start":{"line":528,"column":0},"end":{"line":528,"column":46}},"528":{"start":{"line":529,"column":0},"end":{"line":529,"column":50}},"529":{"start":{"line":530,"column":0},"end":{"line":530,"column":33}},"530":{"start":{"line":531,"column":0},"end":{"line":531,"column":1}},"532":{"start":{"line":533,"column":0},"end":{"line":533,"column":41}},"540":{"start":{"line":541,"column":0},"end":{"line":541,"column":30}},"541":{"start":{"line":542,"column":0},"end":{"line":542,"column":15}},"542":{"start":{"line":543,"column":0},"end":{"line":543,"column":20}},"543":{"start":{"line":544,"column":0},"end":{"line":544,"column":39}},"544":{"start":{"line":545,"column":0},"end":{"line":545,"column":33}},"545":{"start":{"line":546,"column":0},"end":{"line":546,"column":41}},"546":{"start":{"line":547,"column":0},"end":{"line":547,"column":20}},"548":{"start":{"line":549,"column":0},"end":{"line":549,"column":54}},"549":{"start":{"line":550,"column":0},"end":{"line":550,"column":33}},"550":{"start":{"line":551,"column":0},"end":{"line":551,"column":33}},"551":{"start":{"line":552,"column":0},"end":{"line":552,"column":37}},"553":{"start":{"line":554,"column":0},"end":{"line":554,"column":37}},"554":{"start":{"line":555,"column":0},"end":{"line":555,"column":63}},"555":{"start":{"line":556,"column":0},"end":{"line":556,"column":9}},"556":{"start":{"line":557,"column":0},"end":{"line":557,"column":62}},"557":{"start":{"line":558,"column":0},"end":{"line":558,"column":42}},"558":{"start":{"line":559,"column":0},"end":{"line":559,"column":19}},"559":{"start":{"line":560,"column":0},"end":{"line":560,"column":89}},"560":{"start":{"line":561,"column":0},"end":{"line":561,"column":16}},"561":{"start":{"line":562,"column":0},"end":{"line":562,"column":5}},"562":{"start":{"line":563,"column":0},"end":{"line":563,"column":5}},"563":{"start":{"line":564,"column":0},"end":{"line":564,"column":1}},"574":{"start":{"line":575,"column":0},"end":{"line":575,"column":35}},"575":{"start":{"line":576,"column":0},"end":{"line":576,"column":16}},"576":{"start":{"line":577,"column":0},"end":{"line":577,"column":15}},"577":{"start":{"line":578,"column":0},"end":{"line":578,"column":20}},"578":{"start":{"line":579,"column":0},"end":{"line":579,"column":28}},"579":{"start":{"line":580,"column":0},"end":{"line":580,"column":58}},"580":{"start":{"line":581,"column":0},"end":{"line":581,"column":58}},"581":{"start":{"line":582,"column":0},"end":{"line":582,"column":86}},"582":{"start":{"line":583,"column":0},"end":{"line":583,"column":71}},"583":{"start":{"line":584,"column":0},"end":{"line":584,"column":37}},"584":{"start":{"line":585,"column":0},"end":{"line":585,"column":68}},"585":{"start":{"line":586,"column":0},"end":{"line":586,"column":16}},"586":{"start":{"line":587,"column":0},"end":{"line":587,"column":28}},"587":{"start":{"line":588,"column":0},"end":{"line":588,"column":1}},"589":{"start":{"line":590,"column":0},"end":{"line":590,"column":30}},"590":{"start":{"line":591,"column":0},"end":{"line":591,"column":14}},"591":{"start":{"line":592,"column":0},"end":{"line":592,"column":20}},"592":{"start":{"line":593,"column":0},"end":{"line":593,"column":39}},"593":{"start":{"line":594,"column":0},"end":{"line":594,"column":20}},"596":{"start":{"line":597,"column":0},"end":{"line":597,"column":39}},"597":{"start":{"line":598,"column":0},"end":{"line":598,"column":61}},"598":{"start":{"line":599,"column":0},"end":{"line":599,"column":41}},"599":{"start":{"line":600,"column":0},"end":{"line":600,"column":1}},"601":{"start":{"line":602,"column":0},"end":{"line":602,"column":54}},"602":{"start":{"line":603,"column":0},"end":{"line":603,"column":35}},"603":{"start":{"line":604,"column":0},"end":{"line":604,"column":59}},"604":{"start":{"line":605,"column":0},"end":{"line":605,"column":1}},"606":{"start":{"line":607,"column":0},"end":{"line":607,"column":46}},"609":{"start":{"line":610,"column":0},"end":{"line":610,"column":75}},"610":{"start":{"line":611,"column":0},"end":{"line":611,"column":30}},"611":{"start":{"line":612,"column":0},"end":{"line":612,"column":38}},"612":{"start":{"line":613,"column":0},"end":{"line":613,"column":62}},"613":{"start":{"line":614,"column":0},"end":{"line":614,"column":25}},"614":{"start":{"line":615,"column":0},"end":{"line":615,"column":39}},"615":{"start":{"line":616,"column":0},"end":{"line":616,"column":85}},"616":{"start":{"line":617,"column":0},"end":{"line":617,"column":1}},"618":{"start":{"line":619,"column":0},"end":{"line":619,"column":28}},"619":{"start":{"line":620,"column":0},"end":{"line":620,"column":14}},"620":{"start":{"line":621,"column":0},"end":{"line":621,"column":16}},"621":{"start":{"line":622,"column":0},"end":{"line":622,"column":41}},"622":{"start":{"line":623,"column":0},"end":{"line":623,"column":20}},"623":{"start":{"line":624,"column":0},"end":{"line":624,"column":43}},"624":{"start":{"line":625,"column":0},"end":{"line":625,"column":77}},"625":{"start":{"line":626,"column":0},"end":{"line":626,"column":18}},"626":{"start":{"line":627,"column":0},"end":{"line":627,"column":15}},"627":{"start":{"line":628,"column":0},"end":{"line":628,"column":29}},"628":{"start":{"line":629,"column":0},"end":{"line":629,"column":31}},"629":{"start":{"line":630,"column":0},"end":{"line":630,"column":63}},"630":{"start":{"line":631,"column":0},"end":{"line":631,"column":31}},"631":{"start":{"line":632,"column":0},"end":{"line":632,"column":5}},"632":{"start":{"line":633,"column":0},"end":{"line":633,"column":34}},"633":{"start":{"line":634,"column":0},"end":{"line":634,"column":1}},"637":{"start":{"line":638,"column":0},"end":{"line":638,"column":26}},"640":{"start":{"line":641,"column":0},"end":{"line":641,"column":54}},"641":{"start":{"line":642,"column":0},"end":{"line":642,"column":50}},"642":{"start":{"line":643,"column":0},"end":{"line":643,"column":1}},"666":{"start":{"line":667,"column":0},"end":{"line":667,"column":47}},"667":{"start":{"line":668,"column":0},"end":{"line":668,"column":62}},"668":{"start":{"line":669,"column":0},"end":{"line":669,"column":1}},"675":{"start":{"line":676,"column":0},"end":{"line":676,"column":95}},"676":{"start":{"line":677,"column":0},"end":{"line":677,"column":41}},"677":{"start":{"line":678,"column":0},"end":{"line":678,"column":71}},"678":{"start":{"line":679,"column":0},"end":{"line":679,"column":86}},"680":{"start":{"line":681,"column":0},"end":{"line":681,"column":35}},"681":{"start":{"line":682,"column":0},"end":{"line":682,"column":23}},"682":{"start":{"line":683,"column":0},"end":{"line":683,"column":26}},"684":{"start":{"line":685,"column":0},"end":{"line":685,"column":34}},"685":{"start":{"line":686,"column":0},"end":{"line":686,"column":39}},"686":{"start":{"line":687,"column":0},"end":{"line":687,"column":26}},"687":{"start":{"line":688,"column":0},"end":{"line":688,"column":63}},"688":{"start":{"line":689,"column":0},"end":{"line":689,"column":23}},"689":{"start":{"line":690,"column":0},"end":{"line":690,"column":54}},"690":{"start":{"line":691,"column":0},"end":{"line":691,"column":57}},"691":{"start":{"line":692,"column":0},"end":{"line":692,"column":40}},"692":{"start":{"line":693,"column":0},"end":{"line":693,"column":5}},"693":{"start":{"line":694,"column":0},"end":{"line":694,"column":3}},"694":{"start":{"line":695,"column":0},"end":{"line":695,"column":48}},"695":{"start":{"line":696,"column":0},"end":{"line":696,"column":1}},"697":{"start":{"line":698,"column":0},"end":{"line":698,"column":29}},"698":{"start":{"line":699,"column":0},"end":{"line":699,"column":22}},"699":{"start":{"line":700,"column":0},"end":{"line":700,"column":17}},"700":{"start":{"line":701,"column":0},"end":{"line":701,"column":20}},"701":{"start":{"line":702,"column":0},"end":{"line":702,"column":39}},"702":{"start":{"line":703,"column":0},"end":{"line":703,"column":24}},"703":{"start":{"line":704,"column":0},"end":{"line":704,"column":34}},"704":{"start":{"line":705,"column":0},"end":{"line":705,"column":92}},"706":{"start":{"line":707,"column":0},"end":{"line":707,"column":27}},"707":{"start":{"line":708,"column":0},"end":{"line":708,"column":83}},"708":{"start":{"line":709,"column":0},"end":{"line":709,"column":3}},"710":{"start":{"line":711,"column":0},"end":{"line":711,"column":60}},"712":{"start":{"line":713,"column":0},"end":{"line":713,"column":23}},"713":{"start":{"line":714,"column":0},"end":{"line":714,"column":36}},"714":{"start":{"line":715,"column":0},"end":{"line":715,"column":56}},"715":{"start":{"line":716,"column":0},"end":{"line":716,"column":11}},"716":{"start":{"line":717,"column":0},"end":{"line":717,"column":78}},"717":{"start":{"line":718,"column":0},"end":{"line":718,"column":63}},"718":{"start":{"line":719,"column":0},"end":{"line":719,"column":54}},"719":{"start":{"line":720,"column":0},"end":{"line":720,"column":12}},"720":{"start":{"line":721,"column":0},"end":{"line":721,"column":16}},"721":{"start":{"line":722,"column":0},"end":{"line":722,"column":26}},"722":{"start":{"line":723,"column":0},"end":{"line":723,"column":18}},"723":{"start":{"line":724,"column":0},"end":{"line":724,"column":22}},"724":{"start":{"line":725,"column":0},"end":{"line":725,"column":75}},"725":{"start":{"line":726,"column":0},"end":{"line":726,"column":6}},"726":{"start":{"line":727,"column":0},"end":{"line":727,"column":3}},"729":{"start":{"line":730,"column":0},"end":{"line":730,"column":91}},"730":{"start":{"line":731,"column":0},"end":{"line":731,"column":10}},"731":{"start":{"line":732,"column":0},"end":{"line":732,"column":14}},"732":{"start":{"line":733,"column":0},"end":{"line":733,"column":13}},"733":{"start":{"line":734,"column":0},"end":{"line":734,"column":16}},"734":{"start":{"line":735,"column":0},"end":{"line":735,"column":32}},"735":{"start":{"line":736,"column":0},"end":{"line":736,"column":68}},"736":{"start":{"line":737,"column":0},"end":{"line":737,"column":4}},"737":{"start":{"line":738,"column":0},"end":{"line":738,"column":1}},"740":{"start":{"line":741,"column":0},"end":{"line":741,"column":29}},"741":{"start":{"line":742,"column":0},"end":{"line":742,"column":22}},"742":{"start":{"line":743,"column":0},"end":{"line":743,"column":20}},"743":{"start":{"line":744,"column":0},"end":{"line":744,"column":39}},"744":{"start":{"line":745,"column":0},"end":{"line":745,"column":27}},"745":{"start":{"line":746,"column":0},"end":{"line":746,"column":20}},"746":{"start":{"line":747,"column":0},"end":{"line":747,"column":78}},"747":{"start":{"line":748,"column":0},"end":{"line":748,"column":81}},"748":{"start":{"line":749,"column":0},"end":{"line":749,"column":37}},"749":{"start":{"line":750,"column":0},"end":{"line":750,"column":78}},"750":{"start":{"line":751,"column":0},"end":{"line":751,"column":9}},"751":{"start":{"line":752,"column":0},"end":{"line":752,"column":32}},"752":{"start":{"line":753,"column":0},"end":{"line":753,"column":1}},"754":{"start":{"line":755,"column":0},"end":{"line":755,"column":24}},"755":{"start":{"line":756,"column":0},"end":{"line":756,"column":15}},"756":{"start":{"line":757,"column":0},"end":{"line":757,"column":20}},"757":{"start":{"line":758,"column":0},"end":{"line":758,"column":39}},"758":{"start":{"line":759,"column":0},"end":{"line":759,"column":22}},"759":{"start":{"line":760,"column":0},"end":{"line":760,"column":7}},"760":{"start":{"line":761,"column":0},"end":{"line":761,"column":63}},"761":{"start":{"line":762,"column":0},"end":{"line":762,"column":11}},"762":{"start":{"line":763,"column":0},"end":{"line":763,"column":14}},"763":{"start":{"line":764,"column":0},"end":{"line":764,"column":3}},"764":{"start":{"line":765,"column":0},"end":{"line":765,"column":1}},"766":{"start":{"line":767,"column":0},"end":{"line":767,"column":18}},"767":{"start":{"line":768,"column":0},"end":{"line":768,"column":28}},"768":{"start":{"line":769,"column":0},"end":{"line":769,"column":22}},"769":{"start":{"line":770,"column":0},"end":{"line":770,"column":23}},"770":{"start":{"line":771,"column":0},"end":{"line":771,"column":23}},"771":{"start":{"line":772,"column":0},"end":{"line":772,"column":31}},"772":{"start":{"line":773,"column":0},"end":{"line":773,"column":60}},"773":{"start":{"line":774,"column":0},"end":{"line":774,"column":58}},"774":{"start":{"line":775,"column":0},"end":{"line":775,"column":1}}},"s":{"0":1,"27":1,"28":1,"29":1,"30":1,"31":1,"32":1,"59":46,"60":46,"61":46,"62":46,"63":46,"65":46,"66":54,"67":54,"69":54,"70":54,"71":54,"72":54,"73":54,"74":54,"75":54,"76":54,"78":54,"79":54,"80":54,"82":46,"83":46,"90":54,"91":54,"92":54,"93":54,"94":44,"95":44,"97":54,"98":54,"99":54,"100":54,"101":54,"102":54,"103":54,"104":54,"105":54,"106":54,"108":8,"109":54,"110":46,"111":46,"112":46,"113":54,"114":54,"115":54,"123":54,"124":54,"125":54,"126":54,"127":54,"128":10,"129":10,"130":10,"131":10,"132":0,"133":0,"134":10,"135":44,"136":44,"145":33,"146":33,"147":33,"148":33,"149":33,"150":33,"152":33,"153":39,"154":39,"156":39,"157":35,"158":30,"159":39,"160":4,"161":4,"162":4,"163":39,"165":28,"166":28,"169":35,"170":35,"171":35,"172":35,"173":35,"174":35,"175":35,"176":35,"177":35,"178":23,"179":6,"180":17,"181":35,"182":6,"183":35,"184":5,"185":35,"186":1,"187":1,"188":1,"189":35,"190":35,"193":17,"194":17,"195":17,"196":17,"197":17,"198":17,"199":17,"200":1,"201":1,"202":1,"203":1,"205":16,"206":16,"207":1,"208":15,"209":17,"210":17,"211":17,"212":17,"213":17,"214":17,"215":17,"216":16,"221":17,"222":2,"223":2,"225":15,"226":15,"227":15,"229":15,"230":15,"231":15,"232":15,"233":15,"234":15,"235":15,"236":15,"237":15,"238":15,"239":15,"240":15,"241":15,"242":15,"243":15,"244":15,"252":6,"253":6,"254":6,"255":6,"256":6,"257":6,"258":6,"259":0,"260":0,"261":0,"262":0,"263":6,"264":6,"265":6,"267":6,"268":6,"269":0,"270":6,"272":6,"273":16,"274":16,"275":16,"276":16,"277":16,"278":16,"279":16,"280":15,"281":15,"282":15,"283":15,"284":15,"285":15,"286":15,"287":15,"288":15,"289":15,"290":15,"291":15,"292":15,"293":15,"294":15,"295":15,"296":15,"297":15,"298":15,"299":15,"300":15,"301":15,"303":5,"304":5,"307":5,"308":5,"309":5,"310":5,"311":5,"312":5,"313":5,"314":5,"315":0,"316":5,"317":5,"318":5,"319":5,"320":0,"321":5,"322":5,"325":2,"326":2,"327":2,"328":2,"329":1,"330":1,"331":1,"332":1,"333":2,"340":5,"341":5,"342":5,"343":5,"344":5,"345":5,"346":5,"347":0,"348":0,"349":5,"350":5,"351":0,"352":0,"354":5,"355":5,"356":5,"357":5,"358":5,"360":5,"361":5,"362":9,"363":9,"364":9,"365":0,"366":9,"367":9,"368":9,"369":9,"370":9,"371":9,"372":9,"373":9,"374":9,"375":9,"376":9,"377":9,"378":5,"380":5,"381":5,"382":5,"384":5,"385":5,"386":5,"387":5,"388":5,"389":5,"390":5,"391":5,"392":5,"393":5,"394":5,"395":5,"396":5,"397":5,"398":5,"399":5,"405":6,"406":6,"407":6,"408":5,"409":5,"410":5,"411":5,"412":5,"413":5,"415":0,"416":5,"417":1,"418":1,"419":1,"420":1,"421":1,"430":6,"431":6,"432":6,"433":6,"434":6,"435":6,"436":6,"437":5,"439":5,"440":5,"441":5,"443":5,"444":5,"445":5,"447":5,"448":5,"449":5,"450":5,"451":5,"452":5,"453":5,"454":5,"455":5,"456":5,"457":5,"458":5,"459":5,"460":5,"461":5,"469":6,"470":6,"471":6,"472":0,"473":0,"474":6,"475":6,"476":6,"477":6,"478":6,"479":0,"480":0,"481":6,"483":6,"484":6,"485":6,"486":6,"487":1,"488":1,"489":1,"490":1,"491":5,"492":5,"495":5,"496":5,"497":5,"498":5,"499":5,"500":5,"501":5,"502":5,"503":5,"504":5,"505":5,"506":5,"508":5,"509":5,"510":5,"511":0,"512":0,"513":0,"514":0,"516":40,"517":40,"518":40,"521":4,"522":4,"523":4,"524":4,"526":34,"527":34,"528":34,"529":34,"530":34,"532":1,"540":39,"541":39,"542":39,"543":39,"544":39,"545":39,"546":39,"548":39,"549":38,"550":38,"551":38,"553":38,"554":38,"555":28,"556":28,"557":27,"558":38,"559":1,"560":0,"561":0,"562":39,"563":39,"574":2,"575":2,"576":2,"577":2,"578":2,"579":2,"580":2,"581":2,"582":2,"583":2,"584":1,"585":1,"586":2,"587":2,"589":39,"590":39,"591":39,"592":39,"593":39,"596":39,"597":39,"598":38,"599":38,"601":38,"602":38,"603":38,"604":38,"606":1,"609":37,"610":37,"611":1,"612":11,"613":1,"614":1,"615":37,"616":37,"618":39,"619":39,"620":39,"621":39,"622":39,"623":39,"624":39,"625":39,"626":39,"627":39,"628":38,"629":38,"630":38,"631":39,"632":39,"633":39,"637":1,"640":1,"641":7,"642":7,"666":9,"667":9,"668":9,"675":5,"676":5,"677":5,"678":5,"680":5,"681":5,"682":5,"684":5,"685":5,"686":5,"687":5,"688":5,"689":5,"690":3,"691":2,"692":3,"693":5,"694":5,"695":5,"697":5,"698":5,"699":5,"700":5,"701":5,"702":5,"703":5,"704":5,"706":5,"707":1,"708":1,"710":4,"712":5,"713":1,"714":1,"715":0,"716":1,"717":1,"718":1,"719":1,"720":1,"721":1,"722":1,"723":1,"724":1,"725":1,"726":1,"729":3,"730":3,"731":3,"732":3,"733":3,"734":3,"735":3,"736":3,"737":3,"740":4,"741":4,"742":4,"743":4,"744":4,"745":4,"746":4,"747":4,"748":4,"749":0,"750":4,"751":4,"752":4,"754":1,"755":1,"756":1,"757":1,"758":1,"759":1,"760":1,"761":1,"762":0,"763":0,"764":1,"766":4,"767":4,"768":4,"769":4,"770":4,"771":4,"772":4,"773":4,"774":4},"branchMap":{"0":{"type":"branch","line":29,"loc":{"start":{"line":29,"column":2},"end":{"line":32,"column":3}},"locations":[{"start":{"line":29,"column":2},"end":{"line":32,"column":3}}]},"1":{"type":"branch","line":60,"loc":{"start":{"line":60,"column":0},"end":{"line":84,"column":1}},"locations":[{"start":{"line":60,"column":0},"end":{"line":84,"column":1}}]},"2":{"type":"branch","line":66,"loc":{"start":{"line":66,"column":34},"end":{"line":81,"column":3}},"locations":[{"start":{"line":66,"column":34},"end":{"line":81,"column":3}}]},"3":{"type":"branch","line":68,"loc":{"start":{"line":68,"column":17},"end":{"line":68,"column":26}},"locations":[{"start":{"line":68,"column":17},"end":{"line":68,"column":26}}]},"4":{"type":"branch","line":62,"loc":{"start":{"line":62,"column":41},"end":{"line":62,"column":68}},"locations":[{"start":{"line":62,"column":41},"end":{"line":62,"column":68}}]},"5":{"type":"branch","line":72,"loc":{"start":{"line":72,"column":30},"end":{"line":72,"column":43}},"locations":[{"start":{"line":72,"column":30},"end":{"line":72,"column":43}}]},"6":{"type":"branch","line":91,"loc":{"start":{"line":91,"column":0},"end":{"line":96,"column":1}},"locations":[{"start":{"line":91,"column":0},"end":{"line":96,"column":1}}]},"7":{"type":"branch","line":93,"loc":{"start":{"line":93,"column":31},"end":{"line":93,"column":43}},"locations":[{"start":{"line":93,"column":31},"end":{"line":93,"column":43}}]},"8":{"type":"branch","line":93,"loc":{"start":{"line":93,"column":38},"end":{"line":94,"column":43}},"locations":[{"start":{"line":93,"column":38},"end":{"line":94,"column":43}}]},"9":{"type":"branch","line":94,"loc":{"start":{"line":94,"column":35},"end":{"line":94,"column":85}},"locations":[{"start":{"line":94,"column":35},"end":{"line":94,"column":85}}]},"10":{"type":"branch","line":94,"loc":{"start":{"line":94,"column":83},"end":{"line":96,"column":1}},"locations":[{"start":{"line":94,"column":83},"end":{"line":96,"column":1}}]},"11":{"type":"branch","line":98,"loc":{"start":{"line":98,"column":0},"end":{"line":116,"column":1}},"locations":[{"start":{"line":98,"column":0},"end":{"line":116,"column":1}}]},"12":{"type":"branch","line":104,"loc":{"start":{"line":104,"column":44},"end":{"line":114,"column":3}},"locations":[{"start":{"line":104,"column":44},"end":{"line":114,"column":3}}]},"13":{"type":"branch","line":107,"loc":{"start":{"line":107,"column":29},"end":{"line":110,"column":11}},"locations":[{"start":{"line":107,"column":29},"end":{"line":110,"column":11}}]},"14":{"type":"branch","line":110,"loc":{"start":{"line":110,"column":4},"end":{"line":113,"column":5}},"locations":[{"start":{"line":110,"column":4},"end":{"line":113,"column":5}}]},"15":{"type":"branch","line":124,"loc":{"start":{"line":124,"column":0},"end":{"line":137,"column":1}},"locations":[{"start":{"line":124,"column":0},"end":{"line":137,"column":1}}]},"16":{"type":"branch","line":128,"loc":{"start":{"line":128,"column":29},"end":{"line":128,"column":69}},"locations":[{"start":{"line":128,"column":29},"end":{"line":128,"column":69}}]},"17":{"type":"branch","line":128,"loc":{"start":{"line":128,"column":69},"end":{"line":137,"column":1}},"locations":[{"start":{"line":128,"column":69},"end":{"line":137,"column":1}}]},"18":{"type":"branch","line":128,"loc":{"start":{"line":128,"column":69},"end":{"line":135,"column":3}},"locations":[{"start":{"line":128,"column":69},"end":{"line":135,"column":3}}]},"19":{"type":"branch","line":132,"loc":{"start":{"line":132,"column":4},"end":{"line":134,"column":5}},"locations":[{"start":{"line":132,"column":4},"end":{"line":134,"column":5}}]},"20":{"type":"branch","line":146,"loc":{"start":{"line":146,"column":0},"end":{"line":167,"column":1}},"locations":[{"start":{"line":146,"column":0},"end":{"line":167,"column":1}}]},"21":{"type":"branch","line":153,"loc":{"start":{"line":153,"column":33},"end":{"line":164,"column":3}},"locations":[{"start":{"line":153,"column":33},"end":{"line":164,"column":3}}]},"22":{"type":"branch","line":155,"loc":{"start":{"line":155,"column":17},"end":{"line":155,"column":26}},"locations":[{"start":{"line":155,"column":17},"end":{"line":155,"column":26}}]},"23":{"type":"branch","line":157,"loc":{"start":{"line":157,"column":18},"end":{"line":160,"column":11}},"locations":[{"start":{"line":157,"column":18},"end":{"line":160,"column":11}}]},"24":{"type":"branch","line":158,"loc":{"start":{"line":158,"column":50},"end":{"line":160,"column":11}},"locations":[{"start":{"line":158,"column":50},"end":{"line":160,"column":11}}]},"25":{"type":"branch","line":160,"loc":{"start":{"line":160,"column":4},"end":{"line":163,"column":5}},"locations":[{"start":{"line":160,"column":4},"end":{"line":163,"column":5}}]},"26":{"type":"branch","line":164,"loc":{"start":{"line":164,"column":2},"end":{"line":167,"column":1}},"locations":[{"start":{"line":164,"column":2},"end":{"line":167,"column":1}}]},"27":{"type":"branch","line":148,"loc":{"start":{"line":148,"column":41},"end":{"line":148,"column":68}},"locations":[{"start":{"line":148,"column":41},"end":{"line":148,"column":68}}]},"28":{"type":"branch","line":149,"loc":{"start":{"line":149,"column":42},"end":{"line":149,"column":83}},"locations":[{"start":{"line":149,"column":42},"end":{"line":149,"column":83}}]},"29":{"type":"branch","line":170,"loc":{"start":{"line":170,"column":0},"end":{"line":191,"column":1}},"locations":[{"start":{"line":170,"column":0},"end":{"line":191,"column":1}}]},"30":{"type":"branch","line":177,"loc":{"start":{"line":177,"column":4},"end":{"line":177,"column":16}},"locations":[{"start":{"line":177,"column":4},"end":{"line":177,"column":16}}]},"31":{"type":"branch","line":178,"loc":{"start":{"line":178,"column":4},"end":{"line":181,"column":53}},"locations":[{"start":{"line":178,"column":4},"end":{"line":181,"column":53}}]},"32":{"type":"branch","line":179,"loc":{"start":{"line":179,"column":42},"end":{"line":180,"column":62}},"locations":[{"start":{"line":179,"column":42},"end":{"line":180,"column":62}}]},"33":{"type":"branch","line":180,"loc":{"start":{"line":180,"column":61},"end":{"line":181,"column":53}},"locations":[{"start":{"line":180,"column":61},"end":{"line":181,"column":53}}]},"34":{"type":"branch","line":182,"loc":{"start":{"line":182,"column":4},"end":{"line":183,"column":56}},"locations":[{"start":{"line":182,"column":4},"end":{"line":183,"column":56}}]},"35":{"type":"branch","line":184,"loc":{"start":{"line":184,"column":4},"end":{"line":185,"column":50}},"locations":[{"start":{"line":184,"column":4},"end":{"line":185,"column":50}}]},"36":{"type":"branch","line":186,"loc":{"start":{"line":186,"column":4},"end":{"line":189,"column":8}},"locations":[{"start":{"line":186,"column":4},"end":{"line":189,"column":8}}]},"37":{"type":"branch","line":194,"loc":{"start":{"line":194,"column":0},"end":{"line":245,"column":1}},"locations":[{"start":{"line":194,"column":0},"end":{"line":245,"column":1}}]},"38":{"type":"branch","line":200,"loc":{"start":{"line":200,"column":21},"end":{"line":204,"column":3}},"locations":[{"start":{"line":200,"column":21},"end":{"line":204,"column":3}}]},"39":{"type":"branch","line":204,"loc":{"start":{"line":204,"column":2},"end":{"line":207,"column":37}},"locations":[{"start":{"line":204,"column":2},"end":{"line":207,"column":37}}]},"40":{"type":"branch","line":207,"loc":{"start":{"line":207,"column":31},"end":{"line":208,"column":69}},"locations":[{"start":{"line":207,"column":31},"end":{"line":208,"column":69}}]},"41":{"type":"branch","line":208,"loc":{"start":{"line":208,"column":68},"end":{"line":209,"column":16}},"locations":[{"start":{"line":208,"column":68},"end":{"line":209,"column":16}}]},"42":{"type":"branch","line":212,"loc":{"start":{"line":212,"column":25},"end":{"line":212,"column":37}},"locations":[{"start":{"line":212,"column":25},"end":{"line":212,"column":37}}]},"43":{"type":"branch","line":216,"loc":{"start":{"line":216,"column":3},"end":{"line":222,"column":39}},"locations":[{"start":{"line":216,"column":3},"end":{"line":222,"column":39}}]},"44":{"type":"branch","line":222,"loc":{"start":{"line":222,"column":29},"end":{"line":222,"column":75}},"locations":[{"start":{"line":222,"column":29},"end":{"line":222,"column":75}}]},"45":{"type":"branch","line":222,"loc":{"start":{"line":222,"column":75},"end":{"line":224,"column":3}},"locations":[{"start":{"line":222,"column":75},"end":{"line":224,"column":3}}]},"46":{"type":"branch","line":224,"loc":{"start":{"line":224,"column":2},"end":{"line":245,"column":1}},"locations":[{"start":{"line":224,"column":2},"end":{"line":245,"column":1}}]},"47":{"type":"branch","line":253,"loc":{"start":{"line":253,"column":0},"end":{"line":305,"column":1}},"locations":[{"start":{"line":253,"column":0},"end":{"line":305,"column":1}}]},"48":{"type":"branch","line":259,"loc":{"start":{"line":259,"column":21},"end":{"line":263,"column":3}},"locations":[{"start":{"line":259,"column":21},"end":{"line":263,"column":3}}]},"49":{"type":"branch","line":265,"loc":{"start":{"line":265,"column":48},"end":{"line":265,"column":54}},"locations":[{"start":{"line":265,"column":48},"end":{"line":265,"column":54}}]},"50":{"type":"branch","line":269,"loc":{"start":{"line":269,"column":31},"end":{"line":270,"column":69}},"locations":[{"start":{"line":269,"column":31},"end":{"line":270,"column":69}}]},"51":{"type":"branch","line":273,"loc":{"start":{"line":273,"column":49},"end":{"line":302,"column":3}},"locations":[{"start":{"line":273,"column":49},"end":{"line":302,"column":3}}]},"52":{"type":"branch","line":276,"loc":{"start":{"line":276,"column":27},"end":{"line":276,"column":39}},"locations":[{"start":{"line":276,"column":27},"end":{"line":276,"column":39}}]},"53":{"type":"branch","line":280,"loc":{"start":{"line":280,"column":5},"end":{"line":302,"column":3}},"locations":[{"start":{"line":280,"column":5},"end":{"line":302,"column":3}}]},"54":{"type":"branch","line":302,"loc":{"start":{"line":302,"column":2},"end":{"line":305,"column":1}},"locations":[{"start":{"line":302,"column":2},"end":{"line":305,"column":1}}]},"55":{"type":"branch","line":308,"loc":{"start":{"line":308,"column":0},"end":{"line":323,"column":1}},"locations":[{"start":{"line":308,"column":0},"end":{"line":323,"column":1}}]},"56":{"type":"branch","line":315,"loc":{"start":{"line":315,"column":43},"end":{"line":315,"column":85}},"locations":[{"start":{"line":315,"column":43},"end":{"line":315,"column":85}}]},"57":{"type":"branch","line":315,"loc":{"start":{"line":315,"column":82},"end":{"line":316,"column":23}},"locations":[{"start":{"line":315,"column":82},"end":{"line":316,"column":23}}]},"58":{"type":"branch","line":320,"loc":{"start":{"line":320,"column":53},"end":{"line":321,"column":50}},"locations":[{"start":{"line":320,"column":53},"end":{"line":321,"column":50}}]},"59":{"type":"branch","line":321,"loc":{"start":{"line":321,"column":47},"end":{"line":322,"column":24}},"locations":[{"start":{"line":321,"column":47},"end":{"line":322,"column":24}}]},"60":{"type":"branch","line":326,"loc":{"start":{"line":326,"column":0},"end":{"line":334,"column":1}},"locations":[{"start":{"line":326,"column":0},"end":{"line":334,"column":1}}]},"61":{"type":"branch","line":329,"loc":{"start":{"line":329,"column":2},"end":{"line":333,"column":3}},"locations":[{"start":{"line":329,"column":2},"end":{"line":333,"column":3}}]},"62":{"type":"branch","line":341,"loc":{"start":{"line":341,"column":0},"end":{"line":400,"column":1}},"locations":[{"start":{"line":341,"column":0},"end":{"line":400,"column":1}}]},"63":{"type":"branch","line":347,"loc":{"start":{"line":347,"column":21},"end":{"line":349,"column":3}},"locations":[{"start":{"line":347,"column":21},"end":{"line":349,"column":3}}]},"64":{"type":"branch","line":351,"loc":{"start":{"line":351,"column":13},"end":{"line":353,"column":3}},"locations":[{"start":{"line":351,"column":13},"end":{"line":353,"column":3}}]},"65":{"type":"branch","line":362,"loc":{"start":{"line":362,"column":28},"end":{"line":378,"column":3}},"locations":[{"start":{"line":362,"column":28},"end":{"line":378,"column":3}}]},"66":{"type":"branch","line":365,"loc":{"start":{"line":365,"column":33},"end":{"line":366,"column":81}},"locations":[{"start":{"line":365,"column":33},"end":{"line":366,"column":81}}]},"67":{"type":"branch","line":369,"loc":{"start":{"line":369,"column":27},"end":{"line":369,"column":39}},"locations":[{"start":{"line":369,"column":27},"end":{"line":369,"column":39}}]},"68":{"type":"branch","line":377,"loc":{"start":{"line":377,"column":22},"end":{"line":377,"column":35}},"locations":[{"start":{"line":377,"column":22},"end":{"line":377,"column":35}}]},"69":{"type":"branch","line":406,"loc":{"start":{"line":406,"column":0},"end":{"line":422,"column":1}},"locations":[{"start":{"line":406,"column":0},"end":{"line":422,"column":1}}]},"70":{"type":"branch","line":408,"loc":{"start":{"line":408,"column":31},"end":{"line":417,"column":3}},"locations":[{"start":{"line":408,"column":31},"end":{"line":417,"column":3}}]},"71":{"type":"branch","line":414,"loc":{"start":{"line":414,"column":4},"end":{"line":416,"column":5}},"locations":[{"start":{"line":414,"column":4},"end":{"line":416,"column":5}}]},"72":{"type":"branch","line":417,"loc":{"start":{"line":417,"column":2},"end":{"line":422,"column":1}},"locations":[{"start":{"line":417,"column":2},"end":{"line":422,"column":1}}]},"73":{"type":"branch","line":412,"loc":{"start":{"line":412,"column":26},"end":{"line":412,"column":80}},"locations":[{"start":{"line":412,"column":26},"end":{"line":412,"column":80}}]},"74":{"type":"branch","line":412,"loc":{"start":{"line":412,"column":58},"end":{"line":412,"column":80}},"locations":[{"start":{"line":412,"column":58},"end":{"line":412,"column":80}}]},"75":{"type":"branch","line":420,"loc":{"start":{"line":420,"column":9},"end":{"line":420,"column":30}},"locations":[{"start":{"line":420,"column":9},"end":{"line":420,"column":30}}]},"76":{"type":"branch","line":421,"loc":{"start":{"line":421,"column":12},"end":{"line":421,"column":37}},"locations":[{"start":{"line":421,"column":12},"end":{"line":421,"column":37}}]},"77":{"type":"branch","line":431,"loc":{"start":{"line":431,"column":0},"end":{"line":462,"column":1}},"locations":[{"start":{"line":431,"column":0},"end":{"line":462,"column":1}}]},"78":{"type":"branch","line":437,"loc":{"start":{"line":437,"column":48},"end":{"line":462,"column":1}},"locations":[{"start":{"line":437,"column":48},"end":{"line":462,"column":1}}]},"79":{"type":"branch","line":470,"loc":{"start":{"line":470,"column":0},"end":{"line":493,"column":1}},"locations":[{"start":{"line":470,"column":0},"end":{"line":493,"column":1}}]},"80":{"type":"branch","line":472,"loc":{"start":{"line":472,"column":12},"end":{"line":474,"column":3}},"locations":[{"start":{"line":472,"column":12},"end":{"line":474,"column":3}}]},"81":{"type":"branch","line":479,"loc":{"start":{"line":479,"column":2},"end":{"line":481,"column":3}},"locations":[{"start":{"line":479,"column":2},"end":{"line":481,"column":3}}]},"82":{"type":"branch","line":486,"loc":{"start":{"line":486,"column":26},"end":{"line":486,"column":48}},"locations":[{"start":{"line":486,"column":26},"end":{"line":486,"column":48}}]},"83":{"type":"branch","line":487,"loc":{"start":{"line":487,"column":32},"end":{"line":491,"column":3}},"locations":[{"start":{"line":487,"column":32},"end":{"line":491,"column":3}}]},"84":{"type":"branch","line":491,"loc":{"start":{"line":491,"column":2},"end":{"line":493,"column":1}},"locations":[{"start":{"line":491,"column":2},"end":{"line":493,"column":1}}]},"85":{"type":"branch","line":496,"loc":{"start":{"line":496,"column":0},"end":{"line":507,"column":1}},"locations":[{"start":{"line":496,"column":0},"end":{"line":507,"column":1}}]},"86":{"type":"branch","line":509,"loc":{"start":{"line":509,"column":0},"end":{"line":515,"column":1}},"locations":[{"start":{"line":509,"column":0},"end":{"line":515,"column":1}}]},"87":{"type":"branch","line":510,"loc":{"start":{"line":510,"column":38},"end":{"line":510,"column":54}},"locations":[{"start":{"line":510,"column":38},"end":{"line":510,"column":54}}]},"88":{"type":"branch","line":511,"loc":{"start":{"line":511,"column":76},"end":{"line":515,"column":1}},"locations":[{"start":{"line":511,"column":76},"end":{"line":515,"column":1}}]},"89":{"type":"branch","line":517,"loc":{"start":{"line":517,"column":0},"end":{"line":519,"column":1}},"locations":[{"start":{"line":517,"column":0},"end":{"line":519,"column":1}}]},"90":{"type":"branch","line":518,"loc":{"start":{"line":518,"column":20},"end":{"line":518,"column":37}},"locations":[{"start":{"line":518,"column":20},"end":{"line":518,"column":37}}]},"91":{"type":"branch","line":522,"loc":{"start":{"line":522,"column":0},"end":{"line":525,"column":1}},"locations":[{"start":{"line":522,"column":0},"end":{"line":525,"column":1}}]},"92":{"type":"branch","line":527,"loc":{"start":{"line":527,"column":0},"end":{"line":531,"column":1}},"locations":[{"start":{"line":527,"column":0},"end":{"line":531,"column":1}}]},"93":{"type":"branch","line":541,"loc":{"start":{"line":541,"column":0},"end":{"line":564,"column":1}},"locations":[{"start":{"line":541,"column":0},"end":{"line":564,"column":1}}]},"94":{"type":"branch","line":549,"loc":{"start":{"line":549,"column":36},"end":{"line":563,"column":3}},"locations":[{"start":{"line":549,"column":36},"end":{"line":563,"column":3}}]},"95":{"type":"branch","line":554,"loc":{"start":{"line":554,"column":18},"end":{"line":554,"column":32}},"locations":[{"start":{"line":554,"column":18},"end":{"line":554,"column":32}}]},"96":{"type":"branch","line":555,"loc":{"start":{"line":555,"column":29},"end":{"line":555,"column":63}},"locations":[{"start":{"line":555,"column":29},"end":{"line":555,"column":63}}]},"97":{"type":"branch","line":555,"loc":{"start":{"line":555,"column":61},"end":{"line":559,"column":13}},"locations":[{"start":{"line":555,"column":61},"end":{"line":559,"column":13}}]},"98":{"type":"branch","line":557,"loc":{"start":{"line":557,"column":60},"end":{"line":559,"column":13}},"locations":[{"start":{"line":557,"column":60},"end":{"line":559,"column":13}}]},"99":{"type":"branch","line":559,"loc":{"start":{"line":559,"column":4},"end":{"line":562,"column":5}},"locations":[{"start":{"line":559,"column":4},"end":{"line":562,"column":5}}]},"100":{"type":"branch","line":560,"loc":{"start":{"line":560,"column":85},"end":{"line":562,"column":5}},"locations":[{"start":{"line":560,"column":85},"end":{"line":562,"column":5}}]},"101":{"type":"branch","line":575,"loc":{"start":{"line":575,"column":0},"end":{"line":588,"column":1}},"locations":[{"start":{"line":575,"column":0},"end":{"line":588,"column":1}}]},"102":{"type":"branch","line":581,"loc":{"start":{"line":581,"column":15},"end":{"line":581,"column":58}},"locations":[{"start":{"line":581,"column":15},"end":{"line":581,"column":58}}]},"103":{"type":"branch","line":584,"loc":{"start":{"line":584,"column":31},"end":{"line":586,"column":16}},"locations":[{"start":{"line":584,"column":31},"end":{"line":586,"column":16}}]},"104":{"type":"branch","line":580,"loc":{"start":{"line":580,"column":34},"end":{"line":580,"column":56}},"locations":[{"start":{"line":580,"column":34},"end":{"line":580,"column":56}}]},"105":{"type":"branch","line":582,"loc":{"start":{"line":582,"column":42},"end":{"line":582,"column":83}},"locations":[{"start":{"line":582,"column":42},"end":{"line":582,"column":83}}]},"106":{"type":"branch","line":590,"loc":{"start":{"line":590,"column":0},"end":{"line":600,"column":1}},"locations":[{"start":{"line":590,"column":0},"end":{"line":600,"column":1}}]},"107":{"type":"branch","line":597,"loc":{"start":{"line":597,"column":30},"end":{"line":597,"column":39}},"locations":[{"start":{"line":597,"column":30},"end":{"line":597,"column":39}}]},"108":{"type":"branch","line":598,"loc":{"start":{"line":598,"column":59},"end":{"line":600,"column":1}},"locations":[{"start":{"line":598,"column":59},"end":{"line":600,"column":1}}]},"109":{"type":"branch","line":602,"loc":{"start":{"line":602,"column":0},"end":{"line":605,"column":1}},"locations":[{"start":{"line":602,"column":0},"end":{"line":605,"column":1}}]},"110":{"type":"branch","line":604,"loc":{"start":{"line":604,"column":19},"end":{"line":604,"column":36}},"locations":[{"start":{"line":604,"column":19},"end":{"line":604,"column":36}}]},"111":{"type":"branch","line":604,"loc":{"start":{"line":604,"column":24},"end":{"line":604,"column":59}},"locations":[{"start":{"line":604,"column":24},"end":{"line":604,"column":59}}]},"112":{"type":"branch","line":610,"loc":{"start":{"line":610,"column":0},"end":{"line":617,"column":1}},"locations":[{"start":{"line":610,"column":0},"end":{"line":617,"column":1}}]},"113":{"type":"branch","line":611,"loc":{"start":{"line":611,"column":15},"end":{"line":611,"column":30}},"locations":[{"start":{"line":611,"column":15},"end":{"line":611,"column":30}}]},"114":{"type":"branch","line":611,"loc":{"start":{"line":611,"column":22},"end":{"line":616,"column":58}},"locations":[{"start":{"line":611,"column":22},"end":{"line":616,"column":58}}]},"115":{"type":"branch","line":611,"loc":{"start":{"line":611,"column":22},"end":{"line":613,"column":17}},"locations":[{"start":{"line":611,"column":22},"end":{"line":613,"column":17}}]},"116":{"type":"branch","line":613,"loc":{"start":{"line":613,"column":10},"end":{"line":613,"column":62}},"locations":[{"start":{"line":613,"column":10},"end":{"line":613,"column":62}}]},"117":{"type":"branch","line":613,"loc":{"start":{"line":613,"column":17},"end":{"line":616,"column":58}},"locations":[{"start":{"line":613,"column":17},"end":{"line":616,"column":58}}]},"118":{"type":"branch","line":616,"loc":{"start":{"line":616,"column":54},"end":{"line":616,"column":85}},"locations":[{"start":{"line":616,"column":54},"end":{"line":616,"column":85}}]},"119":{"type":"branch","line":619,"loc":{"start":{"line":619,"column":0},"end":{"line":634,"column":1}},"locations":[{"start":{"line":619,"column":0},"end":{"line":634,"column":1}}]},"120":{"type":"branch","line":625,"loc":{"start":{"line":625,"column":53},"end":{"line":625,"column":74}},"locations":[{"start":{"line":625,"column":53},"end":{"line":625,"column":74}}]},"121":{"type":"branch","line":625,"loc":{"start":{"line":625,"column":66},"end":{"line":625,"column":73}},"locations":[{"start":{"line":625,"column":66},"end":{"line":625,"column":73}}]},"122":{"type":"branch","line":628,"loc":{"start":{"line":628,"column":18},"end":{"line":632,"column":3}},"locations":[{"start":{"line":628,"column":18},"end":{"line":632,"column":3}}]},"123":{"type":"branch","line":629,"loc":{"start":{"line":629,"column":20},"end":{"line":629,"column":31}},"locations":[{"start":{"line":629,"column":20},"end":{"line":629,"column":31}}]},"124":{"type":"branch","line":630,"loc":{"start":{"line":630,"column":54},"end":{"line":630,"column":63}},"locations":[{"start":{"line":630,"column":54},"end":{"line":630,"column":63}}]},"125":{"type":"branch","line":641,"loc":{"start":{"line":641,"column":7},"end":{"line":643,"column":1}},"locations":[{"start":{"line":641,"column":7},"end":{"line":643,"column":1}}]},"126":{"type":"branch","line":667,"loc":{"start":{"line":667,"column":0},"end":{"line":669,"column":1}},"locations":[{"start":{"line":667,"column":0},"end":{"line":669,"column":1}}]},"127":{"type":"branch","line":668,"loc":{"start":{"line":668,"column":18},"end":{"line":668,"column":47}},"locations":[{"start":{"line":668,"column":18},"end":{"line":668,"column":47}}]},"128":{"type":"branch","line":668,"loc":{"start":{"line":668,"column":37},"end":{"line":668,"column":62}},"locations":[{"start":{"line":668,"column":37},"end":{"line":668,"column":62}}]},"129":{"type":"branch","line":676,"loc":{"start":{"line":676,"column":0},"end":{"line":696,"column":1}},"locations":[{"start":{"line":676,"column":0},"end":{"line":696,"column":1}}]},"130":{"type":"branch","line":687,"loc":{"start":{"line":687,"column":17},"end":{"line":687,"column":26}},"locations":[{"start":{"line":687,"column":17},"end":{"line":687,"column":26}}]},"131":{"type":"branch","line":690,"loc":{"start":{"line":690,"column":11},"end":{"line":690,"column":53}},"locations":[{"start":{"line":690,"column":11},"end":{"line":690,"column":53}}]},"132":{"type":"branch","line":690,"loc":{"start":{"line":690,"column":53},"end":{"line":693,"column":5}},"locations":[{"start":{"line":690,"column":53},"end":{"line":693,"column":5}}]},"133":{"type":"branch","line":691,"loc":{"start":{"line":691,"column":38},"end":{"line":691,"column":57}},"locations":[{"start":{"line":691,"column":38},"end":{"line":691,"column":57}}]},"134":{"type":"branch","line":691,"loc":{"start":{"line":691,"column":52},"end":{"line":692,"column":40}},"locations":[{"start":{"line":691,"column":52},"end":{"line":692,"column":40}}]},"135":{"type":"branch","line":678,"loc":{"start":{"line":678,"column":41},"end":{"line":678,"column":68}},"locations":[{"start":{"line":678,"column":41},"end":{"line":678,"column":68}}]},"136":{"type":"branch","line":679,"loc":{"start":{"line":679,"column":42},"end":{"line":679,"column":83}},"locations":[{"start":{"line":679,"column":42},"end":{"line":679,"column":83}}]},"137":{"type":"branch","line":698,"loc":{"start":{"line":698,"column":0},"end":{"line":738,"column":1}},"locations":[{"start":{"line":698,"column":0},"end":{"line":738,"column":1}}]},"138":{"type":"branch","line":707,"loc":{"start":{"line":707,"column":26},"end":{"line":709,"column":3}},"locations":[{"start":{"line":707,"column":26},"end":{"line":709,"column":3}}]},"139":{"type":"branch","line":709,"loc":{"start":{"line":709,"column":2},"end":{"line":713,"column":22}},"locations":[{"start":{"line":709,"column":2},"end":{"line":713,"column":22}}]},"140":{"type":"branch","line":713,"loc":{"start":{"line":713,"column":22},"end":{"line":727,"column":3}},"locations":[{"start":{"line":713,"column":22},"end":{"line":727,"column":3}}]},"141":{"type":"branch","line":715,"loc":{"start":{"line":715,"column":55},"end":{"line":716,"column":11}},"locations":[{"start":{"line":715,"column":55},"end":{"line":716,"column":11}}]},"142":{"type":"branch","line":717,"loc":{"start":{"line":717,"column":69},"end":{"line":717,"column":76}},"locations":[{"start":{"line":717,"column":69},"end":{"line":717,"column":76}}]},"143":{"type":"branch","line":727,"loc":{"start":{"line":727,"column":2},"end":{"line":738,"column":1}},"locations":[{"start":{"line":727,"column":2},"end":{"line":738,"column":1}}]},"144":{"type":"branch","line":741,"loc":{"start":{"line":741,"column":0},"end":{"line":753,"column":1}},"locations":[{"start":{"line":741,"column":0},"end":{"line":753,"column":1}}]},"145":{"type":"branch","line":747,"loc":{"start":{"line":747,"column":28},"end":{"line":747,"column":68}},"locations":[{"start":{"line":747,"column":28},"end":{"line":747,"column":68}}]},"146":{"type":"branch","line":747,"loc":{"start":{"line":747,"column":64},"end":{"line":747,"column":78}},"locations":[{"start":{"line":747,"column":64},"end":{"line":747,"column":78}}]},"147":{"type":"branch","line":749,"loc":{"start":{"line":749,"column":31},"end":{"line":750,"column":78}},"locations":[{"start":{"line":749,"column":31},"end":{"line":750,"column":78}}]},"148":{"type":"branch","line":755,"loc":{"start":{"line":755,"column":0},"end":{"line":765,"column":1}},"locations":[{"start":{"line":755,"column":0},"end":{"line":765,"column":1}}]},"149":{"type":"branch","line":762,"loc":{"start":{"line":762,"column":2},"end":{"line":764,"column":3}},"locations":[{"start":{"line":762,"column":2},"end":{"line":764,"column":3}}]},"150":{"type":"branch","line":767,"loc":{"start":{"line":767,"column":0},"end":{"line":775,"column":1}},"locations":[{"start":{"line":767,"column":0},"end":{"line":775,"column":1}}]},"151":{"type":"branch","line":772,"loc":{"start":{"line":772,"column":14},"end":{"line":772,"column":31}},"locations":[{"start":{"line":772,"column":14},"end":{"line":772,"column":31}}]}},"b":{"0":[1],"1":[46],"2":[54],"3":[0],"4":[54],"5":[54],"6":[54],"7":[1],"8":[53],"9":[9],"10":[44],"11":[54],"12":[54],"13":[8],"14":[46],"15":[54],"16":[10],"17":[44],"18":[10],"19":[0],"20":[33],"21":[39],"22":[0],"23":[35],"24":[30],"25":[4],"26":[28],"27":[39],"28":[39],"29":[35],"30":[19],"31":[23],"32":[6],"33":[17],"34":[6],"35":[5],"36":[1],"37":[17],"38":[1],"39":[16],"40":[1],"41":[15],"42":[0],"43":[16],"44":[4],"45":[2],"46":[15],"47":[6],"48":[0],"49":[0],"50":[0],"51":[16],"52":[0],"53":[15],"54":[5],"55":[5],"56":[0],"57":[0],"58":[0],"59":[0],"60":[2],"61":[1],"62":[5],"63":[0],"64":[0],"65":[9],"66":[0],"67":[0],"68":[0],"69":[6],"70":[5],"71":[0],"72":[1],"73":[9],"74":[0],"75":[4],"76":[4],"77":[6],"78":[5],"79":[6],"80":[0],"81":[0],"82":[2],"83":[1],"84":[5],"85":[5],"86":[5],"87":[0],"88":[0],"89":[40],"90":[0],"91":[4],"92":[34],"93":[39],"94":[38],"95":[11],"96":[10],"97":[28],"98":[27],"99":[1],"100":[0],"101":[2],"102":[0],"103":[1],"104":[3],"105":[3],"106":[39],"107":[33],"108":[38],"109":[38],"110":[37],"111":[1],"112":[37],"113":[36],"114":[11],"115":[1],"116":[0],"117":[1],"118":[0],"119":[39],"120":[38],"121":[0],"122":[38],"123":[0],"124":[0],"125":[7],"126":[9],"127":[4],"128":[4],"129":[5],"130":[0],"131":[4],"132":[3],"133":[1],"134":[2],"135":[5],"136":[5],"137":[5],"138":[1],"139":[4],"140":[1],"141":[0],"142":[0],"143":[3],"144":[4],"145":[1],"146":[3],"147":[0],"148":[1],"149":[0],"150":[4],"151":[0]},"fnMap":{"0":{"name":"NotImplementedError","decl":{"start":{"line":29,"column":2},"end":{"line":32,"column":3}},"loc":{"start":{"line":29,"column":2},"end":{"line":32,"column":3}},"line":29},"1":{"name":"planBuild","decl":{"start":{"line":60,"column":0},"end":{"line":84,"column":1}},"loc":{"start":{"line":60,"column":0},"end":{"line":84,"column":1}},"line":60},"2":{"name":"isStale","decl":{"start":{"line":91,"column
[...]
,"loc":{"start":{"line":38,"column":0},"end":{"line":40,"column":1}},"line":38},"1":{"name":"exists","decl":{"start":{"line":42,"column":0},"end":{"line":49,"column":1}},"loc":{"start":{"line":42,"column":0},"end":{"line":49,"column":1}},"line":42},"2":{"name":"LocalCas","decl":{"start":{"line":53,"column":2},"end":{"line":53,"column":47}},"loc":{"start":{"line":53,"column":2},"end":{"line":53,"column":47}},"line":53},"3":{"name":"objectPath","decl":{"start":{"line":55,"column":10},"end":{"line":58,"column":3}},"loc":{"start":{"line":55,"column":10},"end":{"line":58,"column":3}},"line":55},"4":{"name":"provenancePath","decl":{"start":{"line":60,"column":10},"end":{"line":62,"column":3}},"loc":{"start":{"line":60,"column":10},"end":{"line":62,"column":3}},"line":60},"5":{"name":"samplesDir","decl":{"start":{"line":64,"column":10},"end":{"line":66,"column":3}},"loc":{"start":{"line":64,"column":10},"end":{"line":66,"column":3}},"line":64},"6":{"name":"has","decl":{"start":{"line":68,"column":2},"end":{"line":70,"column":3}},"loc":{"start":{"line":68,"column":2},"end":{"line":70,"column":3}},"line":68},"7":{"name":"get","decl":{"start":{"line":72,"column":2},"end":{"line":76,"column":3}},"loc":{"start":{"line":72,"column":2},"end":{"line":76,"column":3}},"line":72},"8":{"name":"put","decl":{"start":{"line":78,"column":2},"end":{"line":82,"column":3}},"loc":{"start":{"line":78,"column":2},"end":{"line":82,"column":3}},"line":78},"9":{"name":"getProvenance","decl":{"start":{"line":84,"column":2},"end":{"line":88,"column":3}},"loc":{"start":{"line":84,"column":2},"end":{"line":88,"column":3}},"line":84},"10":{"name":"putProvenance","decl":{"start":{"line":90,"column":2},"end":{"line":94,"column":3}},"loc":{"start":{"line":90,"column":2},"end":{"line":94,"column":3}},"line":90},"11":{"name":"countSamples","decl":{"start":{"line":96,"column":2},"end":{"line":103,"column":3}},"loc":{"start":{"line":96,"column":2},"end":{"line":103,"column":3}},"line":96},"12":{"name":"putSample","decl":{"start":{"line":105,"column":2},"end":{"line":110,"column":3}},"loc":{"start":{"line":105,"column":2},"end":{"line":110,"column":3}},"line":105},"13":{"name":"getSample","decl":{"start":{"line":112,"column":2},"end":{"line":116,"column":3}},"loc":{"start":{"line":112,"column":2},"end":{"line":116,"column":3}},"line":112},"14":{"name":"getSampleProvenance","decl":{"start":{"line":118,"column":2},"end":{"line":122,"column":3}},"loc":{"start":{"line":118,"column":2},"end":{"line":122,"column":3}},"line":118},"15":{"name":"getBlessed","decl":{"start":{"line":124,"column":2},"end":{"line":129,"column":3}},"loc":{"start":{"line":124,"column":2},"end":{"line":129,"column":3}},"line":124},"16":{"name":"setBlessed","decl":{"start":{"line":131,"column":2},"end":{"line":135,"column":3}},"loc":{"start":{"line":131,"column":2},"end":{"line":135,"column":3}},"line":131}},"f":{"0":166,"1":70,"2":54,"3":78,"4":34,"5":54,"6":44,"7":4,"8":30,"9":4,"10":30,"11":18,"12":17,"13":6,"14":5,"15":7,"16":1}}
,"C:\\Users\\khoiv\\OneDrive\\Documents\\Code\\Makedown\\packages\\engine\\src\\graph.ts": {"path":"C:\\Users\\khoiv\\OneDrive\\Documents\\Code\\Makedown\\packages\\engine\\src\\graph.ts","all":false,"statementMap":{"0":{"start":{"line":1,"column":0},"end":{"line":1,"column":3}},"21":{"start":{"line":22,"column":0},"end":{"line":22,"column":39}},"22":{"start":{"line":23,"column":0},"end":{"line":23,"column":32}},"23":{"start":{"line":24,"column":0},"end":{"line":24,"column":19}},"24":{"start":{"line":25,"column":0},"end":{"line":25,"column":29}},"25":{"start":{"line":26,"column":0},"end":{"line":26,"column":3}},"26":{"start":{"line":27,"column":0},"end":{"line":27,"column":1}},"28":{"start":{"line":29,"column":0},"end":{"line":29,"column":55}},"29":{"start":{"line":30,"column":0},"end":{"line":30,"column":56}},"30":{"start":{"line":31,"column":0},"end":{"line":31,"column":45}},"32":{"start":{"line":33,"column":0},"end":{"line":33,"column":37}},"33":{"start":{"line":34,"column":0},"end":{"line":34,"column":30}},"34":{"start":{"line":35,"column":0},"end":{"line":35,"column":33}},"35":{"start":{"line":36,"column":0},"end":{"line":36,"column":47}},"36":{"start":{"line":37,"column":0},"end":{"line":37,"column":33}},"37":{"start":{"line":38,"column":0},"end":{"line":38,"column":27}},"38":{"start":{"line":39,"column":0},"end":{"line":39,"column":23}},"39":{"start":{"line":40,"column":0},"end":{"line":40,"column":14}},"40":{"start":{"line":41,"column":0},"end":{"line":41,"column":26}},"41":{"start":{"line":42,"column":0},"end":{"line":42,"column":7}},"42":{"start":{"line":43,"column":0},"end":{"line":43,"column":5}},"43":{"start":{"line":44,"column":0},"end":{"line":44,"column":54}},"44":{"start":{"line":45,"column":0},"end":{"line":45,"column":3}},"46":{"start":{"line":47,"column":0},"end":{"line":47,"column":43}},"47":{"start":{"line":48,"column":0},"end":{"line":48,"column":1}},"49":{"start":{"line":50,"column":0},"end":{"line":50,"column":68}},"50":{"start":{"line":51,"column":0},"end":{"line":51,"column":29}},"51":{"start":{"line":52,"column":0},"end":{"line":52,"column":55}},"53":{"start":{"line":54,"column":0},"end":{"line":54,"column":66}},"54":{"start":{"line":55,"column":0},"end":{"line":55,"column":35}},"55":{"start":{"line":56,"column":0},"end":{"line":56,"column":34}},"56":{"start":{"line":57,"column":0},"end":{"line":57,"column":32}},"57":{"start":{"line":58,"column":0},"end":{"line":58,"column":80}},"58":{"start":{"line":59,"column":0},"end":{"line":59,"column":5}},"59":{"start":{"line":60,"column":0},"end":{"line":60,"column":32}},"60":{"start":{"line":61,"column":0},"end":{"line":61,"column":33}},"61":{"start":{"line":62,"column":0},"end":{"line":62,"column":15}},"62":{"start":{"line":63,"column":0},"end":{"line":63,"column":36}},"63":{"start":{"line":64,"column":0},"end":{"line":64,"column":36}},"64":{"start":{"line":65,"column":0},"end":{"line":65,"column":7}},"65":{"start":{"line":66,"column":0},"end":{"line":66,"column":5}},"66":{"start":{"line":67,"column":0},"end":{"line":67,"column":28}},"67":{"start":{"line":68,"column":0},"end":{"line":68,"column":21}},"68":{"start":{"line":69,"column":0},"end":{"line":69,"column":4}},"70":{"start":{"line":71,"column":0},"end":{"line":71,"column":36}},"71":{"start":{"line":72,"column":0},"end":{"line":72,"column":20}},"72":{"start":{"line":73,"column":0},"end":{"line":73,"column":3}},"73":{"start":{"line":74,"column":0},"end":{"line":74,"column":15}},"74":{"start":{"line":75,"column":0},"end":{"line":75,"column":1}}},"s":{"0":1,"21":1,"22":1,"23":1,"24":1,"25":1,"26":1,"28":1,"29":48,"30":48,"32":48,"33":58,"34":58,"35":58,"36":58,"37":58,"38":11,"39":58,"40":47,"41":47,"42":58,"43":58,"44":58,"46":48,"47":48,"49":48,"50":48,"51":48,"53":48,"54":68,"55":68,"56":68,"57":1,"58":1,"59":58,"60":58,"61":58,"62":58,"63":11,"64":11,"65":56,"66":56,"67":56,"68":68,"70":48,"71":57,"72":57,"73":47,"74":47},"branchMap":{"0":{"type":"branch","line":23,"loc":{"start":{"line":23,"column":2},"end":{"line":26,"column":3}},"locations":[{"start":{"line":23,"column":2},"end":{"line":26,"column":3}}]},"1":{"type":"branch","line":29,"loc":{"start":{"line":29,"column":7},"end":{"line":48,"column":1}},"locations":[{"start":{"line":29,"column":7},"end":{"line":48,"column":1}}]},"2":{"type":"branch","line":33,"loc":{"start":{"line":33,"column":36},"end":{"line":45,"column":3}},"locations":[{"start":{"line":33,"column":36},"end":{"line":45,"column":3}}]},"3":{"type":"branch","line":36,"loc":{"start":{"line":36,"column":46},"end":{"line":43,"column":5}},"locations":[{"start":{"line":36,"column":46},"end":{"line":43,"column":5}}]},"4":{"type":"branch","line":38,"loc":{"start":{"line":38,"column":26},"end":{"line":40,"column":13}},"locations":[{"start":{"line":38,"column":26},"end":{"line":40,"column":13}}]},"5":{"type":"branch","line":40,"loc":{"start":{"line":40,"column":6},"end":{"line":42,"column":7}},"locations":[{"start":{"line":40,"column":6},"end":{"line":42,"column":7}}]},"6":{"type":"branch","line":30,"loc":{"start":{"line":30,"column":40},"end":{"line":30,"column":53}},"locations":[{"start":{"line":30,"column":40},"end":{"line":30,"column":53}}]},"7":{"type":"branch","line":50,"loc":{"start":{"line":50,"column":0},"end":{"line":75,"column":1}},"locations":[{"start":{"line":50,"column":0},"end":{"line":75,"column":1}}]},"8":{"type":"branch","line":71,"loc":{"start":{"line":71,"column":35},"end":{"line":73,"column":3}},"locations":[{"start":{"line":71,"column":35},"end":{"line":73,"column":3}}]},"9":{"type":"branch","line":73,"loc":{"start":{"line":73,"column":2},"end":{"line":75,"column":1}},"locations":[{"start":{"line":73,"column":2},"end":{"line":75,"column":1}}]},"10":{"type":"branch","line":54,"loc":{"start":{"line":54,"column":16},"end":{"line":69,"column":4}},"locations":[{"start":{"line":54,"column":16},"end":{"line":69,"column":4}}]},"11":{"type":"branch","line":56,"loc":{"start":{"line":56,"column":27},"end":{"line":56,"column":34}},"locations":[{"start":{"line":56,"column":27},"end":{"line":56,"column":34}}]},"12":{"type":"branch","line":56,"loc":{"start":{"line":56,"column":27},"end":{"line":57,"column":31}},"locations":[{"start":{"line":56,"column":27},"end":{"line":57,"column":31}}]},"13":{"type":"branch","line":57,"loc":{"start":{"line":57,"column":31},"end":{"line":59,"column":5}},"locations":[{"start":{"line":57,"column":31},"end":{"line":59,"column":5}}]},"14":{"type":"branch","line":59,"loc":{"start":{"line":59,"column":4},"end":{"line":66,"column":5}},"locations":[{"start":{"line":59,"column":4},"end":{"line":66,"column":5}}]},"15":{"type":"branch","line":63,"loc":{"start":{"line":63,"column":35},"end":{"line":65,"column":7}},"locations":[{"start":{"line":63,"column":35},"end":{"line":65,"column":7}}]},"16":{"type":"branch","line":65,"loc":{"start":{"line":65,"column":6},"end":{"line":66,"column":5}},"locations":[{"start":{"line":65,"column":6},"end":{"line":66,"column":5}}]},"17":{"type":"branch","line":66,"loc":{"start":{"line":66,"column":4},"end":{"line":68,"column":21}},"locations":[{"start":{"line":66,"column":4},"end":{"line":68,"column":21}}]}},"b":{"0":[1],"1":[48],"2":[58],"3":[58],"4":[11],"5":[47],"6":[58],"7":[48],"8":[57],"9":[47],"10":[68],"11":[9],"12":[59],"13":[1],"14":[58],"15":[11],"16":[56],"17":[56]},"fnMap":{"0":{"name":"GraphError","decl":{"start":{"line":23,"column":2},"end":{"line":26,"column":3}},"loc":{"start":{"line":23,"column":2},"end":{"line":26,"column":3}},"line":23},"1":{"name":"buildGraph","decl":{"start":{"line":29,"column":7},"end":{"line":48,"column":1}},"loc":{"start":{"line":29,"column":7},"end":{"line":48,"column":1}},"line":29},"2":{"name":"topoSort","decl":{"start":{"line":50,"column":0},"end":{"line":75,"column":1}},"loc":{"start":{"line":50,"column":0},"end":{"line":75,"column":1}},"line":50},"3":{"name":"visit","decl":{"start":{"line":54,"column":16},"end":{"line":69,"column":4}},"loc":{"start":{"line":54,"column":16},"end":{"line":69,"column":4}},"line":54}},"f":{"0":1,"1":48,"2":48,"3":68}}
,"C:\\Users\\khoiv\\OneDrive\\Documents\\Code\\Makedown\\packages\\engine\\src\\hash.ts": {"path":"C:\\Users\\khoiv\\OneDrive\\Documents\\Code\\Makedown\\packages\\engine\\src\\hash.ts","all":false,"statementMap":{"0":{"start":{"line":1,"column":0},"end":{"line":1,"column":3}},"8":{"start":{"line":9,"column":0},"end":{"line":9,"column":59}},"9":{"start":{"line":10,"column":0},"end":{"line":10,"column":69}},"10":{"start":{"line":11,"column":0},"end":{"line":11,"column":1}},"13":{"start":{"line":14,"column":0},"end":{"line":14,"column":55}},"14":{"start":{"line":15,"column":0},"end":{"line":15,"column":41}},"15":{"start":{"line":16,"column":0},"end":{"line":16,"column":1}},"17":{"start":{"line":18,"column":0},"end":{"line":18,"column":44}},"18":{"start":{"line":19,"column":0},"end":{"line":19,"column":29}},"19":{"start":{"line":20,"column":0},"end":{"line":20,"column":31}},"20":{"start":{"line":21,"column":0},"end":{"line":21,"column":3}},"21":{"start":{"line":22,"column":0},"end":{"line":22,"column":52}},"22":{"start":{"line":23,"column":0},"end":{"line":23,"column":44}},"23":{"start":{"line":24,"column":0},"end":{"line":24,"column":77}},"24":{"start":{"line":25,"column":0},"end":{"line":25,"column":67}},"25":{"start":{"line":26,"column":0},"end":{"line":26,"column":5}},"26":{"start":{"line":27,"column":0},"end":{"line":27,"column":15}},"27":{"start":{"line":28,"column":0},"end":{"line":28,"column":3}},"28":{"start":{"line":29,"column":0},"end":{"line":29,"column":15}},"29":{"start":{"line":30,"column":0},"end":{"line":30,"column":1}},"36":{"start":{"line":37,"column":0},"end":{"line":37,"column":73}},"37":{"start":{"line":38,"column":0},"end":{"line":38,"column":10}},"38":{"start":{"line":39,"column":0},"end":{"line":39,"column":31}},"39":{"start":{"line":40,"column":0},"end":{"line":40,"column":22}},"40":{"start":{"line":41,"column":0},"end":{"line":41,"column":34}},"41":{"start":{"line":42,"column":0},"end":{"line":42,"column":24}},"42":{"start":{"line":43,"column":0},"end":{"line":43,"column":32}},"43":{"start":{"line":44,"column":0},"end":{"line":44,"column":28}},"44":{"start":{"line":45,"column":0},"end":{"line":45,"column":40}},"45":{"start":{"line":46,"column":0},"end":{"line":46,"column":30}},"46":{"start":{"line":47,"column":0},"end":{"line":47,"column":34}},"47":{"start":{"line":48,"column":0},"end":{"line":48,"column":4}},"48":{"start":{"line":49,"column":0},"end":{"line":49,"column":1}},"68":{"start":{"line":69,"column":0},"end":{"line":69,"column":102}},"69":{"start":{"line":70,"column":0},"end":{"line":70,"column":20}},"70":{"start":{"line":71,"column":0},"end":{"line":71,"column":36}},"71":{"start":{"line":72,"column":0},"end":{"line":72,"column":43}},"72":{"start":{"line":73,"column":0},"end":{"line":73,"column":9}},"73":{"start":{"line":74,"column":0},"end":{"line":74,"column":23}},"74":{"start":{"line":75,"column":0},"end":{"line":75,"column":33}},"75":{"start":{"line":76,"column":0},"end":{"line":76,"column":4}},"76":{"start":{"line":77,"column":0},"end":{"line":77,"column":42}},"77":{"start":{"line":78,"column":0},"end":{"line":78,"column":58}},"78":{"start":{"line":79,"column":0},"end":{"line":79,"column":3}},"79":{"start":{"line":80,"column":0},"end":{"line":80,"column":40}},"80":{"start":{"line":81,"column":0},"end":{"line":81,"column":1}}},"s":{"0":1,"8":1,"9":168,"10":168,"13":1,"14":212,"15":212,"17":1045,"18":1045,"19":142,"20":142,"21":1045,"22":204,"23":204,"24":691,"25":691,"26":204,"27":204,"28":699,"29":699,"36":66,"37":66,"38":66,"39":66,"40":66,"41":66,"42":66,"43":66,"44":66,"45":66,"46":66,"47":66,"48":66,"68":1,"69":66,"70":66,"71":66,"72":66,"73":66,"74":66,"75":66,"76":66,"77":10,"78":10,"79":66,"80":66},"branchMap":{"0":{"type":"branch","line":9,"loc":{"start":{"line":9,"column":7},"end":{"line":11,"column":1}},"locations":[{"start":{"line":9,"column":7},"end":{"line":11,"column":1}}]},"1":{"type":"branch","line":14,"loc":{"start":{"line":14,"column":7},"end":{"line":16,"column":1}},"locations":[{"start":{"line":14,"column":7},"end":{"line":16,"column":1}}]},"2":{"type":"branch","line":18,"loc":{"start":{"line":18,"column":0},"end":{"line":30,"column":1}},"locations":[{"start":{"line":18,"column":0},"end":{"line":30,"column":1}}]},"3":{"type":"branch","line":19,"loc":{"start":{"line":19,"column":28},"end":{"line":21,"column":3}},"locations":[{"start":{"line":19,"column":28},"end":{"line":21,"column":3}}]},"4":{"type":"branch","line":21,"loc":{"start":{"line":21,"column":2},"end":{"line":22,"column":24}},"locations":[{"start":{"line":21,"column":2},"end":{"line":22,"column":24}}]},"5":{"type":"branch","line":22,"loc":{"start":{"line":22,"column":16},"end":{"line":22,"column":51}},"locations":[{"start":{"line":22,"column":16},"end":{"line":22,"column":51}}]},"6":{"type":"branch","line":22,"loc":{"start":{"line":22,"column":51},"end":{"line":28,"column":3}},"locations":[{"start":{"line":22,"column":51},"end":{"line":28,"column":3}}]},"7":{"type":"branch","line":24,"loc":{"start":{"line":24,"column":76},"end":{"line":26,"column":5}},"locations":[{"start":{"line":24,"column":76},"end":{"line":26,"column":5}}]},"8":{"type":"branch","line":28,"loc":{"start":{"line":28,"column":2},"end":{"line":30,"column":1}},"locations":[{"start":{"line":28,"column":2},"end":{"line":30,"column":1}}]},"9":{"type":"branch","line":37,"loc":{"start":{"line":37,"column":0},"end":{"line":49,"column":1}},"locations":[{"start":{"line":37,"column":0},"end":{"line":49,"column":1}}]},"10":{"type":"branch","line":41,"loc":{"start":{"line":41,"column":19},"end":{"line":41,"column":34}},"locations":[{"start":{"line":41,"column":19},"end":{"line":41,"column":34}}]},"11":{"type":"branch","line":43,"loc":{"start":{"line":43,"column":18},"end":{"line":43,"column":32}},"locations":[{"start":{"line":43,"column":18},"end":{"line":43,"column":32}}]},"12":{"type":"branch","line":45,"loc":{"start":{"line":45,"column":22},"end":{"line":45,"column":40}},"locations":[{"start":{"line":45,"column":22},"end":{"line":45,"column":40}}]},"13":{"type":"branch","line":46,"loc":{"start":{"line":46,"column":17},"end":{"line":46,"column":30}},"locations":[{"start":{"line":46,"column":17},"end":{"line":46,"column":30}}]},"14":{"type":"branch","line":47,"loc":{"start":{"line":47,"column":19},"end":{"line":47,"column":34}},"locations":[{"start":{"line":47,"column":19},"end":{"line":47,"column":34}}]},"15":{"type":"branch","line":69,"loc":{"start":{"line":69,"column":7},"end":{"line":81,"column":1}},"locations":[{"start":{"line":69,"column":7},"end":{"line":81,"column":1}}]},"16":{"type":"branch","line":74,"loc":{"start":{"line":74,"column":11},"end":{"line":74,"column":23}},"locations":[{"start":{"line":74,"column":11},"end":{"line":74,"column":23}}]},"17":{"type":"branch","line":77,"loc":{"start":{"line":77,"column":6},"end":{"line":77,"column":41}},"locations":[{"start":{"line":77,"column":6},"end":{"line":77,"column":41}}]},"18":{"type":"branch","line":77,"loc":{"start":{"line":77,"column":41},"end":{"line":79,"column":3}},"locations":[{"start":{"line":77,"column":41},"end":{"line":79,"column":3}}]}},"b":{"0":[168],"1":[212],"2":[1045],"3":[142],"4":[903],"5":[594],"6":[204],"7":[691],"8":[699],"9":[66],"10":[65],"11":[65],"12":[56],"13":[59],"14":[64],"15":[66],"16":[11],"17":[10],"18":[10]},"fnMap":{"0":{"name":"sha256","decl":{"start":{"line":9,"column":7},"end":{"line":11,"column":1}},"loc":{"start":{"line":9,"column":7},"end":{"line":11,"column":1}},"line":9},"1":{"name":"canonicalJson","decl":{"start":{"line":14,"column":7},"end":{"line":16,"column":1}},"loc":{"start":{"line":14,"column":7},"end":{"line":16,"column":1}},"line":14},"2":{"name":"sortDeep","decl":{"start":{"line":18,"column":0},"end":{"line":30,"column":1}},"loc":{"start":{"line":18,"column":0},"end":{"line":30,"column":1}},"line":18},"3":{"name":"normalizeHeader","decl":{"start":{"line":37,"column":0},"end":{"line":49,"column":1}},"loc":{"start":{"line":37,"column":0},"end":{"line":49,"column":1}},"line":37},"4":{"name":"computeIdentityHash","decl":{"start":{"line":69,"column":7},"end":{"line":81,"column":1}},"loc":{"start":{"line":69,"column":7},"end":{"line":81,"column":1}},"line":69}},"f":{"0":168,"1":212,"2":1045,"3":66,"4":66}}
,"C:\\Users\\khoiv\\OneDrive\\Documents\\Code\\Makedown\\packages\\engine\\src\\index.ts": {"path":"C:\\Users\\khoiv\\OneDrive\\Documents\\Code\\Makedown\\packages\\engine\\src\\index.ts","all":true,"statementMap":{"0":{"start":{"line":1,"column":0},"end":{"line":1,"column":91}}},"s":{"0":0},"branchMap":{"0":{"type":"branch","line":1,"loc":{"start":{"line":1,"column":513},"end":{"line":18,"column":20}},"locations":[{"start":{"line":1,"column":513},"end":{"line":18,"column":20}}]}},"b":{"0":[0]},"fnMap":{"0":{"name":"(empty-report)","decl":{"start":{"line":1,"column":513},"end":{"line":18,"column":20}},"loc":{"start":{"line":1,"column":513},"end":{"line":18,"column":20}},"line":1}},"f":{"0":0}}
}
