{"C:\\Users\\khoiv\\OneDrive\\Documents\\Code\\Makedown\\packages\\format\\src\\index.ts": {"path":"C:\\Users\\khoiv\\OneDrive\\Documents\\Code\\Makedown\\packages\\format\\src\\index.ts","all":true,"statementMap":{"0":{"start":{"line":1,"column":0},"end":{"line":1,"column":8}}},"s":{"0":0},"branchMap":{"0":{"type":"branch","line":1,"loc":{"start":{"line":1,"column":166},"end":{"line":8,"column":51}},"locations":[{"start":{"line":1,"column":166},"end":{"line":8,"column":51}}]}},"b":{"0":[0]},"fnMap":{"0":{"name":"(empty-report)","decl":{"start":{"line":1,"column":166},"end":{"line":8,"column":51}},"loc":{"start":{"line":1,"column":166},"end":{"line":8,"column":51}},"line":1}},"f":{"0":0}}
,"C:\\Users\\khoiv\\OneDrive\\Documents\\Code\\Makedown\\packages\\format\\src\\parse.ts": {"path":"C:\\Users\\khoiv\\OneDrive\\Documents\\Code\\Makedown\\packages\\format\\src\\parse.ts","all":false,"statementMap":{"0":{"start":{"line":1,"column":0},"end":{"line":1,"column":3}},"23":{"start":{"line":24,"column":0},"end":{"line":24,"column":47}},"24":{"start":{"line":25,"column":0},"end":{"line":25,"column":14}},"25":{"start":{"line":26,"column":0},"end":{"line":26,"column":20}},"26":{"start":{"line":27,"column":0},"end":{"line":27,"column":27}},"27":{"start":{"line":28,"column":0},"end":{"line":28,"column":5}},"28":{"start":{"line":29,"column":0},"end":{"line":29,"column":70}},"29":{"start":{"line":30,"column":0},"end":{"line":30,"column":37}},"30":{"start":{"line":31,"column":0},"end":{"line":31,"column":3}},"31":{"start":{"line":32,"column":0},"end":{"line":32,"column":1}},"33":{"start":{"line":34,"column":0},"end":{"line":34,"column":54}},"34":{"start":{"line":35,"column":0},"end":{"line":35,"column":24}},"35":{"start":{"line":36,"column":0},"end":{"line":36,"column":39}},"36":{"start":{"line":37,"column":0},"end":{"line":37,"column":41}},"39":{"start":{"line":40,"column":0},"end":{"line":40,"column":80}},"40":{"start":{"line":41,"column":0},"end":{"line":41,"column":37}},"41":{"start":{"line":42,"column":0},"end":{"line":42,"column":59}},"42":{"start":{"line":43,"column":0},"end":{"line":43,"column":60}},"43":{"start":{"line":44,"column":0},"end":{"line":44,"column":60}},"44":{"start":{"line":45,"column":0},"end":{"line":45,"column":29}},"45":{"start":{"line":46,"column":0},"end":{"line":46,"column":34}},"46":{"start":{"line":47,"column":0},"end":{"line":47,"column":1}},"48":{"start":{"line":49,"column":0},"end":{"line":49,"column":85}},"49":{"start":{"line":50,"column":0},"end":{"line":50,"column":36}},"50":{"start":{"line":51,"column":0},"end":{"line":51,"column":35}},"51":{"start":{"line":52,"column":0},"end":{"line":52,"column":26}},"52":{"start":{"line":53,"column":0},"end":{"line":53,"column":3}},"53":{"start":{"line":54,"column":0},"end":{"line":54,"column":42}},"54":{"start":{"line":55,"column":0},"end":{"line":55,"column":37}},"55":{"start":{"line":56,"column":0},"end":{"line":56,"column":14}},"56":{"start":{"line":57,"column":0},"end":{"line":57,"column":54}},"57":{"start":{"line":58,"column":0},"end":{"line":58,"column":44}},"58":{"start":{"line":59,"column":0},"end":{"line":59,"column":8}},"59":{"start":{"line":60,"column":0},"end":{"line":60,"column":5}},"60":{"start":{"line":61,"column":0},"end":{"line":61,"column":3}},"61":{"start":{"line":62,"column":0},"end":{"line":62,"column":87}},"62":{"start":{"line":63,"column":0},"end":{"line":63,"column":1}},"64":{"start":{"line":65,"column":0},"end":{"line":65,"column":70}},"65":{"start":{"line":66,"column":0},"end":{"line":66,"column":54}},"66":{"start":{"line":67,"column":0},"end":{"line":67,"column":62}},"67":{"start":{"line":68,"column":0},"end":{"line":68,"column":4}},"68":{"start":{"line":69,"column":0},"end":{"line":69,"column":10}},"69":{"start":{"line":70,"column":0},"end":{"line":70,"column":25}},"70":{"start":{"line":71,"column":0},"end":{"line":71,"column":26}},"71":{"start":{"line":72,"column":0},"end":{"line":72,"column":9}},"72":{"start":{"line":73,"column":0},"end":{"line":73,"column":36}},"73":{"start":{"line":74,"column":0},"end":{"line":74,"column":38}},"74":{"start":{"line":75,"column":0},"end":{"line":75,"column":87}},"75":{"start":{"line":76,"column":0},"end":{"line":76,"column":9}},"76":{"start":{"line":77,"column":0},"end":{"line":77,"column":18}},"77":{"start":{"line":78,"column":0},"end":{"line":78,"column":36}},"78":{"start":{"line":79,"column":0},"end":{"line":79,"column":32}},"79":{"start":{"line":80,"column":0},"end":{"line":80,"column":4}},"80":{"start":{"line":81,"column":0},"end":{"line":81,"column":1}},"89":{"start":{"line":90,"column":0},"end":{"line":90,"column":88}},"90":{"start":{"line":91,"column":0},"end":{"line":91,"column":36}},"91":{"start":{"line":92,"column":0},"end":{"line":92,"column":31}},"93":{"start":{"line":94,"column":0},"end":{"line":94,"column":12}},"94":{"start":{"line":95,"column":0},"end":{"line":95,"column":28}},"95":{"start":{"line":96,"column":0},"end":{"line":96,"column":59}},"96":{"start":{"line":97,"column":0},"end":{"line":97,"column":19}},"97":{"start":{"line":98,"column":0},"end":{"line":98,"column":10}},"98":{"start":{"line":99,"column":0},"end":{"line":99,"column":15}},"99":{"start":{"line":100,"column":0},"end":{"line":100,"column":5}},"100":{"start":{"line":101,"column":0},"end":{"line":101,"column":43}},"101":{"start":{"line":102,"column":0},"end":{"line":102,"column":30}},"102":{"start":{"line":103,"column":0},"end":{"line":103,"column":8}},"105":{"start":{"line":106,"column":0},"end":{"line":106,"column":67}},"106":{"start":{"line":107,"column":0},"end":{"line":107,"column":67}},"107":{"start":{"line":108,"column":0},"end":{"line":108,"column":35}},"108":{"start":{"line":109,"column":0},"end":{"line":109,"column":74}},"109":{"start":{"line":110,"column":0},"end":{"line":110,"column":20}},"110":{"start":{"line":111,"column":0},"end":{"line":111,"column":8}},"111":{"start":{"line":112,"column":0},"end":{"line":112,"column":5}},"112":{"start":{"line":113,"column":0},"end":{"line":113,"column":33}},"114":{"start":{"line":115,"column":0},"end":{"line":115,"column":24}},"115":{"start":{"line":116,"column":0},"end":{"line":116,"column":67}},"116":{"start":{"line":117,"column":0},"end":{"line":117,"column":28}},"117":{"start":{"line":118,"column":0},"end":{"line":118,"column":96}},"118":{"start":{"line":119,"column":0},"end":{"line":119,"column":5}},"119":{"start":{"line":120,"column":0},"end":{"line":120,"column":58}},"120":{"start":{"line":121,"column":0},"end":{"line":121,"column":33}},"123":{"start":{"line":124,"column":0},"end":{"line":124,"column":24}},"124":{"start":{"line":125,"column":0},"end":{"line":125,"column":76}},"125":{"start":{"line":126,"column":0},"end":{"line":126,"column":66}},"127":{"start":{"line":128,"column":0},"end":{"line":128,"column":64}},"128":{"start":{"line":129,"column":0},"end":{"line":129,"column":3}},"130":{"start":{"line":131,"column":0},"end":{"line":131,"column":59}},"131":{"start":{"line":132,"column":0},"end":{"line":132,"column":1}},"133":{"start":{"line":134,"column":0},"end":{"line":134,"column":87}},"134":{"start":{"line":135,"column":0},"end":{"line":135,"column":37}},"135":{"start":{"line":136,"column":0},"end":{"line":136,"column":33}},"136":{"start":{"line":137,"column":0},"end":{"line":137,"column":79}},"137":{"start":{"line":138,"column":0},"end":{"line":138,"column":22}},"138":{"start":{"line":139,"column":0},"end":{"line":139,"column":6}},"139":{"start":{"line":140,"column":0},"end":{"line":140,"column":3}},"141":{"start":{"line":142,"column":0},"end":{"line":142,"column":30}},"142":{"start":{"line":143,"column":0},"end":{"line":143,"column":7}},"143":{"start":{"line":144,"column":0},"end":{"line":144,"column":69}},"144":{"start":{"line":145,"column":0},"end":{"line":145,"column":17}},"145":{"start":{"line":146,"column":0},"end":{"line":146,"column":33}},"146":{"start":{"line":147,"column":0},"end":{"line":147,"column":81}},"147":{"start":{"line":148,"column":0},"end":{"line":148,"column":22}},"148":{"start":{"line":149,"column":0},"end":{"line":149,"column":6}},"149":{"start":{"line":150,"column":0},"end":{"line":150,"column":3}},"151":{"start":{"line":152,"column":0},"end":{"line":152,"column":53}},"153":{"start":{"line":154,"column":0},"end":{"line":154,"column":15}},"154":{"start":{"line":155,"column":0},"end":{"line":155,"column":75}},"155":{"start":{"line":156,"column":0},"end":{"line":156,"column":3}},"157":{"start":{"line":158,"column":0},"end":{"line":158,"column":52}},"158":{"start":{"line":159,"column":0},"end":{"line":159,"column":1}},"160":{"start":{"line":161,"column":0},"end":{"line":161,"column":91}},"161":{"start":{"line":162,"column":0},"end":{"line":162,"column":10}},"162":{"start":{"line":163,"column":0},"end":{"line":163,"column":23}},"163":{"start":{"line":164,"column":0},"end":{"line":164,"column":19}},"164":{"start":{"line":165,"column":0},"end":{"line":165,"column":43}},"165":{"start":{"line":166,"column":0},"end":{"line":166,"column":62}},"166":{"start":{"line":167,"column":0},"end":{"line":167,"column":58}},"167":{"start":{"line":168,"column":0},"end":{"line":168,"column":103}},"168":{"start":{"line":169,"column":0},"end":{"line":169,"column":21}},"169":{"start":{"line":170,"column":0},"end":{"line":170,"column":25}},"170":{"start":{"line":171,"column":0},"end":{"line":171,"column":27}},"171":{"start":{"line":172,"column":0},"end":{"line":172,"column":29}},"172":{"start":{"line":173,"column":0},"end":{"line":173,"column":19}},"173":{"start":{"line":174,"column":0},"end":{"line":174,"column":23}},"174":{"start":{"line":175,"column":0},"end":{"line":175,"column":4}},"175":{"start":{"line":176,"column":0},"end":{"line":176,"column":1}},"178":{"start":{"line":179,"column":0},"end":{"line":179,"column":46}},"179":{"start":{"line":180,"column":0},"end":{"line":180,"column":33}},"180":{"start":{"line":181,"column":0},"end":{"line":181,"column":50}},"181":{"start":{"line":182,"column":0},"end":{"line":182,"column":1}},"184":{"start":{"line":185,"column":0},"end":{"line":185,"column":52}},"185":{"start":{"line":186,"column":0},"end":{"line":186,"column":33}},"186":{"start":{"line":187,"column":0},"end":{"line":187,"column":46}},"187":{"start":{"line":188,"column":0},"end":{"line":188,"column":47}},"188":{"start":{"line":189,"column":0},"end":{"line":189,"column":3}},"189":{"start":{"line":190,"column":0},"end":{"line":190,"column":19}},"190":{"start":{"line":191,"column":0},"end":{"line":191,"column":1}},"192":{"start":{"line":193,"column":0},"end":{"line":193,"column":28}},"193":{"start":{"line":194,"column":0},"end":{"line":194,"column":15}},"194":{"start":{"line":195,"column":0},"end":{"line":195,"column":15}},"195":{"start":{"line":196,"column":0},"end":{"line":196,"column":28}},"196":{"start":{"line":197,"column":0},"end":{"line":197,"column":15}},"197":{"start":{"line":198,"column":0},"end":{"line":198,"column":9}},"198":{"start":{"line":199,"column":0},"end":{"line":199,"column":48}},"199":{"start":{"line":200,"column":0},"end":{"line":200,"column":39}},"200":{"start":{"line":201,"column":0},"end":{"line":201,"column":29}},"201":{"start":{"line":202,"column":0},"end":{"line":202,"column":35}},"202":{"start":{"line":203,"column":0},"end":{"line":203,"column":81}},"203":{"start":{"line":204,"column":0},"end":{"line":204,"column":13}},"204":{"start":{"line":205,"column":0},"end":{"line":205,"column":8}},"205":{"start":{"line":206,"column":0},"end":{"line":206,"column":5}},"206":{"start":{"line":207,"column":0},"end":{"line":207,"column":3}},"207":{"start":{"line":208,"column":0},"end":{"line":208,"column":1}},"209":{"start":{"line":210,"column":0},"end":{"line":210,"column":67}},"210":{"start":{"line":211,"column":0},"end":{"line":211,"column":33}},"211":{"start":{"line":212,"column":0},"end":{"line":212,"column":28}},"212":{"start":{"line":213,"column":0},"end":{"line":213,"column":27}},"213":{"start":{"line":214,"column":0},"end":{"line":214,"column":72}},"214":{"start":{"line":215,"column":0},"end":{"line":215,"column":5}},"215":{"start":{"line":216,"column":0},"end":{"line":216,"column":21}},"216":{"start":{"line":217,"column":0},"end":{"line":217,"column":3}},"217":{"start":{"line":218,"column":0},"end":{"line":218,"column":1}}},"s":{"0":1,"23":1,"24":1,"25":1,"26":1,"27":1,"28":1,"29":1,"30":1,"31":1,"33":1,"34":1,"35":1,"36":1,"39":1,"40":10,"41":10,"42":10,"43":10,"44":10,"45":10,"46":10,"48":10,"49":10,"50":10,"51":2,"52":2,"53":10,"54":47,"55":8,"56":8,"57":8,"58":8,"59":8,"60":47,"61":0,"62":0,"64":10,"65":10,"66":10,"67":10,"68":10,"69":10,"70":10,"71":7,"72":7,"73":7,"74":7,"75":7,"76":3,"77":10,"78":10,"79":10,"80":10,"89":10,"90":10,"91":10,"93":10,"94":10,"95":33,"96":33,"97":16,"98":16,"99":16,"100":33,"101":33,"102":33,"105":33,"106":33,"107":0,"108":0,"109":0,"110":0,"111":0,"112":17,"114":17,"115":33,"116":33,"117":0,"118":0,"119":17,"120":17,"123":17,"124":33,"125":17,"127":17,"128":17,"130":10,"131":10,"133":17,"134":17,"135":0,"136":0,"137":0,"138":0,"139":0,"141":17,"142":17,"143":17,"144":17,"145":0,"146":0,"147":0,"148":0,"149":0,"151":17,"153":17,"154":17,"155":17,"157":16,"158":16,"160":17,"161":17,"162":17,"163":17,"164":17,"165":17,"166":17,"167":17,"168":17,"169":17,"170":17,"171":17,"172":17,"173":17,"174":17,"175":17,"178":1,"179":37,"180":37,"181":37,"184":1,"185":18,"186":18,"187":20,"188":20,"189":18,"190":18,"192":17,"193":17,"194":17,"195":17,"196":17,"197":17,"198":17,"199":17,"200":18,"201":1,"202":1,"203":1,"204":1,"205":1,"206":18,"207":16,"209":9,"210":9,"211":9,"212":16,"213":0,"214":0,"215":16,"216":16,"217":9},"branchMap":{"0":{"type":"branch","line":25,"loc":{"start":{"line":25,"column":2},"end":{"line":31,"column":3}},"locations":[{"start":{"line":25,"column":2},"end":{"line":31,"column":3}}]},"1":{"type":"branch","line":29,"loc":{"start":{"line":29,"column":19},"end":{"line":29,"column":41}},"locations":[{"start":{"line":29,"column":19},"end":{"line":29,"column":41}}]},"2":{"type":"branch","line":40,"loc":{"start":{"line":40,"column":7},"end":{"line":47,"column":1}},"locations":[{"start":{"line":40,"column":7},"end":{"line":47,"column":1}}]},"3":{"type":"branch","line":49,"loc":{"start":{"line":49,"column":0},"end":{"line":63,"column":1}},"locations":[{"start":{"line":49,"column":0},"end":{"line":63,"column":1}}]},"4":{"type":"branch","line":51,"loc":{"start":{"line":51,"column":34},"end":{"line":53,"column":3}},"locations":[{"start":{"line":51,"column":34},"end":{"line":53,"column":3}}]},"5":{"type":"branch","line":53,"loc":{"start":{"line":53,"column":2},"end":{"line":54,"column":41}},"locations":[{"start":{"line":53,"column":2},"end":{"line":54,"column":41}}]},"6":{"type":"branch","line":54,"loc":{"start":{"line":54,"column":41},"end":{"line":61,"column":3}},"locations":[{"start":{"line":54,"column":41},"end":{"line":61,"column":3}}]},"7":{"type":"branch","line":55,"loc":{"start":{"line":55,"column":36},"end":{"line":60,"column":5}},"locations":[{"start":{"line":55,"column":36},"end":{"line":60,"column":5}}]},"8":{"type":"branch","line":61,"loc":{"start":{"line":61,"column":2},"end":{"line":63,"column":1}},"locations":[{"start":{"line":61,"column":2},"end":{"line":63,"column":1}}]},"9":{"type":"branch","line":65,"loc":{"start":{"line":65,"column":0},"end":{"line":81,"column":1}},"locations":[{"start":{"line":65,"column":0},"end":{"line":81,"column":1}}]},"10":{"type":"branch","line":67,"loc":{"start":{"line":67,"column":4},"end":{"line":67,"column":59}},"locations":[{"start":{"line":67,"column":4},"end":{"line":67,"column":59}}]},"11":{"type":"branch","line":67,"loc":{"start":{"line":67,"column":48},"end":{"line":67,"column":59}},"locations":[{"start":{"line":67,"column":48},"end":{"line":67,"column":59}}]},"12":{"type":"branch","line":67,"loc":{"start":{"line":67,"column":54},"end":{"line":67,"column":62}},"locations":[{"start":{"line":67,"column":54},"end":{"line":67,"column":62}}]},"13":{"type":"branch","line":71,"loc":{"start":{"line":71,"column":18},"end":{"line":76,"column":9}},"locations":[{"start":{"line":71,"column":18},"end":{"line":76,"column":9}}]},"14":{"type":"branch","line":75,"loc":{"start":{"line":75,"column":30},"end":{"line":75,"column":77}},"locations":[{"start":{"line":75,"column":30},"end":{"line":75,"column":77}}]},"15":{"type":"branch","line":75,"loc":{"start":{"line":75,"column":73},"end":{"line":75,"column":87}},"locations":[{"start":{"line":75,"column":73},"end":{"line":75,"column":87}}]},"16":{"type":"branch","line":76,"loc":{"start":{"line":76,"column":8},"end":{"line":77,"column":18}},"locations":[{"start":{"line":76,"column":8},"end":{"line":77,"column":18}}]},"17":{"type":"branch","line":90,"loc":{"start":{"line":90,"column":0},"end":{"line":132,"column":1}},"locations":[{"start":{"line":90,"column":0},"end":{"line":132,"column":1}}]},"18":{"type":"branch","line":95,"loc":{"start":{"line":95,"column":27},"end":{"line":129,"column":3}},"locations":[{"start":{"line":95,"column":27},"end":{"line":129,"column":3}}]},"19":{"type":"branch","line":96,"loc":{"start":{"line":96,"column":50},"end":{"line":96,"column":57}},"locations":[{"start":{"line":96,"column":50},"end":{"line":96,"column":57}}]},"20":{"type":"branch","line":97,"loc":{"start":{"line":97,"column":18},"end":{"line":100,"column":5}},"locations":[{"start":{"line":97,"column":18},"end":{"line":100,"column":5}}]},"21":{"type":"branch","line":100,"loc":{"start":{"line":100,"column":4},"end":{"line":101,"column":32}},"locations":[{"start":{"line":100,"column":4},"end":{"line":101,"column":32}}]},"22":{"type":"branch","line":101,"loc":{"start":{"line":101,"column":27},"end":{"line":101,"column":36}},"locations":[{"start":{"line":101,"column":27},"end":{"line":101,"column":36}}]},"23":{"type":"branch","line":106,"loc":{"start":{"line":106,"column":21},"end":{"line":106,"column":63}},"locations":[{"start":{"line":106,"column":21},"end":{"line":106,"column":63}}]},"24":{"type":"branch","line":106,"loc":{"start":{"line":106,"column":39},"end":{"line":106,"column":48}},"locations":[{"start":{"line":106,"column":39},"end":{"line":106,"column":48}}]},"25":{"type":"branch","line":106,"loc":{"start":{"line":106,"column":63},"end":{"line":106,"column":67}},"locations":[{"start":{"line":106,"column":63},"end":{"line":106,"column":67}}]},"26":{"type":"branch","line":106,"loc":{"start":{"line":106,"column":63},"end":{"line":107,"column":66}},"locations":[{"start":{"line":106,"column":63},"end":{"line":107,"column":66}}]},"27":{"type":"branch","line":107,"loc":{"start":{"line":107,"column":56},"end":{"line":107,"column":63}},"locations":[{"start":{"line":107,"column":56},"end":{"line":107,"column":63}}]},"28":{"type":"branch","line":107,"loc":{"start":{"line":107,"column":66},"end":{"line":112,"column":5}},"locations":[{"start":{"line":107,"column":66},"end":{"line":112,"column":5}}]},"29":{"type":"branch","line":112,"loc":{"start":{"line":112,"column":4},"end":{"line":116,"column":31}},"locations":[{"start":{"line":112,"column":4},"end":{"line":116,"column":31}}]},"30":{"type":"branch","line":116,"loc":{"start":{"line":116,"column":21},"end":{"line":116,"column":63}},"locations":[{"start":{"line":116,"column":21},"end":{"line":116,"column":63}}]},"31":{"type":"branch","line":116,"loc":{"start":{"line":116,"column":53},"end":{"line":116,"column":60}},"locations":[{"start":{"line":116,"column":53},"end":{"line":116,"column":60}}]},"32":{"type":"branch","line":116,"loc":{"start":{"line":116,"column":63},"end":{"line":116,"column":67}},"locations":[{"start":{"line":116,"column":63},"end":{"line":116,"column":67}}]},"33":{"type":"branch","line":116,"loc":{"start":{"line":116,"column":63},"end":{"line":117,"column":27}},"locations":[{"start":{"line":116,"column":63},"end":{"line":117,"column":27}}]},"34":{"type":"branch","line":117,"loc":{"start":{"line":117,"column":27},"end":{"line":119,"column":5}},"locations":[{"start":{"line":117,"column":27},"end":{"line":119,"column":5}}]},"35":{"type":"branch","line":119,"loc":{"start":{"line":119,"column":4},"end":{"line":125,"column":31}},"locations":[{"start":{"line":119,"column":4},"end":{"line":125,"column":31}}]},"36":{"type":"branch","line":125,"loc":{"start":{"line":125,"column":21},"end":{"line":125,"column":72}},"locations":[{"start":{"line":125,"column":21},"end":{"line":125,"column":72}}]},"37":{"type":"branch","line":125,"loc":{"start":{"line":125,"column":62},"end":{"line":125,"column":69}},"locations":[{"start":{"line":125,"column":62},"end":{"line":125,"column":69}}]},"38":{"type":"branch","line":125,"loc":{"start":{"line":125,"column":72},"end":{"line":125,"column":76}},"locations":[{"start":{"line":125,"column":72},"end":{"line":125,"column":76}}]},"39":{"type":"branch","line":125,"loc":{"start":{"line":125,"column":72},"end":{"line":129,"column":3}},"locations":[{"start":{"line":125,"column":72},"end":{"line":129,"column":3}}]},"40":{"type":"branch","line":131,"loc":{"start":{"line":131,"column":18},"end":{"line":131,"column":57}},"locations":[{"start":{"line":131,"column":18},"end":{"line":131,"column":57}}]},"41":{"type":"branch","line":134,"loc":{"start":{"line":134,"column":0},"end":{"line":159,"column":1}},"locations":[{"start":{"line":134,"column":0},"end":{"line":159,"column":1}}]},"42":{"type":"branch","line":135,"loc":{"start":{"line":135,"column":36},"end":{"line":140,"column":3}},"locations":[{"start":{"line":135,"column":36},"end":{"line":140,"column":3}}]},"43":{"type":"branch","line":144,"loc":{"start":{"line":144,"column":60},"end":{"line":144,"column":67}},"locations":[{"start":{"line":144,"column":60},"end":{"line":144,"column":67}}]},"44":{"type":"branch","line":145,"loc":{"start":{"line":145,"column":2},"end":{"line":150,"column":3}},"locations":[{"start":{"line":145,"column":2},"end":{"line":150,"column":3}}]},"45":{"type":"branch","line":156,"loc":{"start":{"line":156,"column":2},"end":{"line":159,"column":1}},"locations":[{"start":{"line":156,"column":2},"end":{"line":159,"column":1}}]},"46":{"type":"branch","line":161,"loc":{"start":{"line":161,"column":0},"end":{"line":176,"column":1}},"locations":[{"start":{"line":161,"column":0},"end":{"line":176,"column":1}}]},"47":{"type":"branch","line":165,"loc":{"start":{"line":165,"column":15},"end":{"line":165,"column":43}},"locations":[{"start":{"line":165,"column":15},"end":{"line":165,"column":43}}]},"48":{"type":"branch","line":165,"loc":{"start":{"line":165,"column":27},"end":{"line":165,"column":43}},"locations":[{"start":{"line":165,"column":27},"end":{"line":165,"column":43}}]},"49":{"type":"branch","line":166,"loc":{"start":{"line":166,"column":21},"end":{"line":166,"column":41}},"locations":[{"start":{"line":166,"column":21},"end":{"line":166,"column":41}}]},"50":{"type":"branch","line":166,"loc":{"start":{"line":166,"column":31},"end":{"line":166,"column":46}},"locations":[{"start":{"line":166,"column":31},"end":{"line":166,"column":46}}]},"51":{"type":"branch","line":167,"loc":{"start":{"line":167,"column":16},"end":{"line":167,"column":58}},"locations":[{"start":{"line":167,"column":16},"end":{"line":167,"column":58}}]},"52":{"type":"branch","line":168,"loc":{"start":{"line":168,"column":15},"end":{"line":168,"column":54}},"locations":[{"start":{"line":168,"column":15},"end":{"line":168,"column":54}}]},"53":{"type":"branch","line":168,"loc":{"start":{"line":168,"column":49},"end":{"line":168,"column":103}},"locations":[{"start":{"line":168,"column":49},"end":{"line":168,"column":103}}]},"54":{"type":"branch","line":168,"loc":{"start":{"line":168,"column":57},"end":{"line":168,"column":76}},"locations":[{"start":{"line":168,"column":57},"end":{"line":168,"column":76}}]},"55":{"type":"branch","line":168,"loc":{"start":{"line":168,"column":67},"end":{"line":168,"column":103}},"locations":[{"start":{"line":168,"column":67},"end":{"line":168,"column":103}}]},"56":{"type":"branch","line":179,"loc":{"start":{"line":179,"column":7},"end":{"line":182,"column":1}},"locations":[{"start":{"line":179,"column":7},"end":{"line":182,"column":1}}]},"57":{"type":"branch","line":181,"loc":{"start":{"line":181,"column":19},"end":{"line":181,"column":30}},"locations":[{"start":{"line":181,"column":19},"end":{"line":181,"column":30}}]},"58":{"type":"branch","line":181,"loc":{"start":{"line":181,"column":24},"end":{"line":181,"column":50}},"locations":[{"start":{"line":181,"column":24},"end":{"line":181,"column":50}}]},"59":{"type":"branch","line":185,"loc":{"start":{"line":185,"column":7},"end":{"line":191,"column":1}},"locations":[{"start":{"line":185,"column":7},"end":{"line":191,"column":1}}]},"60":{"type":"branch","line":187,"loc":{"start":{"line":187,"column":45},"end":{"line":189,"column":3}},"locations":[{"start":{"line":187,"column":45},"end":{"line":189,"column":3}}]},"61":{"type":"branch","line":188,"loc":{"start":{"line":188,"column":29},"end":{"line":188,"column":38}},"locations":[{"start":{"line":188,"column":29},"end":{"line":188,"column":38}}]},"62":{"type":"branch","line":193,"loc":{"start":{"line":193,"column":0},"end":{"line":208,"column":1}},"locations":[{"start":{"line":193,"column":0},"end":{"line":208,"column":1}}]},"63":{"type":"branch","line":200,"loc":{"start":{"line":200,"column":38},"end":{"line":207,"column":3}},"locations":[{"start":{"line":200,"column":38},"end":{"line":207,"column":3}}]},"64":{"type":"branch","line":201,"loc":{"start":{"line":201,"column":28},"end":{"line":206,"column":5}},"locations":[{"start":{"line":201,"column":28},"end":{"line":206,"column":5}}]},"65":{"type":"branch","line":207,"loc":{"start":{"line":207,"column":2},"end":{"line":208,"column":1}},"locations":[{"start":{"line":207,"column":2},"end":{"line":208,"column":1}}]},"66":{"type":"branch","line":210,"loc":{"start":{"line":210,"column":0},"end":{"line":218,"column":1}},"locations":[{"start":{"line":210,"column":0},"end":{"line":218,"column":1}}]},"67":{"type":"branch","line":212,"loc":{"start":{"line":212,"column":27},"end":{"line":217,"column":3}},"locations":[{"start":{"line":212,"column":27},"end":{"line":217,"column":3}}]},"68":{"type":"branch","line":213,"loc":{"start":{"line":213,"column":26},"end":{"line":215,"column":5}},"locations":[{"start":{"line":213,"column":26},"end":{"line":215,"column":5}}]}},"b":{"0":[1],"1":[0],"2":[10],"3":[10],"4":[2],"5":[8],"6":[47],"7":[8],"8":[0],"9":[10],"10":[8],"11":[0],"12":[2],"13":[7],"14":[2],"15":[5],"16":[3],"17":[10],"18":[33],"19":[0],"20":[16],"21":[17],"22":[0],"23":[17],"24":[0],"25":[0],"26":[17],"27":[0],"28":[0],"29":[17],"30":[94],"31":[0],"32":[77],"33":[17],"34":[0],"35":[17],"36":[41],"37":[0],"38":[34],"39":[17],"40":[17],"41":[17],"42":[0],"43":[0],"44":[0],"45":[16],"46":[17],"47":[12],"48":[9],"49":[12],"50":[5],"51":[11],"52":[14],"53":[3],"54":[1],"55":[2],"56":[37],"57":[36],"58":[1],"59":[18],"60":[20],"61":[0],"62":[17],"63":[18],"64":[1],"65":[16],"66":[9],"67":[16],"68":[0]},"fnMap":{"0":{"name":"BuildDocParseError","decl":{"start":{"line":25,"column":2},"end":{"line":31,"column":3}},"loc":{"start":{"line":25,"column":2},"end":{"line":31,"column":3}},"line":25},"1":{"name":"parseBuildDoc","decl":{"start":{"line":40,"column":7},"end":{"line":47,"column":1}},"loc":{"start":{"line":40,"column":7},"end":{"line":47,"column":1}},"line":40},"2":{"name":"splitFrontMatter","decl":{"start":{"line":49,"column":0},"end":{"line":63,"column":1}},"loc":{"start":{"line":49,"column":0},"end":{"line":63,"column":1}},"line":49},"3":{"name":"normalizeFrontMatter","decl":{"start":{"line":65,"column":0},"end":{"line":81,"column":1}},"loc":{"start":{"line":65,"column":0},"end":{"line":81,"column":1}},"line":65},"4":{"name":"extractTargets","decl":{"start":{"line":90,"column":0},"end":{"line":132,"column":1}},"loc":{"start":{"line":90,"column":0},"end":{"line":132,"column":1}},"line":90},"5":{"name":"toTargetBlock","decl":{"start":{"line":134,"column":0},"end":{"line":159,"column":1}},"loc":{"start":{"line":134,"column":0},"end":{"line":159,"column":1}},"line":134},"6":{"name":"mergeDefaults","decl":{"start":{"line":161,"column":0},"end":{"line":176,"column":1}},"loc":{"start":{"line":161,"column":0},"end":{"line":176,"column":1}},"line":161},"7":{"name":"bareRef","decl":{"start":{"line":179,"column":7},"end":{"line":182,"column":1}},"loc":{"start":{"line":179,"column":7},"end":{"line":182,"column":1}},"line":179},"8":{"name":"refsInBody","decl":{"start":{"line":185,"column":7},"end":{"line":191,"column":1}},"loc":{"start":{"line":185,"column":7},"end":{"line":191,"column":1}},"line":185},"9":{"name":"assertRefsDeclared","decl":{"start":{"line":193,"column":0},"end":{"line":208,"column":1}},"loc":{"start":{"line":193,"column":0},"end":{"line":208,"column":1}},"line":193},"10":{"name":"assertUniqueNames","decl":{"start":{"line":210,"column":0},"end":{"line":218,"column":1}},"loc":{"start":{"line":210,"column":0},"end":{"line":218,"column":1}},"line":210}},"f":{"0":1,"1":10,"2":10,"3":10,"4":10,"5":17,"6":17,"7":37,"8":18,"9":17,"10":9}}
,"C:\\Users\\khoiv\\OneDrive\\Documents\\Code\\Makedown\\packages\\format\\src\\serialize.ts": {"path":"C:\\Users\\khoiv\\OneDrive\\Documents\\Code\\Makedown\\packages\\format\\src\\serialize.ts","all":false,"statementMap":{"0":{"start":{"line":1,"column":0},"end":{"line":1,"column":3}},"13":{"start":{"line":14,"column":0},"end":{"line":14,"column":58}},"14":{"start":{"line":15,"column":0},"end":{"line":15,"column":29}},"15":{"start":{"line":16,"column":0},"end":{"line":16,"column":51}},"16":{"start":{"line":17,"column":0},"end":{"line":17,"column":25}},"17":{"start":{"line":18,"column":0},"end":{"line":18,"column":37}},"18":{"start":{"line":19,"column":0},"end":{"line":19,"column":40}},"19":{"start":{"line":20,"column":0},"end":{"line":20,"column":3}},"20":{"start":{"line":21,"column":0},"end":{"line":21,"column":35}},"21":{"start":{"line":22,"column":0},"end":{"line":22,"column":1}},"23":{"start":{"line":24,"column":0},"end":{"line":24,"column":68}},"24":{"start":{"line":25,"column":0},"end":{"line":25,"column":42}},"25":{"start":{"line":26,"column":0},"end":{"line":26,"column":46}},"26":{"start":{"line":27,"column":0},"end":{"line":27,"column":20}},"27":{"start":{"line":28,"column":0},"end":{"line":28,"column":49}},"28":{"start":{"line":29,"column":0},"end":{"line":29,"column":65}},"29":{"start":{"line":30,"column":0},"end":{"line":30,"column":68}},"30":{"start":{"line":31,"column":0},"end":{"line":31,"column":86}},"31":{"start":{"line":32,"column":0},"end":{"line":32,"column":31}},"32":{"start":{"line":33,"column":0},"end":{"line":33,"column":3}},"33":{"start":{"line":34,"column":0},"end":{"line":34,"column":41}},"34":{"start":{"line":35,"column":0},"end":{"line":35,"column":37}},"35":{"start":{"line":36,"column":0},"end":{"line":36,"column":53}},"36":{"start":{"line":37,"column":0},"end":{"line":37,"column":1}},"38":{"start":{"line":39,"column":0},"end":{"line":39,"column":55}},"39":{"start":{"line":40,"column":0},"end":{"line":40,"column":26}},"40":{"start":{"line":41,"column":0},"end":{"line":41,"column":77}},"41":{"start":{"line":42,"column":0},"end":{"line":42,"column":41}},"42":{"start":{"line":43,"column":0},"end":{"line":43,"column":68}},"43":{"start":{"line":44,"column":0},"end":{"line":44,"column":30}},"44":{"start":{"line":45,"column":0},"end":{"line":45,"column":49}},"45":{"start":{"line":46,"column":0},"end":{"line":46,"column":41}},"46":{"start":{"line":47,"column":0},"end":{"line":47,"column":62}},"47":{"start":{"line":48,"column":0},"end":{"line":48,"column":61}},"48":{"start":{"line":49,"column":0},"end":{"line":49,"column":53}},"49":{"start":{"line":50,"column":0},"end":{"line":50,"column":38}},"50":{"start":{"line":51,"column":0},"end":{"line":51,"column":44}},"52":{"start":{"line":53,"column":0},"end":{"line":53,"column":47}},"53":{"start":{"line":54,"column":0},"end":{"line":54,"column":82}},"54":{"start":{"line":55,"column":0},"end":{"line":55,"column":1}}},"s":{"0":1,"13":1,"14":3,"15":3,"16":3,"17":3,"18":5,"19":5,"20":3,"21":3,"23":3,"24":3,"25":3,"26":3,"27":2,"28":2,"29":2,"30":2,"31":2,"32":2,"33":3,"34":3,"35":3,"36":3,"38":5,"39":5,"40":5,"41":5,"42":5,"43":5,"44":5,"45":5,"46":5,"47":5,"48":5,"49":5,"50":5,"52":5,"53":5,"54":5},"branchMap":{"0":{"type":"branch","line":14,"loc":{"start":{"line":14,"column":7},"end":{"line":22,"column":1}},"locations":[{"start":{"line":14,"column":7},"end":{"line":22,"column":1}}]},"1":{"type":"branch","line":18,"loc":{"start":{"line":18,"column":36},"end":{"line":20,"column":3}},"locations":[{"start":{"line":18,"column":36},"end":{"line":20,"column":3}}]},"2":{"type":"branch","line":24,"loc":{"start":{"line":24,"column":0},"end":{"line":37,"column":1}},"locations":[{"start":{"line":24,"column":0},"end":{"line":37,"column":1}}]},"3":{"type":"branch","line":26,"loc":{"start":{"line":26,"column":18},"end":{"line":26,"column":46}},"locations":[{"start":{"line":26,"column":18},"end":{"line":26,"column":46}}]},"4":{"type":"branch","line":27,"loc":{"start":{"line":27,"column":19},"end":{"line":33,"column":3}},"locations":[{"start":{"line":27,"column":19},"end":{"line":33,"column":3}}]},"5":{"type":"branch","line":31,"loc":{"start":{"line":31,"column":27},"end":{"line":31,"column":86}},"locations":[{"start":{"line":31,"column":27},"end":{"line":31,"column":86}}]},"6":{"type":"branch","line":39,"loc":{"start":{"line":39,"column":0},"end":{"line":55,"column":1}},"locations":[{"start":{"line":39,"column":0},"end":{"line":55,"column":1}}]},"7":{"type":"branch","line":42,"loc":{"start":{"line":42,"column":15},"end":{"line":42,"column":41}},"locations":[{"start":{"line":42,"column":15},"end":{"line":42,"column":41}}]},"8":{"type":"branch","line":43,"loc":{"start":{"line":43,"column":40},"end":{"line":43,"column":68}},"locations":[{"start":{"line":43,"column":40},"end":{"line":43,"column":68}}]},"9":{"type":"branch","line":46,"loc":{"start":{"line":46,"column":15},"end":{"line":46,"column":41}},"locations":[{"start":{"line":46,"column":15},"end":{"line":46,"column":41}}]},"10":{"type":"branch","line":47,"loc":{"start":{"line":47,"column":32},"end":{"line":47,"column":62}},"locations":[{"start":{"line":47,"column":32},"end":{"line":47,"column":62}}]},"11":{"type":"branch","line":48,"loc":{"start":{"line":48,"column":29},"end":{"line":48,"column":61}},"locations":[{"start":{"line":48,"column":29},"end":{"line":48,"column":61}}]},"12":{"type":"branch","line":49,"loc":{"start":{"line":49,"column":19},"end":{"line":49,"column":53}},"locations":[{"start":{"line":49,"column":19},"end":{"line":49,"column":53}}]},"13":{"type":"branch","line":50,"loc":{"start":{"line":50,"column":14},"end":{"line":50,"column":38}},"locations":[{"start":{"line":50,"column":14},"end":{"line":50,"column":38}}]},"14":{"type":"branch","line":51,"loc":{"start":{"line":51,"column":16},"end":{"line":51,"column":44}},"locations":[{"start":{"line":51,"column":16},"end":{"line":51,"column":44}}]}},"b":{"0":[3],"1":[5],"2":[3],"3":[1],"4":[2],"5":[1],"6":[5],"7":[4],"8":[4],"9":[1],"10":[1],"11":[1],"12":[0],"13":[0],"14":[0]},"fnMap":{"0":{"name":"serializeBuildDoc","decl":{"start":{"line":14,"column":7},"end":{"line":22,"column":1}},"loc":{"start":{"line":14,"column":7},"end":{"line":22,"column":1}},"line":14},"1":{"name":"serializeFrontMatter","decl":{"start":{"line":24,"column":0},"end":{"line":37,"column":1}},"loc":{"start":{"line":24,"column":0},"end":{"line":37,"column":1}},"line":24},"2":{"name":"serializeTarget","decl":{"start":{"line":39,"column":0},"end":{"line":55,"column":1}},"loc":{"start":{"line":39,"column":0},"end":{"line":55,"column":1}},"line":39}},"f":{"0":3,"1":3,"2":5}}
}
